java -cp /home/ubuntu/CockroachDB-ycsb/postgresql-42.2.2.jar:/home/ubuntu/CockroachDB-ycsb/ycsb/jdbc-binding/conf:/home/ubuntu/CockroachDB-ycsb/ycsb/conf:/home/ubuntu/CockroachDB-ycsb/ycsb/lib/openjpa-jdbc-2.1.1.jar:/home/ubuntu/CockroachDB-ycsb/ycsb/lib/serp-1.13.1.jar:/home/ubuntu/CockroachDB-ycsb/ycsb/lib/commons-collections-3.2.1.jar:/home/ubuntu/CockroachDB-ycsb/ycsb/lib/commons-lang-2.4.jar:/home/ubuntu/CockroachDB-ycsb/ycsb/lib/core-0.12.0.jar:/home/ubuntu/CockroachDB-ycsb/ycsb/lib/commons-pool-1.5.4.jar:/home/ubuntu/CockroachDB-ycsb/ycsb/lib/geronimo-jta_1.1_spec-1.1.1.jar:/home/ubuntu/CockroachDB-ycsb/ycsb/lib/openjpa-lib-2.1.1.jar:/home/ubuntu/CockroachDB-ycsb/ycsb/lib/jackson-mapper-asl-1.9.4.jar:/home/ubuntu/CockroachDB-ycsb/ycsb/lib/openjpa-kernel-2.1.1.jar:/home/ubuntu/CockroachDB-ycsb/ycsb/lib/jackson-core-asl-1.9.4.jar:/home/ubuntu/CockroachDB-ycsb/ycsb/lib/HdrHistogram-2.1.4.jar:/home/ubuntu/CockroachDB-ycsb/ycsb/lib/htrace-core4-4.1.0-incubating.jar:/home/ubuntu/CockroachDB-ycsb/ycsb/lib/jdbc-binding-0.12.0.jar:/home/ubuntu/CockroachDB-ycsb/ycsb/lib/geronimo-jms_1.1_spec-1.1.1.jar com.yahoo.ycsb.Client -db com.yahoo.ycsb.db.JdbcDBClient -P /home/ubuntu/CockroachDB-ycsb/workloads/workload50 -P /home/ubuntu/CockroachDB-ycsb/cockroachdb.properties -threads 7 -p db.url=jdbc:postgresql://172.31.14.79:26257/test -p measurementtype=histogram -p histogram.buckets=25 -p operationcount=300000 -t
YCSB Client 0.12.0
Command line: -db com.yahoo.ycsb.db.JdbcDBClient -P /home/ubuntu/CockroachDB-ycsb/workloads/workload50 -P /home/ubuntu/CockroachDB-ycsb/cockroachdb.properties -threads 7 -p db.url=jdbc:postgresql://172.31.14.79:26257/test -p measurementtype=histogram -p histogram.buckets=25 -p operationcount=300000 -t
Loading workload...
Starting test.
Adding shard node URL: jdbc:postgresql://172.31.14.79:26257/test
Adding shard node URL: jdbc:postgresql://172.31.14.79:26257/test
Adding shard node URL: jdbc:postgresql://172.31.14.79:26257/test
Adding shard node URL: jdbc:postgresql://172.31.14.79:26257/test
Adding shard node URL: jdbc:postgresql://172.31.14.79:26257/test
Adding shard node URL: jdbc:postgresql://172.31.14.79:26257/test
Adding shard node URL: jdbc:postgresql://172.31.14.79:26257/test
Using shards: 1, batchSize:-1, fetchSize: -1
DBWrapper: report latency for each error is false and specific error codes to track for latency are: []
Using shards: 1, batchSize:-1, fetchSize: -1
DBWrapper: report latency for each error is false and specific error codes to track for latency are: []
Using shards: 1, batchSize:-1, fetchSize: -1
DBWrapper: report latency for each error is false and specific error codes to track for latency are: []
Using shards: 1, batchSize:-1, fetchSize: -1
DBWrapper: report latency for each error is false and specific error codes to track for latency are: []
Using shards: 1, batchSize:-1, fetchSize: -1
DBWrapper: report latency for each error is false and specific error codes to track for latency are: []
Using shards: 1, batchSize:-1, fetchSize: -1
DBWrapper: report latency for each error is false and specific error codes to track for latency are: []
Using shards: 1, batchSize:-1, fetchSize: -1
DBWrapper: report latency for each error is false and specific error codes to track for latency are: []
[OVERALL], RunTime(ms), 586664.0
[OVERALL], Throughput(ops/sec), 511.36596075436705
[TOTAL_GCS_PS_Scavenge], Count, 19.0
[TOTAL_GC_TIME_PS_Scavenge], Time(ms), 25.0
[TOTAL_GC_TIME_%_PS_Scavenge], Time(%), 0.004261383006286392
[TOTAL_GCS_PS_MarkSweep], Count, 0.0
[TOTAL_GC_TIME_PS_MarkSweep], Time(ms), 0.0
[TOTAL_GC_TIME_%_PS_MarkSweep], Time(%), 0.0
[TOTAL_GCs], Count, 19.0
[TOTAL_GC_TIME], Time(ms), 25.0
[TOTAL_GC_TIME_%], Time(%), 0.004261383006286392
[READ], Operations, 150129
[READ], AverageLatency(us), 4303.6351670896365
[READ], LatencyVariance(us), 6.381335317955183E8
[READ], MinLatency(us), 325
[READ], MaxLatency(us), 2135838
[READ], 95thPercentileLatency(us), 3000
[READ], Return=OK, 150129
[READ], 0, 43383
[READ], 1, 76786
[READ], 2, 20266
[READ], 3, 2833
[READ], 4, 894
[READ], 5, 463
[READ], 6, 301
[READ], 7, 204
[READ], 8, 132
[READ], 9, 83
[READ], 10, 51
[READ], 11, 34
[READ], 12, 28
[READ], 13, 27
[READ], 14, 32
[READ], 15, 29
[READ], 16, 58
[READ], 17, 56
[READ], 18, 50
[READ], 19, 35
[READ], 20, 12
[READ], 21, 23
[READ], 22, 18
[READ], 23, 17
[READ], 24, 18
[READ], >25, 4296
[CLEANUP], Operations, 7
[CLEANUP], AverageLatency(us), 93.28571428571429
[CLEANUP], LatencyVariance(us), 6345.918367346938
[CLEANUP], MinLatency(us), 51
[CLEANUP], MaxLatency(us), 287
[CLEANUP], 95thPercentileLatency(us), 0
[CLEANUP], 99thPercentileLatency(us), 0
[CLEANUP], 0, 7
[CLEANUP], 1, 0
[CLEANUP], 2, 0
[CLEANUP], 3, 0
[CLEANUP], 4, 0
[CLEANUP], 5, 0
[CLEANUP], 6, 0
[CLEANUP], 7, 0
[CLEANUP], 8, 0
[CLEANUP], 9, 0
[CLEANUP], 10, 0
[CLEANUP], 11, 0
[CLEANUP], 12, 0
[CLEANUP], 13, 0
[CLEANUP], 14, 0
[CLEANUP], 15, 0
[CLEANUP], 16, 0
[CLEANUP], 17, 0
[CLEANUP], 18, 0
[CLEANUP], 19, 0
[CLEANUP], 20, 0
[CLEANUP], 21, 0
[CLEANUP], 22, 0
[CLEANUP], 23, 0
[CLEANUP], 24, 0
[CLEANUP], >25, 0
[UPDATE], Operations, 149871
[UPDATE], AverageLatency(us), 22974.274309239277
[UPDATE], LatencyVariance(us), 1.6722349618815662E10
[UPDATE], MinLatency(us), 929
[UPDATE], MaxLatency(us), 5282477
[UPDATE], 95thPercentileLatency(us), 9000
[UPDATE], Return=OK, 149871
[UPDATE], 0, 156
[UPDATE], 1, 22096
[UPDATE], 2, 29554
[UPDATE], 3, 12195
[UPDATE], 4, 51844
[UPDATE], 5, 16736
[UPDATE], 6, 5287
[UPDATE], 7, 2432
[UPDATE], 8, 1366
[UPDATE], 9, 761
[UPDATE], 10, 541
[UPDATE], 11, 356
[UPDATE], 12, 276
[UPDATE], 13, 202
[UPDATE], 14, 142
[UPDATE], 15, 101
[UPDATE], 16, 91
[UPDATE], 17, 89
[UPDATE], 18, 56
[UPDATE], 19, 74
[UPDATE], 20, 88
[UPDATE], 21, 82
[UPDATE], 22, 70
[UPDATE], 23, 55
[UPDATE], 24, 39
[UPDATE], >25, 5182
