java -cp /home/ubuntu/CockroachDB-ycsb/postgresql-42.2.2.jar:/home/ubuntu/CockroachDB-ycsb/ycsb/jdbc-binding/conf:/home/ubuntu/CockroachDB-ycsb/ycsb/conf:/home/ubuntu/CockroachDB-ycsb/ycsb/lib/openjpa-jdbc-2.1.1.jar:/home/ubuntu/CockroachDB-ycsb/ycsb/lib/serp-1.13.1.jar:/home/ubuntu/CockroachDB-ycsb/ycsb/lib/commons-collections-3.2.1.jar:/home/ubuntu/CockroachDB-ycsb/ycsb/lib/commons-lang-2.4.jar:/home/ubuntu/CockroachDB-ycsb/ycsb/lib/core-0.12.0.jar:/home/ubuntu/CockroachDB-ycsb/ycsb/lib/commons-pool-1.5.4.jar:/home/ubuntu/CockroachDB-ycsb/ycsb/lib/geronimo-jta_1.1_spec-1.1.1.jar:/home/ubuntu/CockroachDB-ycsb/ycsb/lib/openjpa-lib-2.1.1.jar:/home/ubuntu/CockroachDB-ycsb/ycsb/lib/jackson-mapper-asl-1.9.4.jar:/home/ubuntu/CockroachDB-ycsb/ycsb/lib/openjpa-kernel-2.1.1.jar:/home/ubuntu/CockroachDB-ycsb/ycsb/lib/jackson-core-asl-1.9.4.jar:/home/ubuntu/CockroachDB-ycsb/ycsb/lib/HdrHistogram-2.1.4.jar:/home/ubuntu/CockroachDB-ycsb/ycsb/lib/htrace-core4-4.1.0-incubating.jar:/home/ubuntu/CockroachDB-ycsb/ycsb/lib/jdbc-binding-0.12.0.jar:/home/ubuntu/CockroachDB-ycsb/ycsb/lib/geronimo-jms_1.1_spec-1.1.1.jar com.yahoo.ycsb.Client -db com.yahoo.ycsb.db.JdbcDBClient -P /home/ubuntu/CockroachDB-ycsb/workloads/workload50 -P /home/ubuntu/CockroachDB-ycsb/cockroachdb.properties -threads 6 -p db.url=jdbc:postgresql://172.31.39.3:26257/test -p measurementtype=histogram -p histogram.buckets=25 -p operationcount=300000 -t
YCSB Client 0.12.0
Command line: -db com.yahoo.ycsb.db.JdbcDBClient -P /home/ubuntu/CockroachDB-ycsb/workloads/workload50 -P /home/ubuntu/CockroachDB-ycsb/cockroachdb.properties -threads 6 -p db.url=jdbc:postgresql://172.31.39.3:26257/test -p measurementtype=histogram -p histogram.buckets=25 -p operationcount=300000 -t
Loading workload...
Starting test.
Adding shard node URL: jdbc:postgresql://172.31.39.3:26257/test
Adding shard node URL: jdbc:postgresql://172.31.39.3:26257/test
Adding shard node URL: jdbc:postgresql://172.31.39.3:26257/test
Adding shard node URL: jdbc:postgresql://172.31.39.3:26257/test
Adding shard node URL: jdbc:postgresql://172.31.39.3:26257/test
Adding shard node URL: jdbc:postgresql://172.31.39.3:26257/test
Using shards: 1, batchSize:-1, fetchSize: -1
Using shards: 1, batchSize:-1, fetchSize: -1
Using shards: 1, batchSize:-1, fetchSize: -1
Using shards: 1, batchSize:-1, fetchSize: -1
DBWrapper: report latency for each error is false and specific error codes to track for latency are: []
DBWrapper: report latency for each error is false and specific error codes to track for latency are: []
Using shards: 1, batchSize:-1, fetchSize: -1
DBWrapper: report latency for each error is false and specific error codes to track for latency are: []
Using shards: 1, batchSize:-1, fetchSize: -1
DBWrapper: report latency for each error is false and specific error codes to track for latency are: []
DBWrapper: report latency for each error is false and specific error codes to track for latency are: []
DBWrapper: report latency for each error is false and specific error codes to track for latency are: []
[OVERALL], RunTime(ms), 450172.0
[OVERALL], Throughput(ops/sec), 666.411949210524
[TOTAL_GCS_PS_Scavenge], Count, 19.0
[TOTAL_GC_TIME_PS_Scavenge], Time(ms), 27.0
[TOTAL_GC_TIME_%_PS_Scavenge], Time(%), 0.005997707542894716
[TOTAL_GCS_PS_MarkSweep], Count, 0.0
[TOTAL_GC_TIME_PS_MarkSweep], Time(ms), 0.0
[TOTAL_GC_TIME_%_PS_MarkSweep], Time(%), 0.0
[TOTAL_GCs], Count, 19.0
[TOTAL_GC_TIME], Time(ms), 27.0
[TOTAL_GC_TIME_%], Time(%), 0.005997707542894716
[READ], Operations, 150205
[READ], AverageLatency(us), 3330.9526580340203
[READ], LatencyVariance(us), 1.7176373621707898E8
[READ], MinLatency(us), 283
[READ], MaxLatency(us), 922333
[READ], 95thPercentileLatency(us), 4000
[READ], Return=OK, 150205
[READ], 0, 59708
[READ], 1, 60191
[READ], 2, 18316
[READ], 3, 3630
[READ], 4, 1342
[READ], 5, 689
[READ], 6, 394
[READ], 7, 252
[READ], 8, 192
[READ], 9, 142
[READ], 10, 117
[READ], 11, 148
[READ], 12, 142
[READ], 13, 160
[READ], 14, 138
[READ], 15, 89
[READ], 16, 62
[READ], 17, 36
[READ], 18, 38
[READ], 19, 36
[READ], 20, 32
[READ], 21, 30
[READ], 22, 37
[READ], 23, 43
[READ], 24, 56
[READ], >25, 4185
[CLEANUP], Operations, 6
[CLEANUP], AverageLatency(us), 106.0
[CLEANUP], LatencyVariance(us), 7452.0
[CLEANUP], MinLatency(us), 59
[CLEANUP], MaxLatency(us), 297
[CLEANUP], 95thPercentileLatency(us), 0
[CLEANUP], 99thPercentileLatency(us), 0
[CLEANUP], 0, 6
[CLEANUP], 1, 0
[CLEANUP], 2, 0
[CLEANUP], 3, 0
[CLEANUP], 4, 0
[CLEANUP], 5, 0
[CLEANUP], 6, 0
[CLEANUP], 7, 0
[CLEANUP], 8, 0
[CLEANUP], 9, 0
[CLEANUP], 10, 0
[CLEANUP], 11, 0
[CLEANUP], 12, 0
[CLEANUP], 13, 0
[CLEANUP], 14, 0
[CLEANUP], 15, 0
[CLEANUP], 16, 0
[CLEANUP], 17, 0
[CLEANUP], 18, 0
[CLEANUP], 19, 0
[CLEANUP], 20, 0
[CLEANUP], 21, 0
[CLEANUP], 22, 0
[CLEANUP], 23, 0
[CLEANUP], 24, 0
[CLEANUP], >25, 0
[UPDATE], Operations, 149795
[UPDATE], AverageLatency(us), 14415.795974498482
[UPDATE], LatencyVariance(us), 4.518095322206807E9
[UPDATE], MinLatency(us), 1271
[UPDATE], MaxLatency(us), 2780801
[UPDATE], 95thPercentileLatency(us), 9000
[UPDATE], Return=OK, 149795
[UPDATE], 0, 0
[UPDATE], 1, 38415
[UPDATE], 2, 28094
[UPDATE], 3, 38965
[UPDATE], 4, 23624
[UPDATE], 5, 7552
[UPDATE], 6, 2939
[UPDATE], 7, 1477
[UPDATE], 8, 833
[UPDATE], 9, 556
[UPDATE], 10, 455
[UPDATE], 11, 336
[UPDATE], 12, 281
[UPDATE], 13, 193
[UPDATE], 14, 159
[UPDATE], 15, 142
[UPDATE], 16, 119
[UPDATE], 17, 109
[UPDATE], 18, 77
[UPDATE], 19, 62
[UPDATE], 20, 35
[UPDATE], 21, 36
[UPDATE], 22, 35
[UPDATE], 23, 27
[UPDATE], 24, 19
[UPDATE], >25, 5255
