java -cp /home/ubuntu/CockroachDB-ycsb/postgresql-42.2.2.jar:/home/ubuntu/CockroachDB-ycsb/ycsb/jdbc-binding/conf:/home/ubuntu/CockroachDB-ycsb/ycsb/conf:/home/ubuntu/CockroachDB-ycsb/ycsb/lib/openjpa-jdbc-2.1.1.jar:/home/ubuntu/CockroachDB-ycsb/ycsb/lib/serp-1.13.1.jar:/home/ubuntu/CockroachDB-ycsb/ycsb/lib/commons-collections-3.2.1.jar:/home/ubuntu/CockroachDB-ycsb/ycsb/lib/commons-lang-2.4.jar:/home/ubuntu/CockroachDB-ycsb/ycsb/lib/core-0.12.0.jar:/home/ubuntu/CockroachDB-ycsb/ycsb/lib/commons-pool-1.5.4.jar:/home/ubuntu/CockroachDB-ycsb/ycsb/lib/geronimo-jta_1.1_spec-1.1.1.jar:/home/ubuntu/CockroachDB-ycsb/ycsb/lib/openjpa-lib-2.1.1.jar:/home/ubuntu/CockroachDB-ycsb/ycsb/lib/jackson-mapper-asl-1.9.4.jar:/home/ubuntu/CockroachDB-ycsb/ycsb/lib/openjpa-kernel-2.1.1.jar:/home/ubuntu/CockroachDB-ycsb/ycsb/lib/jackson-core-asl-1.9.4.jar:/home/ubuntu/CockroachDB-ycsb/ycsb/lib/HdrHistogram-2.1.4.jar:/home/ubuntu/CockroachDB-ycsb/ycsb/lib/htrace-core4-4.1.0-incubating.jar:/home/ubuntu/CockroachDB-ycsb/ycsb/lib/jdbc-binding-0.12.0.jar:/home/ubuntu/CockroachDB-ycsb/ycsb/lib/geronimo-jms_1.1_spec-1.1.1.jar com.yahoo.ycsb.Client -db com.yahoo.ycsb.db.JdbcDBClient -P /home/ubuntu/CockroachDB-ycsb/workloads/workload50 -P /home/ubuntu/CockroachDB-ycsb/cockroachdb.properties -threads 3 -p db.url=jdbc:postgresql://172.31.43.8:26257/test -p measurementtype=histogram -p histogram.buckets=25 -p operationcount=300000 -t
YCSB Client 0.12.0
Command line: -db com.yahoo.ycsb.db.JdbcDBClient -P /home/ubuntu/CockroachDB-ycsb/workloads/workload50 -P /home/ubuntu/CockroachDB-ycsb/cockroachdb.properties -threads 3 -p db.url=jdbc:postgresql://172.31.43.8:26257/test -p measurementtype=histogram -p histogram.buckets=25 -p operationcount=300000 -t
Loading workload...
Starting test.
Adding shard node URL: jdbc:postgresql://172.31.43.8:26257/test
Adding shard node URL: jdbc:postgresql://172.31.43.8:26257/test
Adding shard node URL: jdbc:postgresql://172.31.43.8:26257/test
Using shards: 1, batchSize:-1, fetchSize: -1
DBWrapper: report latency for each error is false and specific error codes to track for latency are: []
Using shards: 1, batchSize:-1, fetchSize: -1
DBWrapper: report latency for each error is false and specific error codes to track for latency are: []
Using shards: 1, batchSize:-1, fetchSize: -1
DBWrapper: report latency for each error is false and specific error codes to track for latency are: []
[OVERALL], RunTime(ms), 274381.0
[OVERALL], Throughput(ops/sec), 1093.3701677594295
[TOTAL_GCS_PS_Scavenge], Count, 18.0
[TOTAL_GC_TIME_PS_Scavenge], Time(ms), 24.0
[TOTAL_GC_TIME_%_PS_Scavenge], Time(%), 0.008746961342075435
[TOTAL_GCS_PS_MarkSweep], Count, 0.0
[TOTAL_GC_TIME_PS_MarkSweep], Time(ms), 0.0
[TOTAL_GC_TIME_%_PS_MarkSweep], Time(%), 0.0
[TOTAL_GCs], Count, 18.0
[TOTAL_GC_TIME], Time(ms), 24.0
[TOTAL_GC_TIME_%], Time(%), 0.008746961342075435
[READ], Operations, 150147
[READ], AverageLatency(us), 1450.2823433035626
[READ], LatencyVariance(us), 3094408.288874372
[READ], MinLatency(us), 273
[READ], MaxLatency(us), 98612
[READ], 95thPercentileLatency(us), 3000
[READ], 99thPercentileLatency(us), 7000
[READ], Return=OK, 150147
[READ], 0, 58032
[READ], 1, 74585
[READ], 2, 8404
[READ], 3, 3387
[READ], 4, 2010
[READ], 5, 1168
[READ], 6, 710
[READ], 7, 449
[READ], 8, 255
[READ], 9, 216
[READ], 10, 155
[READ], 11, 141
[READ], 12, 100
[READ], 13, 70
[READ], 14, 54
[READ], 15, 54
[READ], 16, 49
[READ], 17, 39
[READ], 18, 30
[READ], 19, 34
[READ], 20, 26
[READ], 21, 35
[READ], 22, 19
[READ], 23, 12
[READ], 24, 12
[READ], >25, 101
[CLEANUP], Operations, 3
[CLEANUP], AverageLatency(us), 136.33333333333334
[CLEANUP], LatencyVariance(us), 8566.888888888887
[CLEANUP], MinLatency(us), 56
[CLEANUP], MaxLatency(us), 266
[CLEANUP], 95thPercentileLatency(us), 0
[CLEANUP], 99thPercentileLatency(us), 0
[CLEANUP], 0, 3
[CLEANUP], 1, 0
[CLEANUP], 2, 0
[CLEANUP], 3, 0
[CLEANUP], 4, 0
[CLEANUP], 5, 0
[CLEANUP], 6, 0
[CLEANUP], 7, 0
[CLEANUP], 8, 0
[CLEANUP], 9, 0
[CLEANUP], 10, 0
[CLEANUP], 11, 0
[CLEANUP], 12, 0
[CLEANUP], 13, 0
[CLEANUP], 14, 0
[CLEANUP], 15, 0
[CLEANUP], 16, 0
[CLEANUP], 17, 0
[CLEANUP], 18, 0
[CLEANUP], 19, 0
[CLEANUP], 20, 0
[CLEANUP], 21, 0
[CLEANUP], 22, 0
[CLEANUP], 23, 0
[CLEANUP], 24, 0
[CLEANUP], >25, 0
[UPDATE], Operations, 149853
[UPDATE], AverageLatency(us), 4016.601042354841
[UPDATE], LatencyVariance(us), 1.510270263560501E7
[UPDATE], MinLatency(us), 1264
[UPDATE], MaxLatency(us), 159444
[UPDATE], 95thPercentileLatency(us), 9000
[UPDATE], 99thPercentileLatency(us), 19000
[UPDATE], Return=OK, 149853
[UPDATE], 0, 0
[UPDATE], 1, 17200
[UPDATE], 2, 50831
[UPDATE], 3, 47277
[UPDATE], 4, 12703
[UPDATE], 5, 4610
[UPDATE], 6, 3429
[UPDATE], 7, 2644
[UPDATE], 8, 2082
[UPDATE], 9, 1707
[UPDATE], 10, 1346
[UPDATE], 11, 1146
[UPDATE], 12, 822
[UPDATE], 13, 645
[UPDATE], 14, 516
[UPDATE], 15, 413
[UPDATE], 16, 352
[UPDATE], 17, 254
[UPDATE], 18, 214
[UPDATE], 19, 183
[UPDATE], 20, 162
[UPDATE], 21, 156
[UPDATE], 22, 136
[UPDATE], 23, 95
[UPDATE], 24, 101
[UPDATE], >25, 829
