java -cp /home/ubuntu/CockroachDB-ycsb/postgresql-42.2.2.jar:/home/ubuntu/CockroachDB-ycsb/ycsb/jdbc-binding/conf:/home/ubuntu/CockroachDB-ycsb/ycsb/conf:/home/ubuntu/CockroachDB-ycsb/ycsb/lib/openjpa-jdbc-2.1.1.jar:/home/ubuntu/CockroachDB-ycsb/ycsb/lib/serp-1.13.1.jar:/home/ubuntu/CockroachDB-ycsb/ycsb/lib/commons-collections-3.2.1.jar:/home/ubuntu/CockroachDB-ycsb/ycsb/lib/commons-lang-2.4.jar:/home/ubuntu/CockroachDB-ycsb/ycsb/lib/core-0.12.0.jar:/home/ubuntu/CockroachDB-ycsb/ycsb/lib/commons-pool-1.5.4.jar:/home/ubuntu/CockroachDB-ycsb/ycsb/lib/geronimo-jta_1.1_spec-1.1.1.jar:/home/ubuntu/CockroachDB-ycsb/ycsb/lib/openjpa-lib-2.1.1.jar:/home/ubuntu/CockroachDB-ycsb/ycsb/lib/jackson-mapper-asl-1.9.4.jar:/home/ubuntu/CockroachDB-ycsb/ycsb/lib/openjpa-kernel-2.1.1.jar:/home/ubuntu/CockroachDB-ycsb/ycsb/lib/jackson-core-asl-1.9.4.jar:/home/ubuntu/CockroachDB-ycsb/ycsb/lib/HdrHistogram-2.1.4.jar:/home/ubuntu/CockroachDB-ycsb/ycsb/lib/htrace-core4-4.1.0-incubating.jar:/home/ubuntu/CockroachDB-ycsb/ycsb/lib/jdbc-binding-0.12.0.jar:/home/ubuntu/CockroachDB-ycsb/ycsb/lib/geronimo-jms_1.1_spec-1.1.1.jar com.yahoo.ycsb.Client -db com.yahoo.ycsb.db.JdbcDBClient -P /home/ubuntu/CockroachDB-ycsb/workloads/workload50 -P /home/ubuntu/CockroachDB-ycsb/cockroachdb.properties -threads 6 -p db.url=jdbc:postgresql://172.31.18.213:26257/test -p measurementtype=histogram -p histogram.buckets=25 -p operationcount=300000 -t
YCSB Client 0.12.0
Command line: -db com.yahoo.ycsb.db.JdbcDBClient -P /home/ubuntu/CockroachDB-ycsb/workloads/workload50 -P /home/ubuntu/CockroachDB-ycsb/cockroachdb.properties -threads 6 -p db.url=jdbc:postgresql://172.31.18.213:26257/test -p measurementtype=histogram -p histogram.buckets=25 -p operationcount=300000 -t
Loading workload...
Starting test.
Adding shard node URL: jdbc:postgresql://172.31.18.213:26257/test
Adding shard node URL: jdbc:postgresql://172.31.18.213:26257/test
Adding shard node URL: jdbc:postgresql://172.31.18.213:26257/test
Adding shard node URL: jdbc:postgresql://172.31.18.213:26257/test
Adding shard node URL: jdbc:postgresql://172.31.18.213:26257/test
Adding shard node URL: jdbc:postgresql://172.31.18.213:26257/test
Using shards: 1, batchSize:-1, fetchSize: -1
DBWrapper: report latency for each error is false and specific error codes to track for latency are: []
Using shards: 1, batchSize:-1, fetchSize: -1
DBWrapper: report latency for each error is false and specific error codes to track for latency are: []
Using shards: 1, batchSize:-1, fetchSize: -1
DBWrapper: report latency for each error is false and specific error codes to track for latency are: []
Using shards: 1, batchSize:-1, fetchSize: -1
DBWrapper: report latency for each error is false and specific error codes to track for latency are: []
Using shards: 1, batchSize:-1, fetchSize: -1
DBWrapper: report latency for each error is false and specific error codes to track for latency are: []
Using shards: 1, batchSize:-1, fetchSize: -1
DBWrapper: report latency for each error is false and specific error codes to track for latency are: []
[OVERALL], RunTime(ms), 454051.0
[OVERALL], Throughput(ops/sec), 660.7187298343138
[TOTAL_GCS_PS_Scavenge], Count, 19.0
[TOTAL_GC_TIME_PS_Scavenge], Time(ms), 25.0
[TOTAL_GC_TIME_%_PS_Scavenge], Time(%), 0.005505989415285948
[TOTAL_GCS_PS_MarkSweep], Count, 0.0
[TOTAL_GC_TIME_PS_MarkSweep], Time(ms), 0.0
[TOTAL_GC_TIME_%_PS_MarkSweep], Time(%), 0.0
[TOTAL_GCs], Count, 19.0
[TOTAL_GC_TIME], Time(ms), 25.0
[TOTAL_GC_TIME_%], Time(%), 0.005505989415285948
[READ], Operations, 149499
[READ], AverageLatency(us), 3195.927042990254
[READ], LatencyVariance(us), 1.704387516446883E8
[READ], MinLatency(us), 291
[READ], MaxLatency(us), 835732
[READ], 95thPercentileLatency(us), 3000
[READ], Return=OK, 149499
[READ], 0, 60108
[READ], 1, 71090
[READ], 2, 9593
[READ], 3, 1961
[READ], 4, 782
[READ], 5, 354
[READ], 6, 235
[READ], 7, 157
[READ], 8, 132
[READ], 9, 93
[READ], 10, 60
[READ], 11, 74
[READ], 12, 100
[READ], 13, 102
[READ], 14, 71
[READ], 15, 61
[READ], 16, 35
[READ], 17, 38
[READ], 18, 30
[READ], 19, 28
[READ], 20, 29
[READ], 21, 31
[READ], 22, 33
[READ], 23, 42
[READ], 24, 39
[READ], >25, 4221
[CLEANUP], Operations, 6
[CLEANUP], AverageLatency(us), 102.5
[CLEANUP], LatencyVariance(us), 4927.583333333334
[CLEANUP], MinLatency(us), 56
[CLEANUP], MaxLatency(us), 257
[CLEANUP], 95thPercentileLatency(us), 0
[CLEANUP], 99thPercentileLatency(us), 0
[CLEANUP], 0, 6
[CLEANUP], 1, 0
[CLEANUP], 2, 0
[CLEANUP], 3, 0
[CLEANUP], 4, 0
[CLEANUP], 5, 0
[CLEANUP], 6, 0
[CLEANUP], 7, 0
[CLEANUP], 8, 0
[CLEANUP], 9, 0
[CLEANUP], 10, 0
[CLEANUP], 11, 0
[CLEANUP], 12, 0
[CLEANUP], 13, 0
[CLEANUP], 14, 0
[CLEANUP], 15, 0
[CLEANUP], 16, 0
[CLEANUP], 17, 0
[CLEANUP], 18, 0
[CLEANUP], 19, 0
[CLEANUP], 20, 0
[CLEANUP], 21, 0
[CLEANUP], 22, 0
[CLEANUP], 23, 0
[CLEANUP], 24, 0
[CLEANUP], >25, 0
[UPDATE], Operations, 150501
[UPDATE], AverageLatency(us), 14762.813755390329
[UPDATE], LatencyVariance(us), 4.876539667799799E9
[UPDATE], MinLatency(us), 897
[UPDATE], MaxLatency(us), 2644813
[UPDATE], 95thPercentileLatency(us), 9000
[UPDATE], Return=OK, 150501
[UPDATE], 0, 276
[UPDATE], 1, 42783
[UPDATE], 2, 25757
[UPDATE], 3, 39017
[UPDATE], 4, 21656
[UPDATE], 5, 7475
[UPDATE], 6, 3052
[UPDATE], 7, 1525
[UPDATE], 8, 966
[UPDATE], 9, 644
[UPDATE], 10, 480
[UPDATE], 11, 253
[UPDATE], 12, 237
[UPDATE], 13, 196
[UPDATE], 14, 140
[UPDATE], 15, 135
[UPDATE], 16, 129
[UPDATE], 17, 142
[UPDATE], 18, 105
[UPDATE], 19, 79
[UPDATE], 20, 72
[UPDATE], 21, 47
[UPDATE], 22, 42
[UPDATE], 23, 27
[UPDATE], 24, 33
[UPDATE], >25, 5233
