java -cp /home/ubuntu/CockroachDB-ycsb/postgresql-42.2.2.jar:/home/ubuntu/CockroachDB-ycsb/ycsb/jdbc-binding/conf:/home/ubuntu/CockroachDB-ycsb/ycsb/conf:/home/ubuntu/CockroachDB-ycsb/ycsb/lib/openjpa-jdbc-2.1.1.jar:/home/ubuntu/CockroachDB-ycsb/ycsb/lib/serp-1.13.1.jar:/home/ubuntu/CockroachDB-ycsb/ycsb/lib/commons-collections-3.2.1.jar:/home/ubuntu/CockroachDB-ycsb/ycsb/lib/commons-lang-2.4.jar:/home/ubuntu/CockroachDB-ycsb/ycsb/lib/core-0.12.0.jar:/home/ubuntu/CockroachDB-ycsb/ycsb/lib/commons-pool-1.5.4.jar:/home/ubuntu/CockroachDB-ycsb/ycsb/lib/geronimo-jta_1.1_spec-1.1.1.jar:/home/ubuntu/CockroachDB-ycsb/ycsb/lib/openjpa-lib-2.1.1.jar:/home/ubuntu/CockroachDB-ycsb/ycsb/lib/jackson-mapper-asl-1.9.4.jar:/home/ubuntu/CockroachDB-ycsb/ycsb/lib/openjpa-kernel-2.1.1.jar:/home/ubuntu/CockroachDB-ycsb/ycsb/lib/jackson-core-asl-1.9.4.jar:/home/ubuntu/CockroachDB-ycsb/ycsb/lib/HdrHistogram-2.1.4.jar:/home/ubuntu/CockroachDB-ycsb/ycsb/lib/htrace-core4-4.1.0-incubating.jar:/home/ubuntu/CockroachDB-ycsb/ycsb/lib/jdbc-binding-0.12.0.jar:/home/ubuntu/CockroachDB-ycsb/ycsb/lib/geronimo-jms_1.1_spec-1.1.1.jar com.yahoo.ycsb.Client -db com.yahoo.ycsb.db.JdbcDBClient -P /home/ubuntu/CockroachDB-ycsb/workloads/workload50 -P /home/ubuntu/CockroachDB-ycsb/cockroachdb.properties -threads 5 -p db.url=jdbc:postgresql://172.31.26.122:26257/test -p measurementtype=histogram -p histogram.buckets=25 -p operationcount=300000 -t
YCSB Client 0.12.0
Command line: -db com.yahoo.ycsb.db.JdbcDBClient -P /home/ubuntu/CockroachDB-ycsb/workloads/workload50 -P /home/ubuntu/CockroachDB-ycsb/cockroachdb.properties -threads 5 -p db.url=jdbc:postgresql://172.31.26.122:26257/test -p measurementtype=histogram -p histogram.buckets=25 -p operationcount=300000 -t
Loading workload...
Starting test.
Adding shard node URL: jdbc:postgresql://172.31.26.122:26257/test
Adding shard node URL: jdbc:postgresql://172.31.26.122:26257/test
Adding shard node URL: jdbc:postgresql://172.31.26.122:26257/test
Adding shard node URL: jdbc:postgresql://172.31.26.122:26257/test
Adding shard node URL: jdbc:postgresql://172.31.26.122:26257/test
Using shards: 1, batchSize:-1, fetchSize: -1
Using shards: 1, batchSize:-1, fetchSize: -1
Using shards: 1, batchSize:-1, fetchSize: -1
Using shards: 1, batchSize:-1, fetchSize: -1
Using shards: 1, batchSize:-1, fetchSize: -1
DBWrapper: report latency for each error is false and specific error codes to track for latency are: []
DBWrapper: report latency for each error is false and specific error codes to track for latency are: []
DBWrapper: report latency for each error is false and specific error codes to track for latency are: []
DBWrapper: report latency for each error is false and specific error codes to track for latency are: []
DBWrapper: report latency for each error is false and specific error codes to track for latency are: []
[OVERALL], RunTime(ms), 213206.0
[OVERALL], Throughput(ops/sec), 1407.0898567582526
[TOTAL_GCS_PS_Scavenge], Count, 19.0
[TOTAL_GC_TIME_PS_Scavenge], Time(ms), 25.0
[TOTAL_GC_TIME_%_PS_Scavenge], Time(%), 0.011725748806318772
[TOTAL_GCS_PS_MarkSweep], Count, 0.0
[TOTAL_GC_TIME_PS_MarkSweep], Time(ms), 0.0
[TOTAL_GC_TIME_%_PS_MarkSweep], Time(%), 0.0
[TOTAL_GCs], Count, 19.0
[TOTAL_GC_TIME], Time(ms), 25.0
[TOTAL_GC_TIME_%], Time(%), 0.011725748806318772
[READ], Operations, 149922
[READ], AverageLatency(us), 1722.8824522084817
[READ], LatencyVariance(us), 2842718.5784304854
[READ], MinLatency(us), 262
[READ], MaxLatency(us), 80010
[READ], 95thPercentileLatency(us), 3000
[READ], 99thPercentileLatency(us), 7000
[READ], Return=OK, 149922
[READ], 0, 48777
[READ], 1, 49853
[READ], 2, 37152
[READ], 3, 8911
[READ], 4, 1966
[READ], 5, 886
[READ], 6, 607
[READ], 7, 441
[READ], 8, 340
[READ], 9, 212
[READ], 10, 166
[READ], 11, 126
[READ], 12, 84
[READ], 13, 65
[READ], 14, 57
[READ], 15, 35
[READ], 16, 40
[READ], 17, 28
[READ], 18, 25
[READ], 19, 17
[READ], 20, 14
[READ], 21, 16
[READ], 22, 13
[READ], 23, 5
[READ], 24, 12
[READ], >25, 74
[CLEANUP], Operations, 5
[CLEANUP], AverageLatency(us), 102.8
[CLEANUP], LatencyVariance(us), 5746.5599999999995
[CLEANUP], MinLatency(us), 56
[CLEANUP], MaxLatency(us), 253
[CLEANUP], 95thPercentileLatency(us), 0
[CLEANUP], 99thPercentileLatency(us), 0
[CLEANUP], 0, 5
[CLEANUP], 1, 0
[CLEANUP], 2, 0
[CLEANUP], 3, 0
[CLEANUP], 4, 0
[CLEANUP], 5, 0
[CLEANUP], 6, 0
[CLEANUP], 7, 0
[CLEANUP], 8, 0
[CLEANUP], 9, 0
[CLEANUP], 10, 0
[CLEANUP], 11, 0
[CLEANUP], 12, 0
[CLEANUP], 13, 0
[CLEANUP], 14, 0
[CLEANUP], 15, 0
[CLEANUP], 16, 0
[CLEANUP], 17, 0
[CLEANUP], 18, 0
[CLEANUP], 19, 0
[CLEANUP], 20, 0
[CLEANUP], 21, 0
[CLEANUP], 22, 0
[CLEANUP], 23, 0
[CLEANUP], 24, 0
[CLEANUP], >25, 0
[UPDATE], Operations, 150078
[UPDATE], AverageLatency(us), 5361.192999640187
[UPDATE], LatencyVariance(us), 2.0651970088599037E7
[UPDATE], MinLatency(us), 875
[UPDATE], MaxLatency(us), 185561
[UPDATE], 95thPercentileLatency(us), 10000
[UPDATE], 99thPercentileLatency(us), 19000
[UPDATE], Return=OK, 150078
[UPDATE], 0, 23
[UPDATE], 1, 30966
[UPDATE], 2, 11743
[UPDATE], 3, 11075
[UPDATE], 4, 17429
[UPDATE], 5, 25947
[UPDATE], 6, 22293
[UPDATE], 7, 12535
[UPDATE], 8, 5599
[UPDATE], 9, 3016
[UPDATE], 10, 2008
[UPDATE], 11, 1501
[UPDATE], 12, 1124
[UPDATE], 13, 902
[UPDATE], 14, 637
[UPDATE], 15, 501
[UPDATE], 16, 406
[UPDATE], 17, 355
[UPDATE], 18, 302
[UPDATE], 19, 258
[UPDATE], 20, 217
[UPDATE], 21, 152
[UPDATE], 22, 134
[UPDATE], 23, 110
[UPDATE], 24, 109
[UPDATE], >25, 736
