java -cp /home/ubuntu/CockroachDB-ycsb/postgresql-42.2.2.jar:/home/ubuntu/CockroachDB-ycsb/ycsb/jdbc-binding/conf:/home/ubuntu/CockroachDB-ycsb/ycsb/conf:/home/ubuntu/CockroachDB-ycsb/ycsb/lib/openjpa-jdbc-2.1.1.jar:/home/ubuntu/CockroachDB-ycsb/ycsb/lib/serp-1.13.1.jar:/home/ubuntu/CockroachDB-ycsb/ycsb/lib/commons-collections-3.2.1.jar:/home/ubuntu/CockroachDB-ycsb/ycsb/lib/commons-lang-2.4.jar:/home/ubuntu/CockroachDB-ycsb/ycsb/lib/core-0.12.0.jar:/home/ubuntu/CockroachDB-ycsb/ycsb/lib/commons-pool-1.5.4.jar:/home/ubuntu/CockroachDB-ycsb/ycsb/lib/geronimo-jta_1.1_spec-1.1.1.jar:/home/ubuntu/CockroachDB-ycsb/ycsb/lib/openjpa-lib-2.1.1.jar:/home/ubuntu/CockroachDB-ycsb/ycsb/lib/jackson-mapper-asl-1.9.4.jar:/home/ubuntu/CockroachDB-ycsb/ycsb/lib/openjpa-kernel-2.1.1.jar:/home/ubuntu/CockroachDB-ycsb/ycsb/lib/jackson-core-asl-1.9.4.jar:/home/ubuntu/CockroachDB-ycsb/ycsb/lib/HdrHistogram-2.1.4.jar:/home/ubuntu/CockroachDB-ycsb/ycsb/lib/htrace-core4-4.1.0-incubating.jar:/home/ubuntu/CockroachDB-ycsb/ycsb/lib/jdbc-binding-0.12.0.jar:/home/ubuntu/CockroachDB-ycsb/ycsb/lib/geronimo-jms_1.1_spec-1.1.1.jar com.yahoo.ycsb.Client -db com.yahoo.ycsb.db.JdbcDBClient -P /home/ubuntu/CockroachDB-ycsb/workloads/workload100 -P /home/ubuntu/CockroachDB-ycsb/cockroachdb.properties -threads 9 -p db.url=jdbc:postgresql://172.31.39.3:26257/test -p measurementtype=histogram -p histogram.buckets=25 -p operationcount=300000 -t
YCSB Client 0.12.0
Command line: -db com.yahoo.ycsb.db.JdbcDBClient -P /home/ubuntu/CockroachDB-ycsb/workloads/workload100 -P /home/ubuntu/CockroachDB-ycsb/cockroachdb.properties -threads 9 -p db.url=jdbc:postgresql://172.31.39.3:26257/test -p measurementtype=histogram -p histogram.buckets=25 -p operationcount=300000 -t
Loading workload...
Starting test.
Adding shard node URL: jdbc:postgresql://172.31.39.3:26257/test
Adding shard node URL: jdbc:postgresql://172.31.39.3:26257/test
Adding shard node URL: jdbc:postgresql://172.31.39.3:26257/test
Adding shard node URL: jdbc:postgresql://172.31.39.3:26257/test
Adding shard node URL: jdbc:postgresql://172.31.39.3:26257/test
Adding shard node URL: jdbc:postgresql://172.31.39.3:26257/test
Adding shard node URL: jdbc:postgresql://172.31.39.3:26257/test
Adding shard node URL: jdbc:postgresql://172.31.39.3:26257/test
Adding shard node URL: jdbc:postgresql://172.31.39.3:26257/test
Using shards: 1, batchSize:-1, fetchSize: -1
Using shards: 1, batchSize:-1, fetchSize: -1
Using shards: 1, batchSize:-1, fetchSize: -1
Using shards: 1, batchSize:-1, fetchSize: -1
Using shards: 1, batchSize:-1, fetchSize: -1
Using shards: 1, batchSize:-1, fetchSize: -1
Using shards: 1, batchSize:-1, fetchSize: -1
Using shards: 1, batchSize:-1, fetchSize: -1
Using shards: 1, batchSize:-1, fetchSize: -1
DBWrapper: report latency for each error is false and specific error codes to track for latency are: []
DBWrapper: report latency for each error is false and specific error codes to track for latency are: []
DBWrapper: report latency for each error is false and specific error codes to track for latency are: []
DBWrapper: report latency for each error is false and specific error codes to track for latency are: []
DBWrapper: report latency for each error is false and specific error codes to track for latency are: []
DBWrapper: report latency for each error is false and specific error codes to track for latency are: []
DBWrapper: report latency for each error is false and specific error codes to track for latency are: []
DBWrapper: report latency for each error is false and specific error codes to track for latency are: []
DBWrapper: report latency for each error is false and specific error codes to track for latency are: []
[OVERALL], RunTime(ms), 88927.0
[OVERALL], Throughput(ops/sec), 3373.5535888987597
[TOTAL_GCS_PS_Scavenge], Count, 11.0
[TOTAL_GC_TIME_PS_Scavenge], Time(ms), 21.0
[TOTAL_GC_TIME_%_PS_Scavenge], Time(%), 0.02361487512229132
[TOTAL_GCS_PS_MarkSweep], Count, 0.0
[TOTAL_GC_TIME_PS_MarkSweep], Time(ms), 0.0
[TOTAL_GC_TIME_%_PS_MarkSweep], Time(%), 0.0
[TOTAL_GCs], Count, 11.0
[TOTAL_GC_TIME], Time(ms), 21.0
[TOTAL_GC_TIME_%], Time(%), 0.02361487512229132
[READ], Operations, 300000
[READ], AverageLatency(us), 2659.7488933333334
[READ], LatencyVariance(us), 3429786.9968587747
[READ], MinLatency(us), 277
[READ], MaxLatency(us), 49408
[READ], 95thPercentileLatency(us), 5000
[READ], 99thPercentileLatency(us), 7000
[READ], Return=OK, 300000
[READ], 0, 49060
[READ], 1, 75687
[READ], 2, 72084
[READ], 3, 44629
[READ], 4, 27834
[READ], 5, 17848
[READ], 6, 8240
[READ], 7, 2418
[READ], 8, 793
[READ], 9, 394
[READ], 10, 256
[READ], 11, 170
[READ], 12, 90
[READ], 13, 59
[READ], 14, 40
[READ], 15, 47
[READ], 16, 39
[READ], 17, 37
[READ], 18, 37
[READ], 19, 31
[READ], 20, 19
[READ], 21, 25
[READ], 22, 19
[READ], 23, 17
[READ], 24, 12
[READ], >25, 115
[CLEANUP], Operations, 9
[CLEANUP], AverageLatency(us), 99.11111111111111
[CLEANUP], LatencyVariance(us), 8988.098765432096
[CLEANUP], MinLatency(us), 41
[CLEANUP], MaxLatency(us), 360
[CLEANUP], 95thPercentileLatency(us), 0
[CLEANUP], 99thPercentileLatency(us), 0
[CLEANUP], 0, 9
[CLEANUP], 1, 0
[CLEANUP], 2, 0
[CLEANUP], 3, 0
[CLEANUP], 4, 0
[CLEANUP], 5, 0
[CLEANUP], 6, 0
[CLEANUP], 7, 0
[CLEANUP], 8, 0
[CLEANUP], 9, 0
[CLEANUP], 10, 0
[CLEANUP], 11, 0
[CLEANUP], 12, 0
[CLEANUP], 13, 0
[CLEANUP], 14, 0
[CLEANUP], 15, 0
[CLEANUP], 16, 0
[CLEANUP], 17, 0
[CLEANUP], 18, 0
[CLEANUP], 19, 0
[CLEANUP], 20, 0
[CLEANUP], 21, 0
[CLEANUP], 22, 0
[CLEANUP], 23, 0
[CLEANUP], 24, 0
[CLEANUP], >25, 0
