java -cp /home/ubuntu/CockroachDB-ycsb/postgresql-42.2.2.jar:/home/ubuntu/CockroachDB-ycsb/ycsb/jdbc-binding/conf:/home/ubuntu/CockroachDB-ycsb/ycsb/conf:/home/ubuntu/CockroachDB-ycsb/ycsb/lib/openjpa-jdbc-2.1.1.jar:/home/ubuntu/CockroachDB-ycsb/ycsb/lib/serp-1.13.1.jar:/home/ubuntu/CockroachDB-ycsb/ycsb/lib/commons-collections-3.2.1.jar:/home/ubuntu/CockroachDB-ycsb/ycsb/lib/commons-lang-2.4.jar:/home/ubuntu/CockroachDB-ycsb/ycsb/lib/core-0.12.0.jar:/home/ubuntu/CockroachDB-ycsb/ycsb/lib/commons-pool-1.5.4.jar:/home/ubuntu/CockroachDB-ycsb/ycsb/lib/geronimo-jta_1.1_spec-1.1.1.jar:/home/ubuntu/CockroachDB-ycsb/ycsb/lib/openjpa-lib-2.1.1.jar:/home/ubuntu/CockroachDB-ycsb/ycsb/lib/jackson-mapper-asl-1.9.4.jar:/home/ubuntu/CockroachDB-ycsb/ycsb/lib/openjpa-kernel-2.1.1.jar:/home/ubuntu/CockroachDB-ycsb/ycsb/lib/jackson-core-asl-1.9.4.jar:/home/ubuntu/CockroachDB-ycsb/ycsb/lib/HdrHistogram-2.1.4.jar:/home/ubuntu/CockroachDB-ycsb/ycsb/lib/htrace-core4-4.1.0-incubating.jar:/home/ubuntu/CockroachDB-ycsb/ycsb/lib/jdbc-binding-0.12.0.jar:/home/ubuntu/CockroachDB-ycsb/ycsb/lib/geronimo-jms_1.1_spec-1.1.1.jar com.yahoo.ycsb.Client -db com.yahoo.ycsb.db.JdbcDBClient -P /home/ubuntu/CockroachDB-ycsb/workloads/workload50 -P /home/ubuntu/CockroachDB-ycsb/cockroachdb.properties -threads 5 -p db.url=jdbc:postgresql://172.31.38.96:26257/test -p measurementtype=histogram -p histogram.buckets=25 -p operationcount=300000 -t
YCSB Client 0.12.0
Command line: -db com.yahoo.ycsb.db.JdbcDBClient -P /home/ubuntu/CockroachDB-ycsb/workloads/workload50 -P /home/ubuntu/CockroachDB-ycsb/cockroachdb.properties -threads 5 -p db.url=jdbc:postgresql://172.31.38.96:26257/test -p measurementtype=histogram -p histogram.buckets=25 -p operationcount=300000 -t
Loading workload...
Starting test.
Adding shard node URL: jdbc:postgresql://172.31.38.96:26257/test
Adding shard node URL: jdbc:postgresql://172.31.38.96:26257/test
Adding shard node URL: jdbc:postgresql://172.31.38.96:26257/test
Adding shard node URL: jdbc:postgresql://172.31.38.96:26257/test
Adding shard node URL: jdbc:postgresql://172.31.38.96:26257/test
Using shards: 1, batchSize:-1, fetchSize: -1
DBWrapper: report latency for each error is false and specific error codes to track for latency are: []
Using shards: 1, batchSize:-1, fetchSize: -1
DBWrapper: report latency for each error is false and specific error codes to track for latency are: []
Using shards: 1, batchSize:-1, fetchSize: -1
DBWrapper: report latency for each error is false and specific error codes to track for latency are: []
Using shards: 1, batchSize:-1, fetchSize: -1
DBWrapper: report latency for each error is false and specific error codes to track for latency are: []
Using shards: 1, batchSize:-1, fetchSize: -1
DBWrapper: report latency for each error is false and specific error codes to track for latency are: []
[OVERALL], RunTime(ms), 248643.0
[OVERALL], Throughput(ops/sec), 1206.5491487795755
[TOTAL_GCS_PS_Scavenge], Count, 19.0
[TOTAL_GC_TIME_PS_Scavenge], Time(ms), 27.0
[TOTAL_GC_TIME_%_PS_Scavenge], Time(%), 0.01085894233901618
[TOTAL_GCS_PS_MarkSweep], Count, 0.0
[TOTAL_GC_TIME_PS_MarkSweep], Time(ms), 0.0
[TOTAL_GC_TIME_%_PS_MarkSweep], Time(%), 0.0
[TOTAL_GCs], Count, 19.0
[TOTAL_GC_TIME], Time(ms), 27.0
[TOTAL_GC_TIME_%], Time(%), 0.01085894233901618
[READ], Operations, 150548
[READ], AverageLatency(us), 2195.6185535510267
[READ], LatencyVariance(us), 2352276.9569244124
[READ], MinLatency(us), 297
[READ], MaxLatency(us), 73783
[READ], 95thPercentileLatency(us), 3000
[READ], 99thPercentileLatency(us), 7000
[READ], Return=OK, 150548
[READ], 0, 5473
[READ], 1, 81778
[READ], 2, 38141
[READ], 3, 18023
[READ], 4, 3633
[READ], 5, 1159
[READ], 6, 620
[READ], 7, 450
[READ], 8, 337
[READ], 9, 229
[READ], 10, 145
[READ], 11, 116
[READ], 12, 87
[READ], 13, 56
[READ], 14, 48
[READ], 15, 22
[READ], 16, 26
[READ], 17, 23
[READ], 18, 19
[READ], 19, 24
[READ], 20, 19
[READ], 21, 20
[READ], 22, 12
[READ], 23, 11
[READ], 24, 9
[READ], >25, 68
[CLEANUP], Operations, 5
[CLEANUP], AverageLatency(us), 103.4
[CLEANUP], LatencyVariance(us), 6347.439999999999
[CLEANUP], MinLatency(us), 51
[CLEANUP], MaxLatency(us), 260
[CLEANUP], 95thPercentileLatency(us), 0
[CLEANUP], 99thPercentileLatency(us), 0
[CLEANUP], 0, 5
[CLEANUP], 1, 0
[CLEANUP], 2, 0
[CLEANUP], 3, 0
[CLEANUP], 4, 0
[CLEANUP], 5, 0
[CLEANUP], 6, 0
[CLEANUP], 7, 0
[CLEANUP], 8, 0
[CLEANUP], 9, 0
[CLEANUP], 10, 0
[CLEANUP], 11, 0
[CLEANUP], 12, 0
[CLEANUP], 13, 0
[CLEANUP], 14, 0
[CLEANUP], 15, 0
[CLEANUP], 16, 0
[CLEANUP], 17, 0
[CLEANUP], 18, 0
[CLEANUP], 19, 0
[CLEANUP], 20, 0
[CLEANUP], 21, 0
[CLEANUP], 22, 0
[CLEANUP], 23, 0
[CLEANUP], 24, 0
[CLEANUP], >25, 0
[UPDATE], Operations, 149452
[UPDATE], AverageLatency(us), 6085.947013087814
[UPDATE], LatencyVariance(us), 2.2502460023602195E7
[UPDATE], MinLatency(us), 1263
[UPDATE], MaxLatency(us), 240078
[UPDATE], 95thPercentileLatency(us), 11000
[UPDATE], 99thPercentileLatency(us), 20000
[UPDATE], Return=OK, 149452
[UPDATE], 0, 0
[UPDATE], 1, 4956
[UPDATE], 2, 7399
[UPDATE], 3, 41164
[UPDATE], 4, 17626
[UPDATE], 5, 13984
[UPDATE], 6, 18715
[UPDATE], 7, 17854
[UPDATE], 8, 11102
[UPDATE], 9, 5446
[UPDATE], 10, 2758
[UPDATE], 11, 1777
[UPDATE], 12, 1306
[UPDATE], 13, 956
[UPDATE], 14, 762
[UPDATE], 15, 625
[UPDATE], 16, 433
[UPDATE], 17, 365
[UPDATE], 18, 295
[UPDATE], 19, 243
[UPDATE], 20, 224
[UPDATE], 21, 196
[UPDATE], 22, 127
[UPDATE], 23, 125
[UPDATE], 24, 110
[UPDATE], >25, 904
