java -cp /home/ubuntu/CockroachDB-ycsb/postgresql-42.2.2.jar:/home/ubuntu/CockroachDB-ycsb/ycsb/jdbc-binding/conf:/home/ubuntu/CockroachDB-ycsb/ycsb/conf:/home/ubuntu/CockroachDB-ycsb/ycsb/lib/openjpa-jdbc-2.1.1.jar:/home/ubuntu/CockroachDB-ycsb/ycsb/lib/serp-1.13.1.jar:/home/ubuntu/CockroachDB-ycsb/ycsb/lib/commons-collections-3.2.1.jar:/home/ubuntu/CockroachDB-ycsb/ycsb/lib/commons-lang-2.4.jar:/home/ubuntu/CockroachDB-ycsb/ycsb/lib/core-0.12.0.jar:/home/ubuntu/CockroachDB-ycsb/ycsb/lib/commons-pool-1.5.4.jar:/home/ubuntu/CockroachDB-ycsb/ycsb/lib/geronimo-jta_1.1_spec-1.1.1.jar:/home/ubuntu/CockroachDB-ycsb/ycsb/lib/openjpa-lib-2.1.1.jar:/home/ubuntu/CockroachDB-ycsb/ycsb/lib/jackson-mapper-asl-1.9.4.jar:/home/ubuntu/CockroachDB-ycsb/ycsb/lib/openjpa-kernel-2.1.1.jar:/home/ubuntu/CockroachDB-ycsb/ycsb/lib/jackson-core-asl-1.9.4.jar:/home/ubuntu/CockroachDB-ycsb/ycsb/lib/HdrHistogram-2.1.4.jar:/home/ubuntu/CockroachDB-ycsb/ycsb/lib/htrace-core4-4.1.0-incubating.jar:/home/ubuntu/CockroachDB-ycsb/ycsb/lib/jdbc-binding-0.12.0.jar:/home/ubuntu/CockroachDB-ycsb/ycsb/lib/geronimo-jms_1.1_spec-1.1.1.jar com.yahoo.ycsb.Client -db com.yahoo.ycsb.db.JdbcDBClient -P /home/ubuntu/CockroachDB-ycsb/workloads/workload100 -P /home/ubuntu/CockroachDB-ycsb/cockroachdb.properties -threads 5 -p db.url=jdbc:postgresql://172.31.43.8:26257/test -p measurementtype=histogram -p histogram.buckets=25 -p operationcount=300000 -t
YCSB Client 0.12.0
Command line: -db com.yahoo.ycsb.db.JdbcDBClient -P /home/ubuntu/CockroachDB-ycsb/workloads/workload100 -P /home/ubuntu/CockroachDB-ycsb/cockroachdb.properties -threads 5 -p db.url=jdbc:postgresql://172.31.43.8:26257/test -p measurementtype=histogram -p histogram.buckets=25 -p operationcount=300000 -t
Loading workload...
Starting test.
Adding shard node URL: jdbc:postgresql://172.31.43.8:26257/test
Adding shard node URL: jdbc:postgresql://172.31.43.8:26257/test
Adding shard node URL: jdbc:postgresql://172.31.43.8:26257/test
Adding shard node URL: jdbc:postgresql://172.31.43.8:26257/test
Adding shard node URL: jdbc:postgresql://172.31.43.8:26257/test
Using shards: 1, batchSize:-1, fetchSize: -1
DBWrapper: report latency for each error is false and specific error codes to track for latency are: []
Using shards: 1, batchSize:-1, fetchSize: -1
DBWrapper: report latency for each error is false and specific error codes to track for latency are: []
Using shards: 1, batchSize:-1, fetchSize: -1
DBWrapper: report latency for each error is false and specific error codes to track for latency are: []
Using shards: 1, batchSize:-1, fetchSize: -1
DBWrapper: report latency for each error is false and specific error codes to track for latency are: []
Using shards: 1, batchSize:-1, fetchSize: -1
DBWrapper: report latency for each error is false and specific error codes to track for latency are: []
[OVERALL], RunTime(ms), 77143.0
[OVERALL], Throughput(ops/sec), 3888.8816872561347
[TOTAL_GCS_PS_Scavenge], Count, 11.0
[TOTAL_GC_TIME_PS_Scavenge], Time(ms), 19.0
[TOTAL_GC_TIME_%_PS_Scavenge], Time(%), 0.02462958401928885
[TOTAL_GCS_PS_MarkSweep], Count, 0.0
[TOTAL_GC_TIME_PS_MarkSweep], Time(ms), 0.0
[TOTAL_GC_TIME_%_PS_MarkSweep], Time(%), 0.0
[TOTAL_GCs], Count, 11.0
[TOTAL_GC_TIME], Time(ms), 19.0
[TOTAL_GC_TIME_%], Time(%), 0.02462958401928885
[READ], Operations, 300000
[READ], AverageLatency(us), 1280.02133
[READ], LatencyVariance(us), 1153831.795135031
[READ], MinLatency(us), 482
[READ], MaxLatency(us), 41134
[READ], 95thPercentileLatency(us), 2000
[READ], 99thPercentileLatency(us), 5000
[READ], Return=OK, 300000
[READ], 0, 117474
[READ], 1, 167002
[READ], 2, 5209
[READ], 3, 3001
[READ], 4, 2680
[READ], 5, 2566
[READ], 6, 893
[READ], 7, 363
[READ], 8, 169
[READ], 9, 85
[READ], 10, 92
[READ], 11, 50
[READ], 12, 43
[READ], 13, 32
[READ], 14, 36
[READ], 15, 29
[READ], 16, 24
[READ], 17, 42
[READ], 18, 36
[READ], 19, 20
[READ], 20, 25
[READ], 21, 26
[READ], 22, 28
[READ], 23, 16
[READ], 24, 4
[READ], >25, 55
[CLEANUP], Operations, 5
[CLEANUP], AverageLatency(us), 99.0
[CLEANUP], LatencyVariance(us), 8934.8
[CLEANUP], MinLatency(us), 32
[CLEANUP], MaxLatency(us), 286
[CLEANUP], 95thPercentileLatency(us), 0
[CLEANUP], 99thPercentileLatency(us), 0
[CLEANUP], 0, 5
[CLEANUP], 1, 0
[CLEANUP], 2, 0
[CLEANUP], 3, 0
[CLEANUP], 4, 0
[CLEANUP], 5, 0
[CLEANUP], 6, 0
[CLEANUP], 7, 0
[CLEANUP], 8, 0
[CLEANUP], 9, 0
[CLEANUP], 10, 0
[CLEANUP], 11, 0
[CLEANUP], 12, 0
[CLEANUP], 13, 0
[CLEANUP], 14, 0
[CLEANUP], 15, 0
[CLEANUP], 16, 0
[CLEANUP], 17, 0
[CLEANUP], 18, 0
[CLEANUP], 19, 0
[CLEANUP], 20, 0
[CLEANUP], 21, 0
[CLEANUP], 22, 0
[CLEANUP], 23, 0
[CLEANUP], 24, 0
[CLEANUP], >25, 0
