java -cp /home/ubuntu/CockroachDB-ycsb/postgresql-42.2.2.jar:/home/ubuntu/CockroachDB-ycsb/ycsb/jdbc-binding/conf:/home/ubuntu/CockroachDB-ycsb/ycsb/conf:/home/ubuntu/CockroachDB-ycsb/ycsb/lib/openjpa-jdbc-2.1.1.jar:/home/ubuntu/CockroachDB-ycsb/ycsb/lib/serp-1.13.1.jar:/home/ubuntu/CockroachDB-ycsb/ycsb/lib/commons-collections-3.2.1.jar:/home/ubuntu/CockroachDB-ycsb/ycsb/lib/commons-lang-2.4.jar:/home/ubuntu/CockroachDB-ycsb/ycsb/lib/core-0.12.0.jar:/home/ubuntu/CockroachDB-ycsb/ycsb/lib/commons-pool-1.5.4.jar:/home/ubuntu/CockroachDB-ycsb/ycsb/lib/geronimo-jta_1.1_spec-1.1.1.jar:/home/ubuntu/CockroachDB-ycsb/ycsb/lib/openjpa-lib-2.1.1.jar:/home/ubuntu/CockroachDB-ycsb/ycsb/lib/jackson-mapper-asl-1.9.4.jar:/home/ubuntu/CockroachDB-ycsb/ycsb/lib/openjpa-kernel-2.1.1.jar:/home/ubuntu/CockroachDB-ycsb/ycsb/lib/jackson-core-asl-1.9.4.jar:/home/ubuntu/CockroachDB-ycsb/ycsb/lib/HdrHistogram-2.1.4.jar:/home/ubuntu/CockroachDB-ycsb/ycsb/lib/htrace-core4-4.1.0-incubating.jar:/home/ubuntu/CockroachDB-ycsb/ycsb/lib/jdbc-binding-0.12.0.jar:/home/ubuntu/CockroachDB-ycsb/ycsb/lib/geronimo-jms_1.1_spec-1.1.1.jar com.yahoo.ycsb.Client -db com.yahoo.ycsb.db.JdbcDBClient -P /home/ubuntu/CockroachDB-ycsb/workloads/workload50 -P /home/ubuntu/CockroachDB-ycsb/cockroachdb.properties -threads 3 -p db.url=jdbc:postgresql://172.31.5.33:26257/test -p measurementtype=histogram -p histogram.buckets=25 -p operationcount=300000 -t
YCSB Client 0.12.0
Command line: -db com.yahoo.ycsb.db.JdbcDBClient -P /home/ubuntu/CockroachDB-ycsb/workloads/workload50 -P /home/ubuntu/CockroachDB-ycsb/cockroachdb.properties -threads 3 -p db.url=jdbc:postgresql://172.31.5.33:26257/test -p measurementtype=histogram -p histogram.buckets=25 -p operationcount=300000 -t
Loading workload...
Starting test.
Adding shard node URL: jdbc:postgresql://172.31.5.33:26257/test
Adding shard node URL: jdbc:postgresql://172.31.5.33:26257/test
Adding shard node URL: jdbc:postgresql://172.31.5.33:26257/test
Using shards: 1, batchSize:-1, fetchSize: -1
DBWrapper: report latency for each error is false and specific error codes to track for latency are: []
Using shards: 1, batchSize:-1, fetchSize: -1
DBWrapper: report latency for each error is false and specific error codes to track for latency are: []
Using shards: 1, batchSize:-1, fetchSize: -1
DBWrapper: report latency for each error is false and specific error codes to track for latency are: []
[OVERALL], RunTime(ms), 239679.0
[OVERALL], Throughput(ops/sec), 1251.6741141276457
[TOTAL_GCS_PS_Scavenge], Count, 19.0
[TOTAL_GC_TIME_PS_Scavenge], Time(ms), 24.0
[TOTAL_GC_TIME_%_PS_Scavenge], Time(%), 0.010013392913021167
[TOTAL_GCS_PS_MarkSweep], Count, 0.0
[TOTAL_GC_TIME_PS_MarkSweep], Time(ms), 0.0
[TOTAL_GC_TIME_%_PS_MarkSweep], Time(%), 0.0
[TOTAL_GCs], Count, 19.0
[TOTAL_GC_TIME], Time(ms), 24.0
[TOTAL_GC_TIME_%], Time(%), 0.010013392913021167
[READ], Operations, 150027
[READ], AverageLatency(us), 1365.9141154592173
[READ], LatencyVariance(us), 1156448.0450210809
[READ], MinLatency(us), 292
[READ], MaxLatency(us), 45887
[READ], 95thPercentileLatency(us), 2000
[READ], 99thPercentileLatency(us), 5000
[READ], Return=OK, 150027
[READ], 0, 69213
[READ], 1, 50114
[READ], 2, 24336
[READ], 3, 3721
[READ], 4, 1108
[READ], 5, 562
[READ], 6, 316
[READ], 7, 223
[READ], 8, 153
[READ], 9, 90
[READ], 10, 62
[READ], 11, 34
[READ], 12, 24
[READ], 13, 15
[READ], 14, 11
[READ], 15, 6
[READ], 16, 10
[READ], 17, 8
[READ], 18, 4
[READ], 19, 4
[READ], 20, 2
[READ], 21, 1
[READ], 22, 1
[READ], 23, 1
[READ], 24, 1
[READ], >25, 7
[CLEANUP], Operations, 3
[CLEANUP], AverageLatency(us), 127.0
[CLEANUP], LatencyVariance(us), 7964.666666666668
[CLEANUP], MinLatency(us), 41
[CLEANUP], MaxLatency(us), 250
[CLEANUP], 95thPercentileLatency(us), 0
[CLEANUP], 99thPercentileLatency(us), 0
[CLEANUP], 0, 3
[CLEANUP], 1, 0
[CLEANUP], 2, 0
[CLEANUP], 3, 0
[CLEANUP], 4, 0
[CLEANUP], 5, 0
[CLEANUP], 6, 0
[CLEANUP], 7, 0
[CLEANUP], 8, 0
[CLEANUP], 9, 0
[CLEANUP], 10, 0
[CLEANUP], 11, 0
[CLEANUP], 12, 0
[CLEANUP], 13, 0
[CLEANUP], 14, 0
[CLEANUP], 15, 0
[CLEANUP], 16, 0
[CLEANUP], 17, 0
[CLEANUP], 18, 0
[CLEANUP], 19, 0
[CLEANUP], 20, 0
[CLEANUP], 21, 0
[CLEANUP], 22, 0
[CLEANUP], 23, 0
[CLEANUP], 24, 0
[CLEANUP], >25, 0
[UPDATE], Operations, 149973
[UPDATE], AverageLatency(us), 3394.849739619798
[UPDATE], LatencyVariance(us), 5430192.983009489
[UPDATE], MinLatency(us), 896
[UPDATE], MaxLatency(us), 90764
[UPDATE], 95thPercentileLatency(us), 6000
[UPDATE], 99thPercentileLatency(us), 11000
[UPDATE], Return=OK, 149973
[UPDATE], 0, 53
[UPDATE], 1, 53177
[UPDATE], 2, 27143
[UPDATE], 3, 11483
[UPDATE], 4, 31323
[UPDATE], 5, 16154
[UPDATE], 6, 4348
[UPDATE], 7, 1996
[UPDATE], 8, 1249
[UPDATE], 9, 744
[UPDATE], 10, 532
[UPDATE], 11, 411
[UPDATE], 12, 333
[UPDATE], 13, 240
[UPDATE], 14, 152
[UPDATE], 15, 130
[UPDATE], 16, 92
[UPDATE], 17, 66
[UPDATE], 18, 52
[UPDATE], 19, 42
[UPDATE], 20, 41
[UPDATE], 21, 32
[UPDATE], 22, 28
[UPDATE], 23, 19
[UPDATE], 24, 23
[UPDATE], >25, 110
