java -cp /home/ubuntu/CockroachDB-ycsb/postgresql-42.2.2.jar:/home/ubuntu/CockroachDB-ycsb/ycsb/jdbc-binding/conf:/home/ubuntu/CockroachDB-ycsb/ycsb/conf:/home/ubuntu/CockroachDB-ycsb/ycsb/lib/openjpa-jdbc-2.1.1.jar:/home/ubuntu/CockroachDB-ycsb/ycsb/lib/serp-1.13.1.jar:/home/ubuntu/CockroachDB-ycsb/ycsb/lib/commons-collections-3.2.1.jar:/home/ubuntu/CockroachDB-ycsb/ycsb/lib/commons-lang-2.4.jar:/home/ubuntu/CockroachDB-ycsb/ycsb/lib/core-0.12.0.jar:/home/ubuntu/CockroachDB-ycsb/ycsb/lib/commons-pool-1.5.4.jar:/home/ubuntu/CockroachDB-ycsb/ycsb/lib/geronimo-jta_1.1_spec-1.1.1.jar:/home/ubuntu/CockroachDB-ycsb/ycsb/lib/openjpa-lib-2.1.1.jar:/home/ubuntu/CockroachDB-ycsb/ycsb/lib/jackson-mapper-asl-1.9.4.jar:/home/ubuntu/CockroachDB-ycsb/ycsb/lib/openjpa-kernel-2.1.1.jar:/home/ubuntu/CockroachDB-ycsb/ycsb/lib/jackson-core-asl-1.9.4.jar:/home/ubuntu/CockroachDB-ycsb/ycsb/lib/HdrHistogram-2.1.4.jar:/home/ubuntu/CockroachDB-ycsb/ycsb/lib/htrace-core4-4.1.0-incubating.jar:/home/ubuntu/CockroachDB-ycsb/ycsb/lib/jdbc-binding-0.12.0.jar:/home/ubuntu/CockroachDB-ycsb/ycsb/lib/geronimo-jms_1.1_spec-1.1.1.jar com.yahoo.ycsb.Client -db com.yahoo.ycsb.db.JdbcDBClient -P /home/ubuntu/CockroachDB-ycsb/workloads/workload50 -P /home/ubuntu/CockroachDB-ycsb/cockroachdb.properties -threads 3 -p db.url=jdbc:postgresql://172.31.38.96:26257/test -p measurementtype=histogram -p histogram.buckets=25 -p operationcount=300000 -t
YCSB Client 0.12.0
Command line: -db com.yahoo.ycsb.db.JdbcDBClient -P /home/ubuntu/CockroachDB-ycsb/workloads/workload50 -P /home/ubuntu/CockroachDB-ycsb/cockroachdb.properties -threads 3 -p db.url=jdbc:postgresql://172.31.38.96:26257/test -p measurementtype=histogram -p histogram.buckets=25 -p operationcount=300000 -t
Loading workload...
Starting test.
Adding shard node URL: jdbc:postgresql://172.31.38.96:26257/test
Adding shard node URL: jdbc:postgresql://172.31.38.96:26257/test
Adding shard node URL: jdbc:postgresql://172.31.38.96:26257/test
Using shards: 1, batchSize:-1, fetchSize: -1
Using shards: 1, batchSize:-1, fetchSize: -1
Using shards: 1, batchSize:-1, fetchSize: -1
DBWrapper: report latency for each error is false and specific error codes to track for latency are: []
DBWrapper: report latency for each error is false and specific error codes to track for latency are: []
DBWrapper: report latency for each error is false and specific error codes to track for latency are: []
[OVERALL], RunTime(ms), 261321.0
[OVERALL], Throughput(ops/sec), 1148.0133628755439
[TOTAL_GCS_PS_Scavenge], Count, 19.0
[TOTAL_GC_TIME_PS_Scavenge], Time(ms), 24.0
[TOTAL_GC_TIME_%_PS_Scavenge], Time(%), 0.009184106903004351
[TOTAL_GCS_PS_MarkSweep], Count, 0.0
[TOTAL_GC_TIME_PS_MarkSweep], Time(ms), 0.0
[TOTAL_GC_TIME_%_PS_MarkSweep], Time(%), 0.0
[TOTAL_GCs], Count, 19.0
[TOTAL_GC_TIME], Time(ms), 24.0
[TOTAL_GC_TIME_%], Time(%), 0.009184106903004351
[READ], Operations, 149799
[READ], AverageLatency(us), 1465.2355222665037
[READ], LatencyVariance(us), 1076779.1773879593
[READ], MinLatency(us), 278
[READ], MaxLatency(us), 36099
[READ], 95thPercentileLatency(us), 2000
[READ], 99thPercentileLatency(us), 4000
[READ], Return=OK, 149799
[READ], 0, 49555
[READ], 1, 70332
[READ], 2, 24536
[READ], 3, 3186
[READ], 4, 866
[READ], 5, 448
[READ], 6, 238
[READ], 7, 201
[READ], 8, 155
[READ], 9, 78
[READ], 10, 46
[READ], 11, 37
[READ], 12, 28
[READ], 13, 27
[READ], 14, 15
[READ], 15, 16
[READ], 16, 7
[READ], 17, 7
[READ], 18, 3
[READ], 19, 5
[READ], 20, 1
[READ], 21, 1
[READ], 22, 1
[READ], 23, 1
[READ], 24, 2
[READ], >25, 7
[CLEANUP], Operations, 3
[CLEANUP], AverageLatency(us), 315.3333333333333
[CLEANUP], LatencyVariance(us), 118057.55555555556
[CLEANUP], MinLatency(us), 59
[CLEANUP], MaxLatency(us), 801
[CLEANUP], 95thPercentileLatency(us), 0
[CLEANUP], 99thPercentileLatency(us), 0
[CLEANUP], 0, 3
[CLEANUP], 1, 0
[CLEANUP], 2, 0
[CLEANUP], 3, 0
[CLEANUP], 4, 0
[CLEANUP], 5, 0
[CLEANUP], 6, 0
[CLEANUP], 7, 0
[CLEANUP], 8, 0
[CLEANUP], 9, 0
[CLEANUP], 10, 0
[CLEANUP], 11, 0
[CLEANUP], 12, 0
[CLEANUP], 13, 0
[CLEANUP], 14, 0
[CLEANUP], 15, 0
[CLEANUP], 16, 0
[CLEANUP], 17, 0
[CLEANUP], 18, 0
[CLEANUP], 19, 0
[CLEANUP], 20, 0
[CLEANUP], 21, 0
[CLEANUP], 22, 0
[CLEANUP], 23, 0
[CLEANUP], 24, 0
[CLEANUP], >25, 0
[UPDATE], Operations, 150201
[UPDATE], AverageLatency(us), 3748.851139473106
[UPDATE], LatencyVariance(us), 5418101.409502117
[UPDATE], MinLatency(us), 1253
[UPDATE], MaxLatency(us), 59598
[UPDATE], 95thPercentileLatency(us), 6000
[UPDATE], 99thPercentileLatency(us), 12000
[UPDATE], Return=OK, 150201
[UPDATE], 0, 0
[UPDATE], 1, 38867
[UPDATE], 2, 15894
[UPDATE], 3, 34165
[UPDATE], 4, 37387
[UPDATE], 5, 13022
[UPDATE], 6, 3907
[UPDATE], 7, 1822
[UPDATE], 8, 1256
[UPDATE], 9, 862
[UPDATE], 10, 651
[UPDATE], 11, 519
[UPDATE], 12, 395
[UPDATE], 13, 291
[UPDATE], 14, 232
[UPDATE], 15, 203
[UPDATE], 16, 135
[UPDATE], 17, 90
[UPDATE], 18, 75
[UPDATE], 19, 76
[UPDATE], 20, 68
[UPDATE], 21, 42
[UPDATE], 22, 37
[UPDATE], 23, 31
[UPDATE], 24, 29
[UPDATE], >25, 145
