YCSB Client 0.1
Command line: -P workloads/workload50 -t -db com.yahoo.ycsb.db.TapirClient -p tapir.configpath=../store/tools/shard -p tapir.nshards=8 -p tapir.closestreplica=0 -p measurement.type=histogram -p histogram.buckets=25 -threads 3 -p operationcount=300000
Loading workload...
Starting test.
Database validation succeeded
[OVERALL], RunTime(ms), 144030.0
[OVERALL], Throughput(ops/sec), 2082.8993959591753
[READ], Operations, 150150
[READ], AverageLatency(us), 304.38600066600065
[READ], MinLatency(us), 141
[READ], MaxLatency(us), 9325
[READ], 95thPercentileLatency(ms), 0
[READ], 99thPercentileLatency(ms), 0
[READ], Return=0, 150150
[READ], 0, 149344
[READ], 1, 786
[READ], 2, 6
[READ], 3, 9
[READ], 4, 2
[READ], 5, 1
[READ], 6, 1
[READ], 7, 0
[READ], 8, 0
[READ], 9, 1
[READ], 10, 0
[READ], 11, 0
[READ], 12, 0
[READ], 13, 0
[READ], 14, 0
[READ], 15, 0
[READ], 16, 0
[READ], 17, 0
[READ], 18, 0
[READ], 19, 0
[READ], 20, 0
[READ], 21, 0
[READ], 22, 0
[READ], 23, 0
[READ], 24, 0
[READ], >25, 0
[COMMIT], Operations, 300000
[COMMIT], AverageLatency(us), 1122.15748
[COMMIT], MinLatency(us), 1004
[COMMIT], MaxLatency(us), 502457
[COMMIT], 95thPercentileLatency(ms), 1
[COMMIT], 99thPercentileLatency(ms), 1
[COMMIT], Return=0, 300000
[COMMIT], 0, 0
[COMMIT], 1, 298702
[COMMIT], 2, 455
[COMMIT], 3, 206
[COMMIT], 4, 83
[COMMIT], 5, 24
[COMMIT], 6, 78
[COMMIT], 7, 277
[COMMIT], 8, 170
[COMMIT], 9, 1
[COMMIT], 10, 0
[COMMIT], 11, 1
[COMMIT], 12, 0
[COMMIT], 13, 0
[COMMIT], 14, 1
[COMMIT], 15, 1
[COMMIT], 16, 0
[COMMIT], 17, 0
[COMMIT], 18, 0
[COMMIT], 19, 0
[COMMIT], 20, 0
[COMMIT], 21, 0
[COMMIT], 22, 0
[COMMIT], 23, 0
[COMMIT], 24, 0
[COMMIT], >25, 1
[START], Operations, 300000
[START], AverageLatency(us), 0.6959633333333334
[START], MinLatency(us), 0
[START], MaxLatency(us), 61
[START], 95thPercentileLatency(ms), 0
[START], 99thPercentileLatency(ms), 0
[START], Return=0, 300000
[START], 0, 300000
[START], 1, 0
[START], 2, 0
[START], 3, 0
[START], 4, 0
[START], 5, 0
[START], 6, 0
[START], 7, 0
[START], 8, 0
[START], 9, 0
[START], 10, 0
[START], 11, 0
[START], 12, 0
[START], 13, 0
[START], 14, 0
[START], 15, 0
[START], 16, 0
[START], 17, 0
[START], 18, 0
[START], 19, 0
[START], 20, 0
[START], 21, 0
[START], 22, 0
[START], 23, 0
[START], 24, 0
[START], >25, 0
[UPDATE], Operations, 149850
[UPDATE], AverageLatency(us), 315.5807207207207
[UPDATE], MinLatency(us), 149
[UPDATE], MaxLatency(us), 6913
[UPDATE], 95thPercentileLatency(ms), 0
[UPDATE], 99thPercentileLatency(ms), 0
[UPDATE], Return=0, 149850
[UPDATE], 0, 148914
[UPDATE], 1, 899
[UPDATE], 2, 18
[UPDATE], 3, 10
[UPDATE], 4, 5
[UPDATE], 5, 2
[UPDATE], 6, 2
[UPDATE], 7, 0
[UPDATE], 8, 0
[UPDATE], 9, 0
[UPDATE], 10, 0
[UPDATE], 11, 0
[UPDATE], 12, 0
[UPDATE], 13, 0
[UPDATE], 14, 0
[UPDATE], 15, 0
[UPDATE], 16, 0
[UPDATE], 17, 0
[UPDATE], 18, 0
[UPDATE], 19, 0
[UPDATE], 20, 0
[UPDATE], 21, 0
[UPDATE], 22, 0
[UPDATE], 23, 0
[UPDATE], 24, 0
[UPDATE], >25, 0
