YCSB Client 0.1
Command line: -P workloads/workload100 -t -db com.yahoo.ycsb.db.TapirClient -s -p tapir.configpath=../store/tools/shard -p tapir.nshards=8 -p tapir.closestreplica=0 -p measurement.type=histogram -p histogram.buckets=25 -threads 6 -p operationcount=150000
Loading workload...
Starting test.
 0 sec: 0 operations; 
 10 sec: 17856 operations; 1781.32 current ops/sec; [READ AverageLatency(us)=1065.68] [COMMIT AverageLatency(us)=2271.82] [START AverageLatency(us)=1.03] 
 20 sec: 35447 operations; 1758.57 current ops/sec; [READ AverageLatency(us)=1111.39] [COMMIT AverageLatency(us)=2293.41] [START AverageLatency(us)=1.01] 
 30 sec: 52898 operations; 1744.93 current ops/sec; [READ AverageLatency(us)=1137.12] [COMMIT AverageLatency(us)=2293.74] [START AverageLatency(us)=1.01] 
 40 sec: 70588 operations; 1769 current ops/sec; [READ AverageLatency(us)=1099.98] [COMMIT AverageLatency(us)=2285.45] [START AverageLatency(us)=1] 
 50 sec: 88221 operations; 1763.3 current ops/sec; [READ AverageLatency(us)=1114.36] [COMMIT AverageLatency(us)=2282.95] [START AverageLatency(us)=1] 
 60 sec: 105785 operations; 1756.22 current ops/sec; [READ AverageLatency(us)=1134] [COMMIT AverageLatency(us)=2277.01] [START AverageLatency(us)=1] 
 70 sec: 123243 operations; 1745.8 current ops/sec; [READ AverageLatency(us)=1169.72] [COMMIT AverageLatency(us)=2261.8] [START AverageLatency(us)=0.99] 
 80 sec: 143774 operations; 2052.89 current ops/sec; [READ AverageLatency(us)=978.2] [COMMIT AverageLatency(us)=1939.19] [START AverageLatency(us)=0.97] 
 82 sec: 150000 operations; 3085.23 current ops/sec; [READ AverageLatency(us)=507.24] [COMMIT AverageLatency(us)=1250.68] [START AverageLatency(us)=0.92] 
Database validation succeeded
[OVERALL], RunTime(ms), 82048.0
[OVERALL], Throughput(ops/sec), 1828.198127925117
[READ], Operations, 150000
[READ], AverageLatency(us), 1074.09592
[READ], MinLatency(us), 143
[READ], MaxLatency(us), 17868
[READ], 95thPercentileLatency(ms), 4
[READ], 99thPercentileLatency(ms), 7
[READ], Return=0, 150000
[READ], 0, 104797
[READ], 1, 22868
[READ], 2, 9142
[READ], 3, 5112
[READ], 4, 3141
[READ], 5, 1916
[READ], 6, 1190
[READ], 7, 803
[READ], 8, 444
[READ], 9, 261
[READ], 10, 150
[READ], 11, 84
[READ], 12, 48
[READ], 13, 27
[READ], 14, 12
[READ], 15, 2
[READ], 16, 2
[READ], 17, 1
[READ], 18, 0
[READ], 19, 0
[READ], 20, 0
[READ], 21, 0
[READ], 22, 0
[READ], 23, 0
[READ], 24, 0
[READ], >25, 0
[COMMIT], Operations, 150000
[COMMIT], AverageLatency(us), 2191.3520266666665
[COMMIT], MinLatency(us), 1015
[COMMIT], MaxLatency(us), 17445
[COMMIT], 95thPercentileLatency(ms), 5
[COMMIT], 99thPercentileLatency(ms), 8
[COMMIT], Return=0, 150000
[COMMIT], 0, 0
[COMMIT], 1, 99598
[COMMIT], 2, 20534
[COMMIT], 3, 11511
[COMMIT], 4, 7137
[COMMIT], 5, 4542
[COMMIT], 6, 2893
[COMMIT], 7, 1671
[COMMIT], 8, 989
[COMMIT], 9, 528
[COMMIT], 10, 288
[COMMIT], 11, 161
[COMMIT], 12, 80
[COMMIT], 13, 33
[COMMIT], 14, 20
[COMMIT], 15, 10
[COMMIT], 16, 4
[COMMIT], 17, 1
[COMMIT], 18, 0
[COMMIT], 19, 0
[COMMIT], 20, 0
[COMMIT], 21, 0
[COMMIT], 22, 0
[COMMIT], 23, 0
[COMMIT], 24, 0
[COMMIT], >25, 0
[START], Operations, 150000
[START], AverageLatency(us), 0.9984933333333333
[START], MinLatency(us), 0
[START], MaxLatency(us), 53
[START], 95thPercentileLatency(ms), 0
[START], 99thPercentileLatency(ms), 0
[START], Return=0, 150000
[START], 0, 150000
[START], 1, 0
[START], 2, 0
[START], 3, 0
[START], 4, 0
[START], 5, 0
[START], 6, 0
[START], 7, 0
[START], 8, 0
[START], 9, 0
[START], 10, 0
[START], 11, 0
[START], 12, 0
[START], 13, 0
[START], 14, 0
[START], 15, 0
[START], 16, 0
[START], 17, 0
[START], 18, 0
[START], 19, 0
[START], 20, 0
[START], 21, 0
[START], 22, 0
[START], 23, 0
[START], 24, 0
[START], >25, 0
