YCSB Client 0.1
Command line: -P workloads/workload100 -t -db com.yahoo.ycsb.db.TapirClient -s -p tapir.configpath=../store/tools/shard -p tapir.nshards=8 -p tapir.closestreplica=1 -p measurement.type=histogram -p histogram.buckets=25 -threads 5 -p operationcount=300000
Loading workload...
Starting test.
 0 sec: 0 operations; 
 10 sec: 32611 operations; 3253.62 current ops/sec; [READ AverageLatency(us)=562.19] [COMMIT AverageLatency(us)=959.07] [START AverageLatency(us)=0.84] 
 20 sec: 65908 operations; 3328.37 current ops/sec; [READ AverageLatency(us)=532.85] [COMMIT AverageLatency(us)=963.17] [START AverageLatency(us)=0.78] 
 30 sec: 99478 operations; 3355.99 current ops/sec; [READ AverageLatency(us)=538.65] [COMMIT AverageLatency(us)=946.35] [START AverageLatency(us)=0.77] 
 40 sec: 133021 operations; 3353.63 current ops/sec; [READ AverageLatency(us)=538.88] [COMMIT AverageLatency(us)=947.2] [START AverageLatency(us)=0.76] 
 50 sec: 166591 operations; 3357 current ops/sec; [READ AverageLatency(us)=536.66] [COMMIT AverageLatency(us)=948.34] [START AverageLatency(us)=0.78] 
 60 sec: 200145 operations; 3355.06 current ops/sec; [READ AverageLatency(us)=538.29] [COMMIT AverageLatency(us)=947.23] [START AverageLatency(us)=0.77] 
 70 sec: 233699 operations; 3355.06 current ops/sec; [READ AverageLatency(us)=537.04] [COMMIT AverageLatency(us)=948.71] [START AverageLatency(us)=0.77] 
 80 sec: 267257 operations; 3355.46 current ops/sec; [READ AverageLatency(us)=539.52] [COMMIT AverageLatency(us)=946.02] [START AverageLatency(us)=0.77] 
 89 sec: 300000 operations; 3303.04 current ops/sec; [READ AverageLatency(us)=528.55] [COMMIT AverageLatency(us)=956.62] [START AverageLatency(us)=0.77] 
Database validation succeeded
[OVERALL], RunTime(ms), 89948.0
[OVERALL], Throughput(ops/sec), 3335.260372659759
[READ], Operations, 300000
[READ], AverageLatency(us), 539.1440966666667
[READ], MinLatency(us), 180
[READ], MaxLatency(us), 10850
[READ], 95thPercentileLatency(ms), 1
[READ], 99thPercentileLatency(ms), 1
[READ], Return=0, 300000
[READ], 0, 278241
[READ], 1, 21538
[READ], 2, 171
[READ], 3, 18
[READ], 4, 7
[READ], 5, 7
[READ], 6, 0
[READ], 7, 10
[READ], 8, 2
[READ], 9, 0
[READ], 10, 6
[READ], 11, 0
[READ], 12, 0
[READ], 13, 0
[READ], 14, 0
[READ], 15, 0
[READ], 16, 0
[READ], 17, 0
[READ], 18, 0
[READ], 19, 0
[READ], 20, 0
[READ], 21, 0
[READ], 22, 0
[READ], 23, 0
[READ], 24, 0
[READ], >25, 0
[COMMIT], Operations, 300000
[COMMIT], AverageLatency(us), 951.36333
[COMMIT], MinLatency(us), 653
[COMMIT], MaxLatency(us), 502340
[COMMIT], 95thPercentileLatency(ms), 1
[COMMIT], 99thPercentileLatency(ms), 1
[COMMIT], Return=0, 300000
[COMMIT], 0, 209487
[COMMIT], 1, 89841
[COMMIT], 2, 396
[COMMIT], 3, 104
[COMMIT], 4, 122
[COMMIT], 5, 34
[COMMIT], 6, 2
[COMMIT], 7, 6
[COMMIT], 8, 0
[COMMIT], 9, 3
[COMMIT], 10, 1
[COMMIT], 11, 2
[COMMIT], 12, 0
[COMMIT], 13, 0
[COMMIT], 14, 0
[COMMIT], 15, 0
[COMMIT], 16, 0
[COMMIT], 17, 0
[COMMIT], 18, 0
[COMMIT], 19, 0
[COMMIT], 20, 0
[COMMIT], 21, 0
[COMMIT], 22, 0
[COMMIT], 23, 0
[COMMIT], 24, 0
[COMMIT], >25, 2
[START], Operations, 300000
[START], AverageLatency(us), 0.7789166666666667
[START], MinLatency(us), 0
[START], MaxLatency(us), 64
[START], 95thPercentileLatency(ms), 0
[START], 99thPercentileLatency(ms), 0
[START], Return=0, 300000
[START], 0, 300000
[START], 1, 0
[START], 2, 0
[START], 3, 0
[START], 4, 0
[START], 5, 0
[START], 6, 0
[START], 7, 0
[START], 8, 0
[START], 9, 0
[START], 10, 0
[START], 11, 0
[START], 12, 0
[START], 13, 0
[START], 14, 0
[START], 15, 0
[START], 16, 0
[START], 17, 0
[START], 18, 0
[START], 19, 0
[START], 20, 0
[START], 21, 0
[START], 22, 0
[START], 23, 0
[START], 24, 0
[START], >25, 0
