YCSB Client 0.1
Command line: -P workloads/workload100 -t -db com.yahoo.ycsb.db.TapirClient -s -p tapir.configpath=../store/tools/shard -p tapir.nshards=8 -p tapir.closestreplica=0 -p measurement.type=histogram -p histogram.buckets=25 -threads 6 -p operationcount=150000
Loading workload...
Starting test.
 0 sec: 0 operations; 
 10 sec: 18521 operations; 1845.64 current ops/sec; [READ AverageLatency(us)=1038.55] [COMMIT AverageLatency(us)=2183.65] [START AverageLatency(us)=1.06] 
 20 sec: 36320 operations; 1779.54 current ops/sec; [READ AverageLatency(us)=1108.13] [COMMIT AverageLatency(us)=2255.79] [START AverageLatency(us)=1.01] 
 30 sec: 53915 operations; 1759.32 current ops/sec; [READ AverageLatency(us)=1124.84] [COMMIT AverageLatency(us)=2277.84] [START AverageLatency(us)=1.03] 
 40 sec: 71715 operations; 1780 current ops/sec; [READ AverageLatency(us)=1117.22] [COMMIT AverageLatency(us)=2247.07] [START AverageLatency(us)=1.02] 
 50 sec: 89640 operations; 1792.32 current ops/sec; [READ AverageLatency(us)=1090.41] [COMMIT AverageLatency(us)=2251.19] [START AverageLatency(us)=0.99] 
 60 sec: 107059 operations; 1741.9 current ops/sec; [READ AverageLatency(us)=1146.43] [COMMIT AverageLatency(us)=2293.21] [START AverageLatency(us)=0.99] 
 70 sec: 124553 operations; 1749.23 current ops/sec; [READ AverageLatency(us)=1167.58] [COMMIT AverageLatency(us)=2255.91] [START AverageLatency(us)=0.99] 
 80 sec: 144155 operations; 1960.2 current ops/sec; [READ AverageLatency(us)=1033.56] [COMMIT AverageLatency(us)=2022.71] [START AverageLatency(us)=0.99] 
 81 sec: 150000 operations; 3042.69 current ops/sec; [READ AverageLatency(us)=548.86] [COMMIT AverageLatency(us)=1298.65] [START AverageLatency(us)=0.95] 
Database validation succeeded
[OVERALL], RunTime(ms), 81962.0
[OVERALL], Throughput(ops/sec), 1830.1163954027477
[READ], Operations, 150000
[READ], AverageLatency(us), 1080.3129733333333
[READ], MinLatency(us), 149
[READ], MaxLatency(us), 19871
[READ], 95thPercentileLatency(ms), 4
[READ], 99thPercentileLatency(ms), 7
[READ], Return=0, 150000
[READ], 0, 104234
[READ], 1, 23262
[READ], 2, 9213
[READ], 3, 5156
[READ], 4, 3156
[READ], 5, 1994
[READ], 6, 1208
[READ], 7, 780
[READ], 8, 465
[READ], 9, 236
[READ], 10, 148
[READ], 11, 76
[READ], 12, 32
[READ], 13, 21
[READ], 14, 13
[READ], 15, 4
[READ], 16, 1
[READ], 17, 0
[READ], 18, 0
[READ], 19, 1
[READ], 20, 0
[READ], 21, 0
[READ], 22, 0
[READ], 23, 0
[READ], 24, 0
[READ], >25, 0
[COMMIT], Operations, 150000
[COMMIT], AverageLatency(us), 2184.4879266666667
[COMMIT], MinLatency(us), 1030
[COMMIT], MaxLatency(us), 19013
[COMMIT], 95thPercentileLatency(ms), 5
[COMMIT], 99thPercentileLatency(ms), 8
[COMMIT], Return=0, 150000
[COMMIT], 0, 0
[COMMIT], 1, 99587
[COMMIT], 2, 20582
[COMMIT], 3, 11652
[COMMIT], 4, 7182
[COMMIT], 5, 4486
[COMMIT], 6, 2847
[COMMIT], 7, 1610
[COMMIT], 8, 972
[COMMIT], 9, 515
[COMMIT], 10, 274
[COMMIT], 11, 160
[COMMIT], 12, 68
[COMMIT], 13, 33
[COMMIT], 14, 13
[COMMIT], 15, 14
[COMMIT], 16, 2
[COMMIT], 17, 1
[COMMIT], 18, 1
[COMMIT], 19, 1
[COMMIT], 20, 0
[COMMIT], 21, 0
[COMMIT], 22, 0
[COMMIT], 23, 0
[COMMIT], 24, 0
[COMMIT], >25, 0
[START], Operations, 150000
[START], AverageLatency(us), 1.0081266666666666
[START], MinLatency(us), 0
[START], MaxLatency(us), 74
[START], 95thPercentileLatency(ms), 0
[START], 99thPercentileLatency(ms), 0
[START], Return=0, 150000
[START], 0, 150000
[START], 1, 0
[START], 2, 0
[START], 3, 0
[START], 4, 0
[START], 5, 0
[START], 6, 0
[START], 7, 0
[START], 8, 0
[START], 9, 0
[START], 10, 0
[START], 11, 0
[START], 12, 0
[START], 13, 0
[START], 14, 0
[START], 15, 0
[START], 16, 0
[START], 17, 0
[START], 18, 0
[START], 19, 0
[START], 20, 0
[START], 21, 0
[START], 22, 0
[START], 23, 0
[START], 24, 0
[START], >25, 0
