YCSB Client 0.1
Command line: -P workloads/workload100 -t -db com.yahoo.ycsb.db.TapirClient -s -p tapir.configpath=../store/tools/shard -p tapir.nshards=8 -p tapir.closestreplica=0 -p measurement.type=histogram -p histogram.buckets=25 -threads 4 -p operationcount=150000
Loading workload...
Starting test.
 0 sec: 0 operations; 
 10 sec: 16755 operations; 1669.82 current ops/sec; [READ AverageLatency(us)=707.18] [COMMIT AverageLatency(us)=1665.29] [START AverageLatency(us)=1.04] 
 20 sec: 33589 operations; 1682.9 current ops/sec; [READ AverageLatency(us)=709.56] [COMMIT AverageLatency(us)=1659.83] [START AverageLatency(us)=1] 
 30 sec: 50678 operations; 1708.9 current ops/sec; [READ AverageLatency(us)=696.38] [COMMIT AverageLatency(us)=1636.71] [START AverageLatency(us)=1.01] 
 40 sec: 67867 operations; 1718.73 current ops/sec; [READ AverageLatency(us)=649.49] [COMMIT AverageLatency(us)=1670.51] [START AverageLatency(us)=1] 
 50 sec: 84885 operations; 1701.8 current ops/sec; [READ AverageLatency(us)=666.34] [COMMIT AverageLatency(us)=1678.23] [START AverageLatency(us)=0.98] 
 60 sec: 101904 operations; 1701.73 current ops/sec; [READ AverageLatency(us)=669.63] [COMMIT AverageLatency(us)=1675.29] [START AverageLatency(us)=0.99] 
 70 sec: 119010 operations; 1710.09 current ops/sec; [READ AverageLatency(us)=651.51] [COMMIT AverageLatency(us)=1681.81] [START AverageLatency(us)=0.99] 
 80 sec: 138240 operations; 1923 current ops/sec; [READ AverageLatency(us)=557.43] [COMMIT AverageLatency(us)=1516.97] [START AverageLatency(us)=1] 
 84 sec: 150000 operations; 2398.04 current ops/sec; [READ AverageLatency(us)=396.61] [COMMIT AverageLatency(us)=1196.11] [START AverageLatency(us)=0.97] 
Database validation succeeded
[OVERALL], RunTime(ms), 84946.0
[OVERALL], Throughput(ops/sec), 1765.8277023049939
[READ], Operations, 150000
[READ], AverageLatency(us), 640.8218933333334
[READ], MinLatency(us), 145
[READ], MaxLatency(us), 10008
[READ], 95thPercentileLatency(ms), 2
[READ], 99thPercentileLatency(ms), 3
[READ], Return=0, 150000
[READ], 0, 122073
[READ], 1, 20292
[READ], 2, 4971
[READ], 3, 1682
[READ], 4, 647
[READ], 5, 211
[READ], 6, 85
[READ], 7, 25
[READ], 8, 10
[READ], 9, 3
[READ], 10, 1
[READ], 11, 0
[READ], 12, 0
[READ], 13, 0
[READ], 14, 0
[READ], 15, 0
[READ], 16, 0
[READ], 17, 0
[READ], 18, 0
[READ], 19, 0
[READ], 20, 0
[READ], 21, 0
[READ], 22, 0
[READ], 23, 0
[READ], 24, 0
[READ], >25, 0
[COMMIT], Operations, 150000
[COMMIT], AverageLatency(us), 1610.7070866666666
[COMMIT], MinLatency(us), 1025
[COMMIT], MaxLatency(us), 502467
[COMMIT], 95thPercentileLatency(ms), 3
[COMMIT], 99thPercentileLatency(ms), 5
[COMMIT], Return=0, 150000
[COMMIT], 0, 0
[COMMIT], 1, 122868
[COMMIT], 2, 16606
[COMMIT], 3, 6383
[COMMIT], 4, 2543
[COMMIT], 5, 1010
[COMMIT], 6, 389
[COMMIT], 7, 131
[COMMIT], 8, 44
[COMMIT], 9, 16
[COMMIT], 10, 5
[COMMIT], 11, 2
[COMMIT], 12, 2
[COMMIT], 13, 0
[COMMIT], 14, 0
[COMMIT], 15, 0
[COMMIT], 16, 0
[COMMIT], 17, 0
[COMMIT], 18, 0
[COMMIT], 19, 0
[COMMIT], 20, 0
[COMMIT], 21, 0
[COMMIT], 22, 0
[COMMIT], 23, 0
[COMMIT], 24, 0
[COMMIT], >25, 1
[START], Operations, 150000
[START], AverageLatency(us), 0.9997866666666667
[START], MinLatency(us), 0
[START], MaxLatency(us), 71
[START], 95thPercentileLatency(ms), 0
[START], 99thPercentileLatency(ms), 0
[START], Return=0, 150000
[START], 0, 150000
[START], 1, 0
[START], 2, 0
[START], 3, 0
[START], 4, 0
[START], 5, 0
[START], 6, 0
[START], 7, 0
[START], 8, 0
[START], 9, 0
[START], 10, 0
[START], 11, 0
[START], 12, 0
[START], 13, 0
[START], 14, 0
[START], 15, 0
[START], 16, 0
[START], 17, 0
[START], 18, 0
[START], 19, 0
[START], 20, 0
[START], 21, 0
[START], 22, 0
[START], 23, 0
[START], 24, 0
[START], >25, 0
