YCSB Client 0.1
Command line: -P workloads/workload100 -t -db com.yahoo.ycsb.db.TapirClient -s -p tapir.configpath=../store/tools/shard -p tapir.nshards=8 -p tapir.closestreplica=1 -p measurement.type=histogram -p histogram.buckets=25 -threads 1 -p operationcount=300000
Loading workload...
Starting test.
 0 sec: 0 operations; 
 10 sec: 10374 operations; 1035.85 current ops/sec; [READ AverageLatency(us)=244.78] [COMMIT AverageLatency(us)=704.89] [START AverageLatency(us)=1.12] 
 20 sec: 20989 operations; 1061.18 current ops/sec; [READ AverageLatency(us)=233.76] [COMMIT AverageLatency(us)=702.47] [START AverageLatency(us)=0.76] 
 30 sec: 31600 operations; 1061.1 current ops/sec; [READ AverageLatency(us)=233.7] [COMMIT AverageLatency(us)=702.75] [START AverageLatency(us)=0.78] 
 40 sec: 42208 operations; 1060.69 current ops/sec; [READ AverageLatency(us)=234.18] [COMMIT AverageLatency(us)=702.69] [START AverageLatency(us)=0.8] 
 50 sec: 52821 operations; 1061.19 current ops/sec; [READ AverageLatency(us)=233.54] [COMMIT AverageLatency(us)=702.74] [START AverageLatency(us)=0.77] 
 60 sec: 63409 operations; 1058.8 current ops/sec; [READ AverageLatency(us)=235.48] [COMMIT AverageLatency(us)=703.17] [START AverageLatency(us)=0.78] 
 70 sec: 74027 operations; 1061.69 current ops/sec; [READ AverageLatency(us)=234.2] [COMMIT AverageLatency(us)=703.15] [START AverageLatency(us)=0.83] 
 80 sec: 84656 operations; 1062.79 current ops/sec; [READ AverageLatency(us)=234.39] [COMMIT AverageLatency(us)=702.11] [START AverageLatency(us)=0.75] 
 90 sec: 95268 operations; 1061.2 current ops/sec; [READ AverageLatency(us)=235.64] [COMMIT AverageLatency(us)=702.06] [START AverageLatency(us)=0.8] 
 100 sec: 105866 operations; 1059.69 current ops/sec; [READ AverageLatency(us)=235.72] [COMMIT AverageLatency(us)=703.5] [START AverageLatency(us)=0.86] 
 110 sec: 116482 operations; 1061.49 current ops/sec; [READ AverageLatency(us)=236.86] [COMMIT AverageLatency(us)=700.64] [START AverageLatency(us)=0.92] 
 120 sec: 127082 operations; 1060 current ops/sec; [READ AverageLatency(us)=236.19] [COMMIT AverageLatency(us)=703.11] [START AverageLatency(us)=0.83] 
 130 sec: 137143 operations; 1006 current ops/sec; [READ AverageLatency(us)=237.2] [COMMIT AverageLatency(us)=752.1] [START AverageLatency(us)=0.84] 
 140 sec: 147769 operations; 1062.49 current ops/sec; [READ AverageLatency(us)=235.09] [COMMIT AverageLatency(us)=701.94] [START AverageLatency(us)=0.71] 
 150 sec: 158370 operations; 1060.1 current ops/sec; [READ AverageLatency(us)=236.81] [COMMIT AverageLatency(us)=702.33] [START AverageLatency(us)=0.8] 
 160 sec: 168986 operations; 1061.6 current ops/sec; [READ AverageLatency(us)=234.85] [COMMIT AverageLatency(us)=702.94] [START AverageLatency(us)=0.78] 
 170 sec: 179593 operations; 1060.59 current ops/sec; [READ AverageLatency(us)=236.42] [COMMIT AverageLatency(us)=702.23] [START AverageLatency(us)=0.84] 
 180 sec: 190207 operations; 1061.4 current ops/sec; [READ AverageLatency(us)=235.36] [COMMIT AverageLatency(us)=702.54] [START AverageLatency(us)=0.78] 
 190 sec: 200271 operations; 1006.3 current ops/sec; [READ AverageLatency(us)=236.72] [COMMIT AverageLatency(us)=752.76] [START AverageLatency(us)=0.77] 
 200 sec: 210898 operations; 1062.59 current ops/sec; [READ AverageLatency(us)=233.97] [COMMIT AverageLatency(us)=702.94] [START AverageLatency(us)=0.84] 
 210 sec: 221502 operations; 1060.4 current ops/sec; [READ AverageLatency(us)=236.42] [COMMIT AverageLatency(us)=702.43] [START AverageLatency(us)=0.83] 
 220 sec: 232119 operations; 1061.59 current ops/sec; [READ AverageLatency(us)=234.46] [COMMIT AverageLatency(us)=703.17] [START AverageLatency(us)=0.83] 
 230 sec: 242735 operations; 1061.6 current ops/sec; [READ AverageLatency(us)=235.41] [COMMIT AverageLatency(us)=702.46] [START AverageLatency(us)=0.76] 
 240 sec: 253331 operations; 1059.6 current ops/sec; [READ AverageLatency(us)=236.52] [COMMIT AverageLatency(us)=703.11] [START AverageLatency(us)=0.7] 
 250 sec: 263924 operations; 1059.09 current ops/sec; [READ AverageLatency(us)=237.5] [COMMIT AverageLatency(us)=702.47] [START AverageLatency(us)=0.83] 
 260 sec: 274540 operations; 1061.6 current ops/sec; [READ AverageLatency(us)=234.51] [COMMIT AverageLatency(us)=703.27] [START AverageLatency(us)=0.84] 
 270 sec: 285133 operations; 1059.3 current ops/sec; [READ AverageLatency(us)=236.26] [COMMIT AverageLatency(us)=703.65] [START AverageLatency(us)=0.82] 
 280 sec: 295735 operations; 1060.09 current ops/sec; [READ AverageLatency(us)=234.84] [COMMIT AverageLatency(us)=704.13] [START AverageLatency(us)=0.84] 
 284 sec: 300000 operations; 1064.39 current ops/sec; [READ AverageLatency(us)=232.81] [COMMIT AverageLatency(us)=702.48] [START AverageLatency(us)=0.73] 
Database validation succeeded
[OVERALL], RunTime(ms), 284040.0
[OVERALL], Throughput(ops/sec), 1056.1892691170258
[READ], Operations, 300000
[READ], AverageLatency(us), 235.68916666666667
[READ], MinLatency(us), 175
[READ], MaxLatency(us), 15825
[READ], 95thPercentileLatency(ms), 0
[READ], 99thPercentileLatency(ms), 0
[READ], Return=0, 300000
[READ], 0, 299941
[READ], 1, 29
[READ], 2, 11
[READ], 3, 4
[READ], 4, 4
[READ], 5, 1
[READ], 6, 3
[READ], 7, 2
[READ], 8, 1
[READ], 9, 1
[READ], 10, 0
[READ], 11, 0
[READ], 12, 1
[READ], 13, 0
[READ], 14, 1
[READ], 15, 1
[READ], 16, 0
[READ], 17, 0
[READ], 18, 0
[READ], 19, 0
[READ], 20, 0
[READ], 21, 0
[READ], 22, 0
[READ], 23, 0
[READ], 24, 0
[READ], >25, 0
[COMMIT], Operations, 300000
[COMMIT], AverageLatency(us), 706.1255633333334
[COMMIT], MinLatency(us), 636
[COMMIT], MaxLatency(us), 502219
[COMMIT], 95thPercentileLatency(ms), 0
[COMMIT], 99thPercentileLatency(ms), 0
[COMMIT], Return=0, 300000
[COMMIT], 0, 299823
[COMMIT], 1, 66
[COMMIT], 2, 49
[COMMIT], 3, 47
[COMMIT], 4, 10
[COMMIT], 5, 2
[COMMIT], 6, 1
[COMMIT], 7, 0
[COMMIT], 8, 0
[COMMIT], 9, 0
[COMMIT], 10, 0
[COMMIT], 11, 0
[COMMIT], 12, 0
[COMMIT], 13, 0
[COMMIT], 14, 0
[COMMIT], 15, 0
[COMMIT], 16, 0
[COMMIT], 17, 0
[COMMIT], 18, 0
[COMMIT], 19, 0
[COMMIT], 20, 0
[COMMIT], 21, 0
[COMMIT], 22, 0
[COMMIT], 23, 0
[COMMIT], 24, 0
[COMMIT], >25, 2
[START], Operations, 300000
[START], AverageLatency(us), 0.81355
[START], MinLatency(us), 0
[START], MaxLatency(us), 2049
[START], 95thPercentileLatency(ms), 0
[START], 99thPercentileLatency(ms), 0
[START], Return=0, 300000
[START], 0, 299999
[START], 1, 0
[START], 2, 1
[START], 3, 0
[START], 4, 0
[START], 5, 0
[START], 6, 0
[START], 7, 0
[START], 8, 0
[START], 9, 0
[START], 10, 0
[START], 11, 0
[START], 12, 0
[START], 13, 0
[START], 14, 0
[START], 15, 0
[START], 16, 0
[START], 17, 0
[START], 18, 0
[START], 19, 0
[START], 20, 0
[START], 21, 0
[START], 22, 0
[START], 23, 0
[START], 24, 0
[START], >25, 0
