YCSB Client 0.1
Command line: -P workloads/workload100 -t -db com.yahoo.ycsb.db.TapirClient -s -p tapir.configpath=../store/tools/shard -p tapir.nshards=8 -p tapir.closestreplica=1 -p measurement.type=histogram -p histogram.buckets=25 -threads 5 -p operationcount=150000
Loading workload...
Starting test.
 0 sec: 0 operations; 
 10 sec: 22704 operations; 2265.19 current ops/sec; [READ AverageLatency(us)=753.6] [ABORT AverageLatency(us)=80] [COMMIT AverageLatency(us)=1432.52] [START AverageLatency(us)=0.98] 
 20 sec: 46170 operations; 2345.9 current ops/sec; [READ AverageLatency(us)=710.93]  [COMMIT AverageLatency(us)=1413.89] [START AverageLatency(us)=0.96] 
 30 sec: 69578 operations; 2340.8 current ops/sec; [READ AverageLatency(us)=718.58]  [COMMIT AverageLatency(us)=1411.21] [START AverageLatency(us)=0.96] 
 40 sec: 92670 operations; 2308.97 current ops/sec; [READ AverageLatency(us)=732.08]  [COMMIT AverageLatency(us)=1428.02] [START AverageLatency(us)=0.92] 
 50 sec: 115901 operations; 2322.87 current ops/sec; [READ AverageLatency(us)=722.19]  [COMMIT AverageLatency(us)=1425.26] [START AverageLatency(us)=0.9] 
 60 sec: 138817 operations; 2291.6 current ops/sec; [READ AverageLatency(us)=804.13]  [COMMIT AverageLatency(us)=1372.67] [START AverageLatency(us)=0.91] 
 64 sec: 150000 operations; 2295.83 current ops/sec; [READ AverageLatency(us)=754.14]  [COMMIT AverageLatency(us)=1298.63] [START AverageLatency(us)=0.91] 
Database validation succeeded
[OVERALL], RunTime(ms), 64900.0
[OVERALL], Throughput(ops/sec), 2311.248073959938
[READ], Operations, 150000
[READ], AverageLatency(us), 741.0448066666667
[READ], MinLatency(us), 152
[READ], MaxLatency(us), 11661
[READ], 95thPercentileLatency(ms), 2
[READ], 99thPercentileLatency(ms), 4
[READ], Return=0, 149999
[READ], Return=1, 1
[READ], 0, 118657
[READ], 1, 20755
[READ], 2, 6418
[READ], 3, 2533
[READ], 4, 1066
[READ], 5, 385
[READ], 6, 130
[READ], 7, 31
[READ], 8, 17
[READ], 9, 6
[READ], 10, 1
[READ], 11, 1
[READ], 12, 0
[READ], 13, 0
[READ], 14, 0
[READ], 15, 0
[READ], 16, 0
[READ], 17, 0
[READ], 18, 0
[READ], 19, 0
[READ], 20, 0
[READ], 21, 0
[READ], 22, 0
[READ], 23, 0
[READ], 24, 0
[READ], >25, 0
[ABORT], Operations, 1
[ABORT], AverageLatency(us), 80.0
[ABORT], MinLatency(us), 80
[ABORT], MaxLatency(us), 80
[ABORT], 95thPercentileLatency(ms), 0
[ABORT], 99thPercentileLatency(ms), 0
[ABORT], Return=0, 1
[ABORT], 0, 1
[ABORT], 1, 0
[ABORT], 2, 0
[ABORT], 3, 0
[ABORT], 4, 0
[ABORT], 5, 0
[ABORT], 6, 0
[ABORT], 7, 0
[ABORT], 8, 0
[ABORT], 9, 0
[ABORT], 10, 0
[ABORT], 11, 0
[ABORT], 12, 0
[ABORT], 13, 0
[ABORT], 14, 0
[ABORT], 15, 0
[ABORT], 16, 0
[ABORT], 17, 0
[ABORT], 18, 0
[ABORT], 19, 0
[ABORT], 20, 0
[ABORT], 21, 0
[ABORT], 22, 0
[ABORT], 23, 0
[ABORT], 24, 0
[ABORT], >25, 0
[COMMIT], Operations, 149999
[COMMIT], AverageLatency(us), 1405.338888925926
[COMMIT], MinLatency(us), 668
[COMMIT], MaxLatency(us), 502890
[COMMIT], 95thPercentileLatency(ms), 3
[COMMIT], 99thPercentileLatency(ms), 5
[COMMIT], Return=0, 149999
[COMMIT], 0, 74969
[COMMIT], 1, 49171
[COMMIT], 2, 14760
[COMMIT], 3, 6358
[COMMIT], 4, 2861
[COMMIT], 5, 1212
[COMMIT], 6, 427
[COMMIT], 7, 176
[COMMIT], 8, 47
[COMMIT], 9, 14
[COMMIT], 10, 1
[COMMIT], 11, 1
[COMMIT], 12, 0
[COMMIT], 13, 0
[COMMIT], 14, 1
[COMMIT], 15, 0
[COMMIT], 16, 0
[COMMIT], 17, 0
[COMMIT], 18, 0
[COMMIT], 19, 0
[COMMIT], 20, 0
[COMMIT], 21, 0
[COMMIT], 22, 0
[COMMIT], 23, 0
[COMMIT], 24, 0
[COMMIT], >25, 1
[START], Operations, 150000
[START], AverageLatency(us), 0.9365533333333333
[START], MinLatency(us), 0
[START], MaxLatency(us), 52
[START], 95thPercentileLatency(ms), 0
[START], 99thPercentileLatency(ms), 0
[START], Return=0, 150000
[START], 0, 150000
[START], 1, 0
[START], 2, 0
[START], 3, 0
[START], 4, 0
[START], 5, 0
[START], 6, 0
[START], 7, 0
[START], 8, 0
[START], 9, 0
[START], 10, 0
[START], 11, 0
[START], 12, 0
[START], 13, 0
[START], 14, 0
[START], 15, 0
[START], 16, 0
[START], 17, 0
[START], 18, 0
[START], 19, 0
[START], 20, 0
[START], 21, 0
[START], 22, 0
[START], 23, 0
[START], 24, 0
[START], >25, 0
