YCSB Client 0.1
Command line: -P workloads/workload100 -t -db com.yahoo.ycsb.db.TapirClient -s -p tapir.configpath=../store/tools/shard -p tapir.nshards=8 -p tapir.closestreplica=2 -p measurement.type=histogram -p histogram.buckets=25 -threads 4 -p operationcount=150000
Loading workload...
Starting test.
 0 sec: 0 operations; 
 10 sec: 17204 operations; 1716.28 current ops/sec; [READ AverageLatency(us)=663.91] [COMMIT AverageLatency(us)=1644.9] [START AverageLatency(us)=0.97] 
 20 sec: 34817 operations; 1760.95 current ops/sec; [READ AverageLatency(us)=640.81] [COMMIT AverageLatency(us)=1624.04] [START AverageLatency(us)=0.92] 
 30 sec: 52646 operations; 1782.72 current ops/sec; [READ AverageLatency(us)=622.41] [COMMIT AverageLatency(us)=1614.65] [START AverageLatency(us)=0.91] 
 40 sec: 70718 operations; 1807.2 current ops/sec; [READ AverageLatency(us)=627.15] [COMMIT AverageLatency(us)=1580.05] [START AverageLatency(us)=0.92] 
 50 sec: 88602 operations; 1788.22 current ops/sec; [READ AverageLatency(us)=626.76] [COMMIT AverageLatency(us)=1604.77] [START AverageLatency(us)=0.89] 
 60 sec: 106510 operations; 1790.8 current ops/sec; [READ AverageLatency(us)=614.07] [COMMIT AverageLatency(us)=1614.94] [START AverageLatency(us)=0.9] 
 70 sec: 124275 operations; 1776.32 current ops/sec; [READ AverageLatency(us)=621.75] [COMMIT AverageLatency(us)=1625.03] [START AverageLatency(us)=0.89] 
 80 sec: 144710 operations; 2043.5 current ops/sec; [READ AverageLatency(us)=533.57] [COMMIT AverageLatency(us)=1419.03] [START AverageLatency(us)=0.87] 
Database validation succeeded
[OVERALL], RunTime(ms), 82270.0
[OVERALL], Throughput(ops/sec), 1823.2648596086058
[READ], Operations, 150000
[READ], AverageLatency(us), 609.5304466666666
[READ], MinLatency(us), 171
[READ], MaxLatency(us), 10212
[READ], 95thPercentileLatency(ms), 1
[READ], 99thPercentileLatency(ms), 3
[READ], Return=0, 150000
[READ], 0, 127327
[READ], 1, 16719
[READ], 2, 4046
[READ], 3, 1275
[READ], 4, 405
[READ], 5, 155
[READ], 6, 50
[READ], 7, 15
[READ], 8, 5
[READ], 9, 1
[READ], 10, 2
[READ], 11, 0
[READ], 12, 0
[READ], 13, 0
[READ], 14, 0
[READ], 15, 0
[READ], 16, 0
[READ], 17, 0
[READ], 18, 0
[READ], 19, 0
[READ], 20, 0
[READ], 21, 0
[READ], 22, 0
[READ], 23, 0
[READ], 24, 0
[READ], >25, 0
[COMMIT], Operations, 150000
[COMMIT], AverageLatency(us), 1574.3616533333334
[COMMIT], MinLatency(us), 1009
[COMMIT], MaxLatency(us), 13991
[COMMIT], 95thPercentileLatency(ms), 3
[COMMIT], 99thPercentileLatency(ms), 4
[COMMIT], Return=0, 150000
[COMMIT], 0, 0
[COMMIT], 1, 123840
[COMMIT], 2, 16077
[COMMIT], 3, 6093
[COMMIT], 4, 2545
[COMMIT], 5, 963
[COMMIT], 6, 308
[COMMIT], 7, 115
[COMMIT], 8, 39
[COMMIT], 9, 15
[COMMIT], 10, 3
[COMMIT], 11, 1
[COMMIT], 12, 0
[COMMIT], 13, 1
[COMMIT], 14, 0
[COMMIT], 15, 0
[COMMIT], 16, 0
[COMMIT], 17, 0
[COMMIT], 18, 0
[COMMIT], 19, 0
[COMMIT], 20, 0
[COMMIT], 21, 0
[COMMIT], 22, 0
[COMMIT], 23, 0
[COMMIT], 24, 0
[COMMIT], >25, 0
[START], Operations, 150000
[START], AverageLatency(us), 0.9066
[START], MinLatency(us), 0
[START], MaxLatency(us), 55
[START], 95thPercentileLatency(ms), 0
[START], 99thPercentileLatency(ms), 0
[START], Return=0, 150000
[START], 0, 150000
[START], 1, 0
[START], 2, 0
[START], 3, 0
[START], 4, 0
[START], 5, 0
[START], 6, 0
[START], 7, 0
[START], 8, 0
[START], 9, 0
[START], 10, 0
[START], 11, 0
[START], 12, 0
[START], 13, 0
[START], 14, 0
[START], 15, 0
[START], 16, 0
[START], 17, 0
[START], 18, 0
[START], 19, 0
[START], 20, 0
[START], 21, 0
[START], 22, 0
[START], 23, 0
[START], 24, 0
[START], >25, 0
 82 sec: 150000 operations; 2360.55 current ops/sec; [READ AverageLatency(us)=403.58] [COMMIT AverageLatency(us)=1214] [START AverageLatency(us)=0.84] 
