YCSB Client 0.1
Command line: -P workloads/workload100 -t -db com.yahoo.ycsb.db.TapirClient -p tapir.configpath=../store/tools/shard -p tapir.nshards=8 -p tapir.closestreplica=0 -p measurement.type=histogram -p histogram.buckets=25 -threads 3 -p operationcount=1000000
Loading workload...
Starting test.
Database validation succeeded
[OVERALL], RunTime(ms), 475563.0
[OVERALL], Throughput(ops/sec), 2102.7687183401567
[READ], Operations, 999999
[READ], AverageLatency(us), 312.42526342526344
[READ], MinLatency(us), 141
[READ], MaxLatency(us), 9841
[READ], 95thPercentileLatency(ms), 0
[READ], 99thPercentileLatency(ms), 0
[READ], Return=0, 999999
[READ], 0, 993198
[READ], 1, 6560
[READ], 2, 81
[READ], 3, 48
[READ], 4, 69
[READ], 5, 23
[READ], 6, 11
[READ], 7, 7
[READ], 8, 1
[READ], 9, 1
[READ], 10, 0
[READ], 11, 0
[READ], 12, 0
[READ], 13, 0
[READ], 14, 0
[READ], 15, 0
[READ], 16, 0
[READ], 17, 0
[READ], 18, 0
[READ], 19, 0
[READ], 20, 0
[READ], 21, 0
[READ], 22, 0
[READ], 23, 0
[READ], 24, 0
[READ], >25, 0
[COMMIT], Operations, 999999
[COMMIT], AverageLatency(us), 1103.2228822228822
[COMMIT], MinLatency(us), 1000
[COMMIT], MaxLatency(us), 502961
[COMMIT], 95thPercentileLatency(ms), 1
[COMMIT], 99thPercentileLatency(ms), 1
[COMMIT], Return=0, 999999
[COMMIT], 0, 0
[COMMIT], 1, 999369
[COMMIT], 2, 219
[COMMIT], 3, 83
[COMMIT], 4, 149
[COMMIT], 5, 86
[COMMIT], 6, 39
[COMMIT], 7, 35
[COMMIT], 8, 10
[COMMIT], 9, 2
[COMMIT], 10, 0
[COMMIT], 11, 0
[COMMIT], 12, 0
[COMMIT], 13, 0
[COMMIT], 14, 0
[COMMIT], 15, 1
[COMMIT], 16, 0
[COMMIT], 17, 0
[COMMIT], 18, 0
[COMMIT], 19, 0
[COMMIT], 20, 0
[COMMIT], 21, 0
[COMMIT], 22, 0
[COMMIT], 23, 0
[COMMIT], 24, 0
[COMMIT], >25, 6
[START], Operations, 999999
[START], AverageLatency(us), 0.9458469458469458
[START], MinLatency(us), 0
[START], MaxLatency(us), 155
[START], 95thPercentileLatency(ms), 0
[START], 99thPercentileLatency(ms), 0
[START], Return=0, 999999
[START], 0, 999999
[START], 1, 0
[START], 2, 0
[START], 3, 0
[START], 4, 0
[START], 5, 0
[START], 6, 0
[START], 7, 0
[START], 8, 0
[START], 9, 0
[START], 10, 0
[START], 11, 0
[START], 12, 0
[START], 13, 0
[START], 14, 0
[START], 15, 0
[START], 16, 0
[START], 17, 0
[START], 18, 0
[START], 19, 0
[START], 20, 0
[START], 21, 0
[START], 22, 0
[START], 23, 0
[START], 24, 0
[START], >25, 0
