YCSB Client 0.1
Command line: -P workloads/workload50 -t -db com.yahoo.ycsb.db.TapirClient -p tapir.configpath=../store/tools/shard -p tapir.nshards=8 -p tapir.closestreplica=0 -p measurement.type=histogram -p histogram.buckets=25 -threads 1 -p operationcount=300000
Loading workload...
Starting test.
Database validation succeeded
[OVERALL], RunTime(ms), 398495.0
[OVERALL], Throughput(ops/sec), 752.832532403167
[READ], Operations, 149888
[READ], AverageLatency(us), 253.89438780956448
[READ], MinLatency(us), 137
[READ], MaxLatency(us), 12624
[READ], 95thPercentileLatency(ms), 0
[READ], 99thPercentileLatency(ms), 0
[READ], Return=0, 149888
[READ], 0, 149841
[READ], 1, 21
[READ], 2, 3
[READ], 3, 0
[READ], 4, 17
[READ], 5, 4
[READ], 6, 0
[READ], 7, 1
[READ], 8, 0
[READ], 9, 0
[READ], 10, 0
[READ], 11, 0
[READ], 12, 1
[READ], 13, 0
[READ], 14, 0
[READ], 15, 0
[READ], 16, 0
[READ], 17, 0
[READ], 18, 0
[READ], 19, 0
[READ], 20, 0
[READ], 21, 0
[READ], 22, 0
[READ], 23, 0
[READ], 24, 0
[READ], >25, 0
[COMMIT], Operations, 300000
[COMMIT], AverageLatency(us), 1065.3715633333334
[COMMIT], MinLatency(us), 994
[COMMIT], MaxLatency(us), 502976
[COMMIT], 95thPercentileLatency(ms), 1
[COMMIT], 99thPercentileLatency(ms), 1
[COMMIT], Return=0, 300000
[COMMIT], 0, 18
[COMMIT], 1, 299218
[COMMIT], 2, 187
[COMMIT], 3, 95
[COMMIT], 4, 77
[COMMIT], 5, 265
[COMMIT], 6, 2
[COMMIT], 7, 118
[COMMIT], 8, 17
[COMMIT], 9, 2
[COMMIT], 10, 0
[COMMIT], 11, 0
[COMMIT], 12, 0
[COMMIT], 13, 0
[COMMIT], 14, 0
[COMMIT], 15, 0
[COMMIT], 16, 0
[COMMIT], 17, 0
[COMMIT], 18, 0
[COMMIT], 19, 0
[COMMIT], 20, 0
[COMMIT], 21, 0
[COMMIT], 22, 0
[COMMIT], 23, 0
[COMMIT], 24, 0
[COMMIT], >25, 1
[START], Operations, 300000
[START], AverageLatency(us), 0.8949733333333333
[START], MinLatency(us), 0
[START], MaxLatency(us), 599
[START], 95thPercentileLatency(ms), 0
[START], 99thPercentileLatency(ms), 0
[START], Return=0, 300000
[START], 0, 300000
[START], 1, 0
[START], 2, 0
[START], 3, 0
[START], 4, 0
[START], 5, 0
[START], 6, 0
[START], 7, 0
[START], 8, 0
[START], 9, 0
[START], 10, 0
[START], 11, 0
[START], 12, 0
[START], 13, 0
[START], 14, 0
[START], 15, 0
[START], 16, 0
[START], 17, 0
[START], 18, 0
[START], 19, 0
[START], 20, 0
[START], 21, 0
[START], 22, 0
[START], 23, 0
[START], 24, 0
[START], >25, 0
[UPDATE], Operations, 150112
[UPDATE], AverageLatency(us), 260.90847500532936
[UPDATE], MinLatency(us), 145
[UPDATE], MaxLatency(us), 8348
[UPDATE], 95thPercentileLatency(ms), 0
[UPDATE], 99thPercentileLatency(ms), 0
[UPDATE], Return=0, 150112
[UPDATE], 0, 150065
[UPDATE], 1, 18
[UPDATE], 2, 9
[UPDATE], 3, 1
[UPDATE], 4, 12
[UPDATE], 5, 4
[UPDATE], 6, 1
[UPDATE], 7, 1
[UPDATE], 8, 1
[UPDATE], 9, 0
[UPDATE], 10, 0
[UPDATE], 11, 0
[UPDATE], 12, 0
[UPDATE], 13, 0
[UPDATE], 14, 0
[UPDATE], 15, 0
[UPDATE], 16, 0
[UPDATE], 17, 0
[UPDATE], 18, 0
[UPDATE], 19, 0
[UPDATE], 20, 0
[UPDATE], 21, 0
[UPDATE], 22, 0
[UPDATE], 23, 0
[UPDATE], 24, 0
[UPDATE], >25, 0
