YCSB Client 0.1
Command line: -P workloads/workload50 -t -db com.yahoo.ycsb.db.TapirClient -s -p tapir.configpath=../store/tools/shard -p tapir.nshards=8 -p tapir.closestreplica=1 -p measurement.type=histogram -p histogram.buckets=25 -threads 5 -p operationcount=300000
Loading workload...
Starting test.
 0 sec: 0 operations; 
 10 sec: 28849 operations; 2879.43 current ops/sec; [READ AverageLatency(us)=657.22] [COMMIT AverageLatency(us)=1053.78] [START AverageLatency(us)=0.87] [UPDATE AverageLatency(us)=671.16] 
 20 sec: 60104 operations; 3124.56 current ops/sec; [READ AverageLatency(us)=566.87] [COMMIT AverageLatency(us)=1021.59] [START AverageLatency(us)=0.81] [UPDATE AverageLatency(us)=576.58] 
 30 sec: 91519 operations; 3141.19 current ops/sec; [READ AverageLatency(us)=562.65] [COMMIT AverageLatency(us)=1016.41] [START AverageLatency(us)=0.8] [UPDATE AverageLatency(us)=576.29] 
 40 sec: 122237 operations; 3071.49 current ops/sec; [READ AverageLatency(us)=585.69] [ABORT AverageLatency(us)=64] [COMMIT AverageLatency(us)=1034.21] [START AverageLatency(us)=0.83] [UPDATE AverageLatency(us)=589.25] 
 50 sec: 153490 operations; 3124.99 current ops/sec; [READ AverageLatency(us)=556.45]  [COMMIT AverageLatency(us)=1031.17] [START AverageLatency(us)=0.83] [UPDATE AverageLatency(us)=569.02] 
 60 sec: 184717 operations; 3122.7 current ops/sec; [READ AverageLatency(us)=560.23]  [COMMIT AverageLatency(us)=1031.66] [START AverageLatency(us)=0.79] [UPDATE AverageLatency(us)=567.75] 
 70 sec: 216161 operations; 3144.09 current ops/sec; [READ AverageLatency(us)=561.72]  [COMMIT AverageLatency(us)=1016.24] [START AverageLatency(us)=0.79] [UPDATE AverageLatency(us)=575.41] 
 80 sec: 247482 operations; 3131.79 current ops/sec; [READ AverageLatency(us)=565.08]  [COMMIT AverageLatency(us)=1020.05] [START AverageLatency(us)=0.79] [UPDATE AverageLatency(us)=576.86] 
 90 sec: 278596 operations; 3111.4 current ops/sec; [READ AverageLatency(us)=558.77]  [COMMIT AverageLatency(us)=1036.57] [START AverageLatency(us)=0.78] [UPDATE AverageLatency(us)=571.53] 
 97 sec: 300000 operations; 2993.99 current ops/sec; [READ AverageLatency(us)=548.59]  [COMMIT AverageLatency(us)=1012.38] [START AverageLatency(us)=0.79] [UPDATE AverageLatency(us)=561.77] 
Database validation succeeded
[OVERALL], RunTime(ms), 97177.0
[OVERALL], Throughput(ops/sec), 3087.1502516027454
[READ], Operations, 149939
[READ], AverageLatency(us), 572.4785145959357
[READ], MinLatency(us), 190
[READ], MaxLatency(us), 14594
[READ], 95thPercentileLatency(ms), 1
[READ], 99thPercentileLatency(ms), 1
[READ], Return=0, 149939
[READ], 0, 135462
[READ], 1, 14090
[READ], 2, 298
[READ], 3, 35
[READ], 4, 28
[READ], 5, 8
[READ], 6, 6
[READ], 7, 9
[READ], 8, 1
[READ], 9, 1
[READ], 10, 0
[READ], 11, 0
[READ], 12, 0
[READ], 13, 0
[READ], 14, 1
[READ], 15, 0
[READ], 16, 0
[READ], 17, 0
[READ], 18, 0
[READ], 19, 0
[READ], 20, 0
[READ], 21, 0
[READ], 22, 0
[READ], 23, 0
[READ], 24, 0
[READ], >25, 0
[ABORT], Operations, 1
[ABORT], AverageLatency(us), 64.0
[ABORT], MinLatency(us), 64
[ABORT], MaxLatency(us), 64
[ABORT], 95thPercentileLatency(ms), 0
[ABORT], 99thPercentileLatency(ms), 0
[ABORT], Return=0, 1
[ABORT], 0, 1
[ABORT], 1, 0
[ABORT], 2, 0
[ABORT], 3, 0
[ABORT], 4, 0
[ABORT], 5, 0
[ABORT], 6, 0
[ABORT], 7, 0
[ABORT], 8, 0
[ABORT], 9, 0
[ABORT], 10, 0
[ABORT], 11, 0
[ABORT], 12, 0
[ABORT], 13, 0
[ABORT], 14, 0
[ABORT], 15, 0
[ABORT], 16, 0
[ABORT], 17, 0
[ABORT], 18, 0
[ABORT], 19, 0
[ABORT], 20, 0
[ABORT], 21, 0
[ABORT], 22, 0
[ABORT], 23, 0
[ABORT], 24, 0
[ABORT], >25, 0
[COMMIT], Operations, 299999
[COMMIT], AverageLatency(us), 1027.6568455228185
[COMMIT], MinLatency(us), 671
[COMMIT], MaxLatency(us), 504000
[COMMIT], 95thPercentileLatency(ms), 1
[COMMIT], 99thPercentileLatency(ms), 2
[COMMIT], Return=0, 299999
[COMMIT], 0, 186310
[COMMIT], 1, 110238
[COMMIT], 2, 1629
[COMMIT], 3, 278
[COMMIT], 4, 207
[COMMIT], 5, 489
[COMMIT], 6, 601
[COMMIT], 7, 192
[COMMIT], 8, 41
[COMMIT], 9, 9
[COMMIT], 10, 2
[COMMIT], 11, 0
[COMMIT], 12, 0
[COMMIT], 13, 0
[COMMIT], 14, 0
[COMMIT], 15, 0
[COMMIT], 16, 0
[COMMIT], 17, 0
[COMMIT], 18, 0
[COMMIT], 19, 0
[COMMIT], 20, 0
[COMMIT], 21, 0
[COMMIT], 22, 0
[COMMIT], 23, 0
[COMMIT], 24, 0
[COMMIT], >25, 3
[START], Operations, 300000
[START], AverageLatency(us), 0.8080033333333333
[START], MinLatency(us), 0
[START], MaxLatency(us), 100
[START], 95thPercentileLatency(ms), 0
[START], 99thPercentileLatency(ms), 0
[START], Return=0, 300000
[START], 0, 300000
[START], 1, 0
[START], 2, 0
[START], 3, 0
[START], 4, 0
[START], 5, 0
[START], 6, 0
[START], 7, 0
[START], 8, 0
[START], 9, 0
[START], 10, 0
[START], 11, 0
[START], 12, 0
[START], 13, 0
[START], 14, 0
[START], 15, 0
[START], 16, 0
[START], 17, 0
[START], 18, 0
[START], 19, 0
[START], 20, 0
[START], 21, 0
[START], 22, 0
[START], 23, 0
[START], 24, 0
[START], >25, 0
[UPDATE], Operations, 150061
[UPDATE], AverageLatency(us), 583.4852693238083
[UPDATE], MinLatency(us), 203
[UPDATE], MaxLatency(us), 9799
[UPDATE], 95thPercentileLatency(ms), 1
[UPDATE], 99thPercentileLatency(ms), 1
[UPDATE], Return=0, 150060
[UPDATE], Return=1, 1
[UPDATE], 0, 134878
[UPDATE], 1, 14817
[UPDATE], 2, 289
[UPDATE], 3, 38
[UPDATE], 4, 17
[UPDATE], 5, 8
[UPDATE], 6, 9
[UPDATE], 7, 4
[UPDATE], 8, 0
[UPDATE], 9, 1
[UPDATE], 10, 0
[UPDATE], 11, 0
[UPDATE], 12, 0
[UPDATE], 13, 0
[UPDATE], 14, 0
[UPDATE], 15, 0
[UPDATE], 16, 0
[UPDATE], 17, 0
[UPDATE], 18, 0
[UPDATE], 19, 0
[UPDATE], 20, 0
[UPDATE], 21, 0
[UPDATE], 22, 0
[UPDATE], 23, 0
[UPDATE], 24, 0
[UPDATE], >25, 0
