YCSB Client 0.1
Command line: -P workloads/workload100 -t -db com.yahoo.ycsb.db.TapirClient -s -p tapir.configpath=../store/tools/shard -p tapir.nshards=8 -p tapir.closestreplica=1 -p measurement.type=histogram -p histogram.buckets=25 -threads 4 -p operationcount=150000
Loading workload...
Starting test.
 0 sec: 0 operations; 
 10 sec: 19492 operations; 1943.18 current ops/sec; [READ AverageLatency(us)=679.64] [COMMIT AverageLatency(us)=1359.59] [START AverageLatency(us)=0.98] 
 20 sec: 39274 operations; 1977.8 current ops/sec; [READ AverageLatency(us)=682.46] [COMMIT AverageLatency(us)=1333.47] [START AverageLatency(us)=0.95] 
 30 sec: 59050 operations; 1977.4 current ops/sec; [READ AverageLatency(us)=700.62] [COMMIT AverageLatency(us)=1315.99] [START AverageLatency(us)=0.96] 
 40 sec: 78715 operations; 1966.3 current ops/sec; [READ AverageLatency(us)=742.98] [COMMIT AverageLatency(us)=1285.88] [START AverageLatency(us)=0.94] 
 50 sec: 98533 operations; 1981.8 current ops/sec; [READ AverageLatency(us)=734.71] [COMMIT AverageLatency(us)=1279.13] [START AverageLatency(us)=0.92] 
 60 sec: 118113 operations; 1957.8 current ops/sec; [READ AverageLatency(us)=745.73] [COMMIT AverageLatency(us)=1292.28] [START AverageLatency(us)=0.93] 
 70 sec: 137699 operations; 1958.6 current ops/sec; [READ AverageLatency(us)=753.96] [COMMIT AverageLatency(us)=1283.28] [START AverageLatency(us)=0.93] 
 76 sec: 150000 operations; 1885.5 current ops/sec; [READ AverageLatency(us)=740.77] [COMMIT AverageLatency(us)=1272.59] [START AverageLatency(us)=0.92] 
Database validation succeeded
[OVERALL], RunTime(ms), 76560.0
[OVERALL], Throughput(ops/sec), 1959.2476489028213
[READ], Operations, 150000
[READ], AverageLatency(us), 721.7016866666667
[READ], MinLatency(us), 144
[READ], MaxLatency(us), 12631
[READ], 95thPercentileLatency(ms), 2
[READ], 99thPercentileLatency(ms), 4
[READ], Return=0, 150000
[READ], 0, 120409
[READ], 1, 18559
[READ], 2, 6379
[READ], 3, 2748
[READ], 4, 1205
[READ], 5, 432
[READ], 6, 170
[READ], 7, 64
[READ], 8, 18
[READ], 9, 11
[READ], 10, 2
[READ], 11, 1
[READ], 12, 2
[READ], 13, 0
[READ], 14, 0
[READ], 15, 0
[READ], 16, 0
[READ], 17, 0
[READ], 18, 0
[READ], 19, 0
[READ], 20, 0
[READ], 21, 0
[READ], 22, 0
[READ], 23, 0
[READ], 24, 0
[READ], >25, 0
[COMMIT], Operations, 150000
[COMMIT], AverageLatency(us), 1304.21958
[COMMIT], MinLatency(us), 664
[COMMIT], MaxLatency(us), 10465
[COMMIT], 95thPercentileLatency(ms), 3
[COMMIT], 99thPercentileLatency(ms), 4
[COMMIT], Return=0, 150000
[COMMIT], 0, 80650
[COMMIT], 1, 47928
[COMMIT], 2, 13377
[COMMIT], 3, 5089
[COMMIT], 4, 1972
[COMMIT], 5, 662
[COMMIT], 6, 210
[COMMIT], 7, 75
[COMMIT], 8, 25
[COMMIT], 9, 9
[COMMIT], 10, 3
[COMMIT], 11, 0
[COMMIT], 12, 0
[COMMIT], 13, 0
[COMMIT], 14, 0
[COMMIT], 15, 0
[COMMIT], 16, 0
[COMMIT], 17, 0
[COMMIT], 18, 0
[COMMIT], 19, 0
[COMMIT], 20, 0
[COMMIT], 21, 0
[COMMIT], 22, 0
[COMMIT], 23, 0
[COMMIT], 24, 0
[COMMIT], >25, 0
[START], Operations, 150000
[START], AverageLatency(us), 0.9414466666666667
[START], MinLatency(us), 0
[START], MaxLatency(us), 58
[START], 95thPercentileLatency(ms), 0
[START], 99thPercentileLatency(ms), 0
[START], Return=0, 150000
[START], 0, 150000
[START], 1, 0
[START], 2, 0
[START], 3, 0
[START], 4, 0
[START], 5, 0
[START], 6, 0
[START], 7, 0
[START], 8, 0
[START], 9, 0
[START], 10, 0
[START], 11, 0
[START], 12, 0
[START], 13, 0
[START], 14, 0
[START], 15, 0
[START], 16, 0
[START], 17, 0
[START], 18, 0
[START], 19, 0
[START], 20, 0
[START], 21, 0
[START], 22, 0
[START], 23, 0
[START], 24, 0
[START], >25, 0
