YCSB Client 0.1
Command line: -P workloads/workload100 -t -db com.yahoo.ycsb.db.TapirClient -s -p tapir.configpath=../store/tools/shard -p tapir.nshards=8 -p tapir.closestreplica=1 -p measurement.type=histogram -p histogram.buckets=25 -threads 4 -p operationcount=150000
Loading workload...
Starting test.
 0 sec: 0 operations; 
 10 sec: 19750 operations; 1969.49 current ops/sec; [READ AverageLatency(us)=694.74] [ABORT AverageLatency(us)=76] [COMMIT AverageLatency(us)=1316.51] [START AverageLatency(us)=1.02] 
 20 sec: 39473 operations; 1971.51 current ops/sec; [READ AverageLatency(us)=694.65]  [COMMIT AverageLatency(us)=1327.28] [START AverageLatency(us)=1] 
 30 sec: 58883 operations; 1941 current ops/sec; [READ AverageLatency(us)=738]  [COMMIT AverageLatency(us)=1315.78] [START AverageLatency(us)=0.99] 
 40 sec: 78441 operations; 1955.6 current ops/sec; [READ AverageLatency(us)=757.74]  [COMMIT AverageLatency(us)=1281.94] [START AverageLatency(us)=0.97] 
 50 sec: 98052 operations; 1961.1 current ops/sec; [READ AverageLatency(us)=750.74]  [COMMIT AverageLatency(us)=1283.57] [START AverageLatency(us)=0.99] 
 60 sec: 117474 operations; 1942.01 current ops/sec; [READ AverageLatency(us)=779.25]  [COMMIT AverageLatency(us)=1275.04] [START AverageLatency(us)=0.99] 
 70 sec: 136783 operations; 1930.9 current ops/sec; [READ AverageLatency(us)=781.91]  [COMMIT AverageLatency(us)=1284.01] [START AverageLatency(us)=1] 
 77 sec: 150000 operations; 1894.91 current ops/sec; [READ AverageLatency(us)=777.62]  [COMMIT AverageLatency(us)=1271.76] [START AverageLatency(us)=0.99] 
Database validation succeeded
[OVERALL], RunTime(ms), 77009.0
[OVERALL], Throughput(ops/sec), 1947.8242802789284
[READ], Operations, 150000
[READ], AverageLatency(us), 745.32742
[READ], MinLatency(us), 179
[READ], MaxLatency(us), 11793
[READ], 95thPercentileLatency(ms), 2
[READ], 99thPercentileLatency(ms), 4
[READ], Return=0, 149999
[READ], Return=1, 1
[READ], 0, 119857
[READ], 1, 18739
[READ], 2, 6577
[READ], 3, 2871
[READ], 4, 1266
[READ], 5, 453
[READ], 6, 153
[READ], 7, 55
[READ], 8, 19
[READ], 9, 6
[READ], 10, 3
[READ], 11, 1
[READ], 12, 0
[READ], 13, 0
[READ], 14, 0
[READ], 15, 0
[READ], 16, 0
[READ], 17, 0
[READ], 18, 0
[READ], 19, 0
[READ], 20, 0
[READ], 21, 0
[READ], 22, 0
[READ], 23, 0
[READ], 24, 0
[READ], >25, 0
[ABORT], Operations, 1
[ABORT], AverageLatency(us), 76.0
[ABORT], MinLatency(us), 76
[ABORT], MaxLatency(us), 76
[ABORT], 95thPercentileLatency(ms), 0
[ABORT], 99thPercentileLatency(ms), 0
[ABORT], Return=0, 1
[ABORT], 0, 1
[ABORT], 1, 0
[ABORT], 2, 0
[ABORT], 3, 0
[ABORT], 4, 0
[ABORT], 5, 0
[ABORT], 6, 0
[ABORT], 7, 0
[ABORT], 8, 0
[ABORT], 9, 0
[ABORT], 10, 0
[ABORT], 11, 0
[ABORT], 12, 0
[ABORT], 13, 0
[ABORT], 14, 0
[ABORT], 15, 0
[ABORT], 16, 0
[ABORT], 17, 0
[ABORT], 18, 0
[ABORT], 19, 0
[ABORT], 20, 0
[ABORT], 21, 0
[ABORT], 22, 0
[ABORT], 23, 0
[ABORT], 24, 0
[ABORT], >25, 0
[COMMIT], Operations, 149999
[COMMIT], AverageLatency(us), 1295.5214034760231
[COMMIT], MinLatency(us), 653
[COMMIT], MaxLatency(us), 12149
[COMMIT], 95thPercentileLatency(ms), 3
[COMMIT], 99thPercentileLatency(ms), 4
[COMMIT], Return=0, 149999
[COMMIT], 0, 82044
[COMMIT], 1, 46573
[COMMIT], 2, 13315
[COMMIT], 3, 5156
[COMMIT], 4, 1928
[COMMIT], 5, 666
[COMMIT], 6, 211
[COMMIT], 7, 70
[COMMIT], 8, 21
[COMMIT], 9, 11
[COMMIT], 10, 1
[COMMIT], 11, 2
[COMMIT], 12, 1
[COMMIT], 13, 0
[COMMIT], 14, 0
[COMMIT], 15, 0
[COMMIT], 16, 0
[COMMIT], 17, 0
[COMMIT], 18, 0
[COMMIT], 19, 0
[COMMIT], 20, 0
[COMMIT], 21, 0
[COMMIT], 22, 0
[COMMIT], 23, 0
[COMMIT], 24, 0
[COMMIT], >25, 0
[START], Operations, 150000
[START], AverageLatency(us), 0.9944866666666666
[START], MinLatency(us), 0
[START], MaxLatency(us), 47
[START], 95thPercentileLatency(ms), 0
[START], 99thPercentileLatency(ms), 0
[START], Return=0, 150000
[START], 0, 150000
[START], 1, 0
[START], 2, 0
[START], 3, 0
[START], 4, 0
[START], 5, 0
[START], 6, 0
[START], 7, 0
[START], 8, 0
[START], 9, 0
[START], 10, 0
[START], 11, 0
[START], 12, 0
[START], 13, 0
[START], 14, 0
[START], 15, 0
[START], 16, 0
[START], 17, 0
[START], 18, 0
[START], 19, 0
[START], 20, 0
[START], 21, 0
[START], 22, 0
[START], 23, 0
[START], 24, 0
[START], >25, 0
