YCSB Client 0.1
Command line: -P workloads/workload100 -t -db com.yahoo.ycsb.db.TapirClient -p tapir.configpath=../store/tools/shard -p tapir.nshards=8 -p tapir.closestreplica=1 -p measurement.type=histogram -p histogram.buckets=25 -threads 5 -p operationcount=1000000
Loading workload...
Starting test.
Database validation succeeded
[OVERALL], RunTime(ms), 283533.0
[OVERALL], Throughput(ops/sec), 3526.92631898227
[READ], Operations, 1000000
[READ], AverageLatency(us), 504.126429
[READ], MinLatency(us), 147
[READ], MaxLatency(us), 8703
[READ], 95thPercentileLatency(ms), 1
[READ], 99thPercentileLatency(ms), 1
[READ], Return=0, 1000000
[READ], 0, 934538
[READ], 1, 65119
[READ], 2, 260
[READ], 3, 37
[READ], 4, 18
[READ], 5, 17
[READ], 6, 6
[READ], 7, 2
[READ], 8, 3
[READ], 9, 0
[READ], 10, 0
[READ], 11, 0
[READ], 12, 0
[READ], 13, 0
[READ], 14, 0
[READ], 15, 0
[READ], 16, 0
[READ], 17, 0
[READ], 18, 0
[READ], 19, 0
[READ], 20, 0
[READ], 21, 0
[READ], 22, 0
[READ], 23, 0
[READ], 24, 0
[READ], >25, 0
[COMMIT], Operations, 1000000
[COMMIT], AverageLatency(us), 905.309542
[COMMIT], MinLatency(us), 657
[COMMIT], MaxLatency(us), 502739
[COMMIT], 95thPercentileLatency(ms), 1
[COMMIT], 99thPercentileLatency(ms), 1
[COMMIT], Return=0, 1000000
[COMMIT], 0, 769313
[COMMIT], 1, 230026
[COMMIT], 2, 501
[COMMIT], 3, 88
[COMMIT], 4, 30
[COMMIT], 5, 20
[COMMIT], 6, 8
[COMMIT], 7, 6
[COMMIT], 8, 5
[COMMIT], 9, 1
[COMMIT], 10, 0
[COMMIT], 11, 1
[COMMIT], 12, 0
[COMMIT], 13, 0
[COMMIT], 14, 0
[COMMIT], 15, 0
[COMMIT], 16, 0
[COMMIT], 17, 0
[COMMIT], 18, 0
[COMMIT], 19, 0
[COMMIT], 20, 0
[COMMIT], 21, 0
[COMMIT], 22, 0
[COMMIT], 23, 0
[COMMIT], 24, 0
[COMMIT], >25, 1
[START], Operations, 1000000
[START], AverageLatency(us), 0.727748
[START], MinLatency(us), 0
[START], MaxLatency(us), 112
[START], 95thPercentileLatency(ms), 0
[START], 99thPercentileLatency(ms), 0
[START], Return=0, 1000000
[START], 0, 1000000
[START], 1, 0
[START], 2, 0
[START], 3, 0
[START], 4, 0
[START], 5, 0
[START], 6, 0
[START], 7, 0
[START], 8, 0
[START], 9, 0
[START], 10, 0
[START], 11, 0
[START], 12, 0
[START], 13, 0
[START], 14, 0
[START], 15, 0
[START], 16, 0
[START], 17, 0
[START], 18, 0
[START], 19, 0
[START], 20, 0
[START], 21, 0
[START], 22, 0
[START], 23, 0
[START], 24, 0
[START], >25, 0
