YCSB Client 0.1
Command line: -P workloads/workload100 -t -db com.yahoo.ycsb.db.TapirClient -p tapir.configpath=../store/tools/shard -p tapir.nshards=8 -p tapir.closestreplica=2 -p measurement.type=histogram -p histogram.buckets=25 -threads 1 -p operationcount=1000000
Loading workload...
Starting test.
Database validation succeeded
[OVERALL], RunTime(ms), 1293206.0
[OVERALL], Throughput(ops/sec), 773.2720077079754
[READ], Operations, 1000000
[READ], AverageLatency(us), 222.602262
[READ], MinLatency(us), 153
[READ], MaxLatency(us), 10058
[READ], 95thPercentileLatency(ms), 0
[READ], 99thPercentileLatency(ms), 0
[READ], Return=0, 1000000
[READ], 0, 999891
[READ], 1, 70
[READ], 2, 14
[READ], 3, 6
[READ], 4, 7
[READ], 5, 3
[READ], 6, 2
[READ], 7, 3
[READ], 8, 3
[READ], 9, 0
[READ], 10, 1
[READ], 11, 0
[READ], 12, 0
[READ], 13, 0
[READ], 14, 0
[READ], 15, 0
[READ], 16, 0
[READ], 17, 0
[READ], 18, 0
[READ], 19, 0
[READ], 20, 0
[READ], 21, 0
[READ], 22, 0
[READ], 23, 0
[READ], 24, 0
[READ], >25, 0
[COMMIT], Operations, 1000000
[COMMIT], AverageLatency(us), 1066.011324
[COMMIT], MinLatency(us), 1003
[COMMIT], MaxLatency(us), 503827
[COMMIT], 95thPercentileLatency(ms), 1
[COMMIT], 99thPercentileLatency(ms), 1
[COMMIT], Return=0, 1000000
[COMMIT], 0, 0
[COMMIT], 1, 999914
[COMMIT], 2, 40
[COMMIT], 3, 18
[COMMIT], 4, 8
[COMMIT], 5, 9
[COMMIT], 6, 5
[COMMIT], 7, 2
[COMMIT], 8, 1
[COMMIT], 9, 2
[COMMIT], 10, 0
[COMMIT], 11, 0
[COMMIT], 12, 0
[COMMIT], 13, 0
[COMMIT], 14, 0
[COMMIT], 15, 0
[COMMIT], 16, 0
[COMMIT], 17, 0
[COMMIT], 18, 0
[COMMIT], 19, 0
[COMMIT], 20, 0
[COMMIT], 21, 0
[COMMIT], 22, 0
[COMMIT], 23, 0
[COMMIT], 24, 0
[COMMIT], >25, 1
[START], Operations, 1000000
[START], AverageLatency(us), 1.019212
[START], MinLatency(us), 0
[START], MaxLatency(us), 8798
[START], 95thPercentileLatency(ms), 0
[START], 99thPercentileLatency(ms), 0
[START], Return=0, 1000000
[START], 0, 999999
[START], 1, 0
[START], 2, 0
[START], 3, 0
[START], 4, 0
[START], 5, 0
[START], 6, 0
[START], 7, 0
[START], 8, 1
[START], 9, 0
[START], 10, 0
[START], 11, 0
[START], 12, 0
[START], 13, 0
[START], 14, 0
[START], 15, 0
[START], 16, 0
[START], 17, 0
[START], 18, 0
[START], 19, 0
[START], 20, 0
[START], 21, 0
[START], 22, 0
[START], 23, 0
[START], 24, 0
[START], >25, 0
