YCSB Client 0.1
Command line: -P workloads/workload100 -t -db com.yahoo.ycsb.db.TapirClient -s -p tapir.configpath=../store/tools/shard -p tapir.nshards=8 -p tapir.closestreplica=2 -p measurement.type=histogram -p histogram.buckets=25 -threads 3 -p operationcount=150000
Loading workload...
Starting test.
 0 sec: 0 operations; 
 10 sec: 16476 operations; 1644.15 current ops/sec; [READ AverageLatency(us)=493.69] [COMMIT AverageLatency(us)=1313.15] [START AverageLatency(us)=1.01] 
 20 sec: 33210 operations; 1673.07 current ops/sec; [READ AverageLatency(us)=479.95] [COMMIT AverageLatency(us)=1306.53] [START AverageLatency(us)=0.96] 
 30 sec: 49892 operations; 1668.2 current ops/sec; [READ AverageLatency(us)=481.75] [COMMIT AverageLatency(us)=1310.01] [START AverageLatency(us)=0.96] 
 40 sec: 66595 operations; 1670.13 current ops/sec; [READ AverageLatency(us)=484.26] [COMMIT AverageLatency(us)=1305.44] [START AverageLatency(us)=0.96] 
 50 sec: 83235 operations; 1664 current ops/sec; [READ AverageLatency(us)=483.15] [COMMIT AverageLatency(us)=1314.73] [START AverageLatency(us)=0.96] 
 60 sec: 99898 operations; 1666.13 current ops/sec; [READ AverageLatency(us)=480.1] [COMMIT AverageLatency(us)=1315.26] [START AverageLatency(us)=0.96] 
 70 sec: 116440 operations; 1654.2 current ops/sec; [READ AverageLatency(us)=493.45] [COMMIT AverageLatency(us)=1315.3] [START AverageLatency(us)=0.95] 
 80 sec: 134746 operations; 1830.42 current ops/sec; [READ AverageLatency(us)=408.73] [COMMIT AverageLatency(us)=1224.87] [START AverageLatency(us)=0.97] 
 87 sec: 150000 operations; 2014.53 current ops/sec; [READ AverageLatency(us)=328.91] [COMMIT AverageLatency(us)=1142.7] [START AverageLatency(us)=0.95] 
Database validation succeeded
[OVERALL], RunTime(ms), 87598.0
[OVERALL], Throughput(ops/sec), 1712.3678622799607
[READ], Operations, 150000
[READ], AverageLatency(us), 459.9502733333333
[READ], MinLatency(us), 173
[READ], MaxLatency(us), 9904
[READ], 95thPercentileLatency(ms), 1
[READ], 99thPercentileLatency(ms), 1
[READ], Return=0, 150000
[READ], 0, 138393
[READ], 1, 10140
[READ], 2, 1171
[READ], 3, 215
[READ], 4, 64
[READ], 5, 9
[READ], 6, 7
[READ], 7, 0
[READ], 8, 0
[READ], 9, 1
[READ], 10, 0
[READ], 11, 0
[READ], 12, 0
[READ], 13, 0
[READ], 14, 0
[READ], 15, 0
[READ], 16, 0
[READ], 17, 0
[READ], 18, 0
[READ], 19, 0
[READ], 20, 0
[READ], 21, 0
[READ], 22, 0
[READ], 23, 0
[READ], 24, 0
[READ], >25, 0
[COMMIT], Operations, 150000
[COMMIT], AverageLatency(us), 1283.74436
[COMMIT], MinLatency(us), 1009
[COMMIT], MaxLatency(us), 13228
[COMMIT], 95thPercentileLatency(ms), 2
[COMMIT], 99thPercentileLatency(ms), 2
[COMMIT], Return=0, 150000
[COMMIT], 0, 0
[COMMIT], 1, 142365
[COMMIT], 2, 6423
[COMMIT], 3, 950
[COMMIT], 4, 208
[COMMIT], 5, 37
[COMMIT], 6, 7
[COMMIT], 7, 4
[COMMIT], 8, 5
[COMMIT], 9, 0
[COMMIT], 10, 0
[COMMIT], 11, 0
[COMMIT], 12, 0
[COMMIT], 13, 1
[COMMIT], 14, 0
[COMMIT], 15, 0
[COMMIT], 16, 0
[COMMIT], 17, 0
[COMMIT], 18, 0
[COMMIT], 19, 0
[COMMIT], 20, 0
[COMMIT], 21, 0
[COMMIT], 22, 0
[COMMIT], 23, 0
[COMMIT], 24, 0
[COMMIT], >25, 0
[START], Operations, 150000
[START], AverageLatency(us), 0.96378
[START], MinLatency(us), 0
[START], MaxLatency(us), 39
[START], 95thPercentileLatency(ms), 0
[START], 99thPercentileLatency(ms), 0
[START], Return=0, 150000
[START], 0, 150000
[START], 1, 0
[START], 2, 0
[START], 3, 0
[START], 4, 0
[START], 5, 0
[START], 6, 0
[START], 7, 0
[START], 8, 0
[START], 9, 0
[START], 10, 0
[START], 11, 0
[START], 12, 0
[START], 13, 0
[START], 14, 0
[START], 15, 0
[START], 16, 0
[START], 17, 0
[START], 18, 0
[START], 19, 0
[START], 20, 0
[START], 21, 0
[START], 22, 0
[START], 23, 0
[START], 24, 0
[START], >25, 0
