YCSB Client 0.1
Command line: -P workloads/workload100 -t -db com.yahoo.ycsb.db.TapirClient -p tapir.configpath=../store/tools/shard -p tapir.nshards=8 -p tapir.closestreplica=0 -p measurement.type=histogram -p histogram.buckets=25 -threads 5 -p operationcount=1000000
Loading workload...
Starting test.
Database validation succeeded
[OVERALL], RunTime(ms), 323246.0
[OVERALL], Throughput(ops/sec), 3093.6191012417785
[READ], Operations, 1000000
[READ], AverageLatency(us), 420.992664
[READ], MinLatency(us), 134
[READ], MaxLatency(us), 9099
[READ], 95thPercentileLatency(ms), 1
[READ], 99thPercentileLatency(ms), 1
[READ], Return=0, 1000000
[READ], 0, 942271
[READ], 1, 57385
[READ], 2, 157
[READ], 3, 52
[READ], 4, 65
[READ], 5, 28
[READ], 6, 18
[READ], 7, 15
[READ], 8, 8
[READ], 9, 1
[READ], 10, 0
[READ], 11, 0
[READ], 12, 0
[READ], 13, 0
[READ], 14, 0
[READ], 15, 0
[READ], 16, 0
[READ], 17, 0
[READ], 18, 0
[READ], 19, 0
[READ], 20, 0
[READ], 21, 0
[READ], 22, 0
[READ], 23, 0
[READ], 24, 0
[READ], >25, 0
[COMMIT], Operations, 1000000
[COMMIT], AverageLatency(us), 1184.914333
[COMMIT], MinLatency(us), 1000
[COMMIT], MaxLatency(us), 502855
[COMMIT], 95thPercentileLatency(ms), 1
[COMMIT], 99thPercentileLatency(ms), 1
[COMMIT], Return=0, 1000000
[COMMIT], 0, 0
[COMMIT], 1, 998650
[COMMIT], 2, 933
[COMMIT], 3, 94
[COMMIT], 4, 136
[COMMIT], 5, 84
[COMMIT], 6, 27
[COMMIT], 7, 42
[COMMIT], 8, 22
[COMMIT], 9, 8
[COMMIT], 10, 0
[COMMIT], 11, 0
[COMMIT], 12, 0
[COMMIT], 13, 0
[COMMIT], 14, 0
[COMMIT], 15, 0
[COMMIT], 16, 0
[COMMIT], 17, 0
[COMMIT], 18, 0
[COMMIT], 19, 0
[COMMIT], 20, 0
[COMMIT], 21, 0
[COMMIT], 22, 0
[COMMIT], 23, 0
[COMMIT], 24, 0
[COMMIT], >25, 4
[START], Operations, 1000000
[START], AverageLatency(us), 0.716687
[START], MinLatency(us), 0
[START], MaxLatency(us), 225
[START], 95thPercentileLatency(ms), 0
[START], 99thPercentileLatency(ms), 0
[START], Return=0, 1000000
[START], 0, 1000000
[START], 1, 0
[START], 2, 0
[START], 3, 0
[START], 4, 0
[START], 5, 0
[START], 6, 0
[START], 7, 0
[START], 8, 0
[START], 9, 0
[START], 10, 0
[START], 11, 0
[START], 12, 0
[START], 13, 0
[START], 14, 0
[START], 15, 0
[START], 16, 0
[START], 17, 0
[START], 18, 0
[START], 19, 0
[START], 20, 0
[START], 21, 0
[START], 22, 0
[START], 23, 0
[START], 24, 0
[START], >25, 0
