YCSB Client 0.1
Command line: -P workloads/workload100 -t -db com.yahoo.ycsb.db.TapirClient -s -p tapir.configpath=../store/tools/shard -p tapir.nshards=8 -p tapir.closestreplica=0 -p measurement.type=histogram -p histogram.buckets=25 -threads 5 -p operationcount=300000
Loading workload...
Starting test.
 0 sec: 0 operations; 
 10 sec: 28246 operations; 2819.24 current ops/sec; [READ AverageLatency(us)=494.9] [COMMIT AverageLatency(us)=1260.11] [START AverageLatency(us)=0.93] 
 20 sec: 57204 operations; 2894.64 current ops/sec; [READ AverageLatency(us)=472.01] [COMMIT AverageLatency(us)=1248.81] [START AverageLatency(us)=0.91] 
 30 sec: 86161 operations; 2895.7 current ops/sec; [READ AverageLatency(us)=475.3] [COMMIT AverageLatency(us)=1246.13] [START AverageLatency(us)=0.89] 
 40 sec: 115129 operations; 2896.51 current ops/sec; [READ AverageLatency(us)=475.07] [COMMIT AverageLatency(us)=1246.22] [START AverageLatency(us)=0.88] 
 50 sec: 144180 operations; 2904.81 current ops/sec; [READ AverageLatency(us)=472.55] [COMMIT AverageLatency(us)=1243.66] [START AverageLatency(us)=0.87] 
 60 sec: 173168 operations; 2898.51 current ops/sec; [READ AverageLatency(us)=473.41] [COMMIT AverageLatency(us)=1246.94] [START AverageLatency(us)=0.87] 
 70 sec: 202164 operations; 2899.6 current ops/sec; [READ AverageLatency(us)=476.37] [COMMIT AverageLatency(us)=1243.3] [START AverageLatency(us)=0.86] 
 80 sec: 231153 operations; 2898.32 current ops/sec; [READ AverageLatency(us)=475.78] [COMMIT AverageLatency(us)=1244.75] [START AverageLatency(us)=0.85] 
 90 sec: 260176 operations; 2902.3 current ops/sec; [READ AverageLatency(us)=477.03] [COMMIT AverageLatency(us)=1241.26] [START AverageLatency(us)=0.86] 
 100 sec: 290631 operations; 3045.2 current ops/sec; [READ AverageLatency(us)=442.59] [COMMIT AverageLatency(us)=1194.67] [START AverageLatency(us)=0.83] 
 103 sec: 300000 operations; 2895.24 current ops/sec; [READ AverageLatency(us)=436.33] [COMMIT AverageLatency(us)=1185.14] [START AverageLatency(us)=0.83] 
Database validation succeeded
[OVERALL], RunTime(ms), 103264.0
[OVERALL], Throughput(ops/sec), 2905.175085218469
[READ], Operations, 300000
[READ], AverageLatency(us), 472.13564
[READ], MinLatency(us), 155
[READ], MaxLatency(us), 7173
[READ], 95thPercentileLatency(ms), 1
[READ], 99thPercentileLatency(ms), 1
[READ], Return=0, 300000
[READ], 0, 272569
[READ], 1, 26972
[READ], 2, 216
[READ], 3, 112
[READ], 4, 102
[READ], 5, 22
[READ], 6, 4
[READ], 7, 3
[READ], 8, 0
[READ], 9, 0
[READ], 10, 0
[READ], 11, 0
[READ], 12, 0
[READ], 13, 0
[READ], 14, 0
[READ], 15, 0
[READ], 16, 0
[READ], 17, 0
[READ], 18, 0
[READ], 19, 0
[READ], 20, 0
[READ], 21, 0
[READ], 22, 0
[READ], 23, 0
[READ], 24, 0
[READ], >25, 0
[COMMIT], Operations, 300000
[COMMIT], AverageLatency(us), 1239.54676
[COMMIT], MinLatency(us), 1000
[COMMIT], MaxLatency(us), 10767
[COMMIT], 95thPercentileLatency(ms), 1
[COMMIT], 99thPercentileLatency(ms), 1
[COMMIT], Return=0, 300000
[COMMIT], 0, 0
[COMMIT], 1, 298195
[COMMIT], 2, 1493
[COMMIT], 3, 105
[COMMIT], 4, 125
[COMMIT], 5, 60
[COMMIT], 6, 9
[COMMIT], 7, 5
[COMMIT], 8, 3
[COMMIT], 9, 3
[COMMIT], 10, 2
[COMMIT], 11, 0
[COMMIT], 12, 0
[COMMIT], 13, 0
[COMMIT], 14, 0
[COMMIT], 15, 0
[COMMIT], 16, 0
[COMMIT], 17, 0
[COMMIT], 18, 0
[COMMIT], 19, 0
[COMMIT], 20, 0
[COMMIT], 21, 0
[COMMIT], 22, 0
[COMMIT], 23, 0
[COMMIT], 24, 0
[COMMIT], >25, 0
[START], Operations, 300000
[START], AverageLatency(us), 0.8737766666666666
[START], MinLatency(us), 0
[START], MaxLatency(us), 43
[START], 95thPercentileLatency(ms), 0
[START], 99thPercentileLatency(ms), 0
[START], Return=0, 300000
[START], 0, 300000
[START], 1, 0
[START], 2, 0
[START], 3, 0
[START], 4, 0
[START], 5, 0
[START], 6, 0
[START], 7, 0
[START], 8, 0
[START], 9, 0
[START], 10, 0
[START], 11, 0
[START], 12, 0
[START], 13, 0
[START], 14, 0
[START], 15, 0
[START], 16, 0
[START], 17, 0
[START], 18, 0
[START], 19, 0
[START], 20, 0
[START], 21, 0
[START], 22, 0
[START], 23, 0
[START], 24, 0
[START], >25, 0
