YCSB Client 0.1
Command line: -P workloads/workload100 -t -db com.yahoo.ycsb.db.TapirClient -s -p tapir.configpath=../store/tools/shard -p tapir.nshards=8 -p tapir.closestreplica=2 -p measurement.type=histogram -p histogram.buckets=25 -threads 3 -p operationcount=150000
Loading workload...
Starting test.
 0 sec: 0 operations; 
 10 sec: 16882 operations; 1683.82 current ops/sec; [READ AverageLatency(us)=471.92] [COMMIT AverageLatency(us)=1292.49] [START AverageLatency(us)=1.02] 
 20 sec: 33599 operations; 1671.2 current ops/sec; [READ AverageLatency(us)=481.01] [COMMIT AverageLatency(us)=1307.21] [START AverageLatency(us)=0.96] 
 30 sec: 50227 operations; 1662.8 current ops/sec; [READ AverageLatency(us)=483.26] [COMMIT AverageLatency(us)=1314.25] [START AverageLatency(us)=0.97] 
 40 sec: 66943 operations; 1671.43 current ops/sec; [READ AverageLatency(us)=479.38] [COMMIT AverageLatency(us)=1308.99] [START AverageLatency(us)=0.96] 
 50 sec: 83599 operations; 1665.43 current ops/sec; [READ AverageLatency(us)=480.12] [COMMIT AverageLatency(us)=1316.5] [START AverageLatency(us)=0.92] 
 60 sec: 100338 operations; 1673.9 current ops/sec; [READ AverageLatency(us)=476.12] [COMMIT AverageLatency(us)=1311.41] [START AverageLatency(us)=0.92] 
 70 sec: 116975 operations; 1663.53 current ops/sec; [READ AverageLatency(us)=487.49] [COMMIT AverageLatency(us)=1310.7] [START AverageLatency(us)=0.93] 
 80 sec: 135040 operations; 1806.5 current ops/sec; [READ AverageLatency(us)=422.39] [COMMIT AverageLatency(us)=1233.74] [START AverageLatency(us)=0.92] 
 87 sec: 150000 operations; 2008.59 current ops/sec; [READ AverageLatency(us)=330.11] [COMMIT AverageLatency(us)=1140.54] [START AverageLatency(us)=0.96] 
Database validation succeeded
[OVERALL], RunTime(ms), 87481.0
[OVERALL], Throughput(ops/sec), 1714.6580400315497
[READ], Operations, 150000
[READ], AverageLatency(us), 458.0208666666667
[READ], MinLatency(us), 168
[READ], MaxLatency(us), 7035
[READ], 95thPercentileLatency(ms), 1
[READ], 99thPercentileLatency(ms), 1
[READ], Return=0, 150000
[READ], 0, 138611
[READ], 1, 9928
[READ], 2, 1174
[READ], 3, 228
[READ], 4, 49
[READ], 5, 7
[READ], 6, 2
[READ], 7, 1
[READ], 8, 0
[READ], 9, 0
[READ], 10, 0
[READ], 11, 0
[READ], 12, 0
[READ], 13, 0
[READ], 14, 0
[READ], 15, 0
[READ], 16, 0
[READ], 17, 0
[READ], 18, 0
[READ], 19, 0
[READ], 20, 0
[READ], 21, 0
[READ], 22, 0
[READ], 23, 0
[READ], 24, 0
[READ], >25, 0
[COMMIT], Operations, 150000
[COMMIT], AverageLatency(us), 1282.9488866666666
[COMMIT], MinLatency(us), 1005
[COMMIT], MaxLatency(us), 8098
[COMMIT], 95thPercentileLatency(ms), 2
[COMMIT], 99thPercentileLatency(ms), 2
[COMMIT], Return=0, 150000
[COMMIT], 0, 0
[COMMIT], 1, 142421
[COMMIT], 2, 6310
[COMMIT], 3, 983
[COMMIT], 4, 227
[COMMIT], 5, 47
[COMMIT], 6, 7
[COMMIT], 7, 4
[COMMIT], 8, 1
[COMMIT], 9, 0
[COMMIT], 10, 0
[COMMIT], 11, 0
[COMMIT], 12, 0
[COMMIT], 13, 0
[COMMIT], 14, 0
[COMMIT], 15, 0
[COMMIT], 16, 0
[COMMIT], 17, 0
[COMMIT], 18, 0
[COMMIT], 19, 0
[COMMIT], 20, 0
[COMMIT], 21, 0
[COMMIT], 22, 0
[COMMIT], 23, 0
[COMMIT], 24, 0
[COMMIT], >25, 0
[START], Operations, 150000
[START], AverageLatency(us), 0.9499066666666667
[START], MinLatency(us), 0
[START], MaxLatency(us), 49
[START], 95thPercentileLatency(ms), 0
[START], 99thPercentileLatency(ms), 0
[START], Return=0, 150000
[START], 0, 150000
[START], 1, 0
[START], 2, 0
[START], 3, 0
[START], 4, 0
[START], 5, 0
[START], 6, 0
[START], 7, 0
[START], 8, 0
[START], 9, 0
[START], 10, 0
[START], 11, 0
[START], 12, 0
[START], 13, 0
[START], 14, 0
[START], 15, 0
[START], 16, 0
[START], 17, 0
[START], 18, 0
[START], 19, 0
[START], 20, 0
[START], 21, 0
[START], 22, 0
[START], 23, 0
[START], 24, 0
[START], >25, 0
