YCSB Client 0.1
Command line: -P workloads/workload100 -t -db com.yahoo.ycsb.db.TapirClient -s -p tapir.configpath=../store/tools/shard -p tapir.nshards=8 -p tapir.closestreplica=0 -p measurement.type=histogram -p histogram.buckets=25 -threads 3 -p operationcount=150000
Loading workload...
Starting test.
 0 sec: 0 operations; 
 10 sec: 16211 operations; 1617.7 current ops/sec; [READ AverageLatency(us)=480.01] [COMMIT AverageLatency(us)=1356.53] [START AverageLatency(us)=1.04] 
 20 sec: 32289 operations; 1607.32 current ops/sec; [READ AverageLatency(us)=491.81] [COMMIT AverageLatency(us)=1367.02] [START AverageLatency(us)=1.02] 
 30 sec: 48276 operations; 1598.7 current ops/sec; [READ AverageLatency(us)=500.69] [COMMIT AverageLatency(us)=1368.53] [START AverageLatency(us)=1.02] 
 40 sec: 64313 operations; 1603.54 current ops/sec; [READ AverageLatency(us)=490.49] [COMMIT AverageLatency(us)=1373.23] [START AverageLatency(us)=1.01] 
 50 sec: 80261 operations; 1594.8 current ops/sec; [READ AverageLatency(us)=502.98] [COMMIT AverageLatency(us)=1372.75] [START AverageLatency(us)=0.99] 
 60 sec: 96251 operations; 1598.84 current ops/sec; [READ AverageLatency(us)=508.58] [COMMIT AverageLatency(us)=1362.47] [START AverageLatency(us)=0.99] 
 70 sec: 112133 operations; 1588.2 current ops/sec; [READ AverageLatency(us)=506.47] [COMMIT AverageLatency(us)=1377.09] [START AverageLatency(us)=0.99] 
 80 sec: 129380 operations; 1724.53 current ops/sec; [READ AverageLatency(us)=444.97] [COMMIT AverageLatency(us)=1289.09] [START AverageLatency(us)=1] 
 90 sec: 149181 operations; 1979.9 current ops/sec; [READ AverageLatency(us)=353.04] [COMMIT AverageLatency(us)=1157.02] [START AverageLatency(us)=0.97] 
 90 sec: 150000 operations; 1702.7 current ops/sec; [READ AverageLatency(us)=334.38] [COMMIT AverageLatency(us)=1121.53] [START AverageLatency(us)=0.98] 
Database validation succeeded
[OVERALL], RunTime(ms), 90510.0
[OVERALL], Throughput(ops/sec), 1657.2754391779913
[READ], Operations, 150000
[READ], AverageLatency(us), 471.30707333333334
[READ], MinLatency(us), 151
[READ], MaxLatency(us), 15916
[READ], 95thPercentileLatency(ms), 1
[READ], 99thPercentileLatency(ms), 2
[READ], Return=0, 150000
[READ], 0, 134367
[READ], 1, 14088
[READ], 2, 1289
[READ], 3, 191
[READ], 4, 47
[READ], 5, 15
[READ], 6, 2
[READ], 7, 0
[READ], 8, 0
[READ], 9, 0
[READ], 10, 0
[READ], 11, 0
[READ], 12, 0
[READ], 13, 0
[READ], 14, 0
[READ], 15, 1
[READ], 16, 0
[READ], 17, 0
[READ], 18, 0
[READ], 19, 0
[READ], 20, 0
[READ], 21, 0
[READ], 22, 0
[READ], 23, 0
[READ], 24, 0
[READ], >25, 0
[COMMIT], Operations, 150000
[COMMIT], AverageLatency(us), 1329.88008
[COMMIT], MinLatency(us), 1023
[COMMIT], MaxLatency(us), 12893
[COMMIT], 95thPercentileLatency(ms), 2
[COMMIT], 99thPercentileLatency(ms), 3
[COMMIT], Return=0, 150000
[COMMIT], 0, 0
[COMMIT], 1, 140435
[COMMIT], 2, 7848
[COMMIT], 3, 1326
[COMMIT], 4, 304
[COMMIT], 5, 70
[COMMIT], 6, 8
[COMMIT], 7, 5
[COMMIT], 8, 2
[COMMIT], 9, 0
[COMMIT], 10, 1
[COMMIT], 11, 0
[COMMIT], 12, 1
[COMMIT], 13, 0
[COMMIT], 14, 0
[COMMIT], 15, 0
[COMMIT], 16, 0
[COMMIT], 17, 0
[COMMIT], 18, 0
[COMMIT], 19, 0
[COMMIT], 20, 0
[COMMIT], 21, 0
[COMMIT], 22, 0
[COMMIT], 23, 0
[COMMIT], 24, 0
[COMMIT], >25, 0
[START], Operations, 150000
[START], AverageLatency(us), 1.0021733333333334
[START], MinLatency(us), 0
[START], MaxLatency(us), 75
[START], 95thPercentileLatency(ms), 0
[START], 99thPercentileLatency(ms), 0
[START], Return=0, 150000
[START], 0, 150000
[START], 1, 0
[START], 2, 0
[START], 3, 0
[START], 4, 0
[START], 5, 0
[START], 6, 0
[START], 7, 0
[START], 8, 0
[START], 9, 0
[START], 10, 0
[START], 11, 0
[START], 12, 0
[START], 13, 0
[START], 14, 0
[START], 15, 0
[START], 16, 0
[START], 17, 0
[START], 18, 0
[START], 19, 0
[START], 20, 0
[START], 21, 0
[START], 22, 0
[START], 23, 0
[START], 24, 0
[START], >25, 0
