YCSB Client 0.1
Command line: -P workloads/workload100 -t -db com.yahoo.ycsb.db.TapirClient -p tapir.configpath=../store/tools/shard -p tapir.nshards=8 -p tapir.closestreplica=2 -p measurement.type=histogram -p histogram.buckets=25 -threads 5 -p operationcount=1000000
Loading workload...
Starting test.
Database validation succeeded
[OVERALL], RunTime(ms), 319484.0
[OVERALL], Throughput(ops/sec), 3130.0472011117927
[READ], Operations, 1000000
[READ], AverageLatency(us), 391.47439
[READ], MinLatency(us), 158
[READ], MaxLatency(us), 8146
[READ], 95thPercentileLatency(ms), 0
[READ], 99thPercentileLatency(ms), 1
[READ], Return=0, 999999
[READ], Return=1, 1
[READ], 0, 983349
[READ], 1, 16430
[READ], 2, 141
[READ], 3, 33
[READ], 4, 23
[READ], 5, 10
[READ], 6, 7
[READ], 7, 5
[READ], 8, 2
[READ], 9, 0
[READ], 10, 0
[READ], 11, 0
[READ], 12, 0
[READ], 13, 0
[READ], 14, 0
[READ], 15, 0
[READ], 16, 0
[READ], 17, 0
[READ], 18, 0
[READ], 19, 0
[READ], 20, 0
[READ], 21, 0
[READ], 22, 0
[READ], 23, 0
[READ], 24, 0
[READ], >25, 0
[ABORT], Operations, 1
[ABORT], AverageLatency(us), 84.0
[ABORT], MinLatency(us), 84
[ABORT], MaxLatency(us), 84
[ABORT], 95thPercentileLatency(ms), 0
[ABORT], 99thPercentileLatency(ms), 0
[ABORT], Return=0, 1
[ABORT], 0, 1
[ABORT], 1, 0
[ABORT], 2, 0
[ABORT], 3, 0
[ABORT], 4, 0
[ABORT], 5, 0
[ABORT], 6, 0
[ABORT], 7, 0
[ABORT], 8, 0
[ABORT], 9, 0
[ABORT], 10, 0
[ABORT], 11, 0
[ABORT], 12, 0
[ABORT], 13, 0
[ABORT], 14, 0
[ABORT], 15, 0
[ABORT], 16, 0
[ABORT], 17, 0
[ABORT], 18, 0
[ABORT], 19, 0
[ABORT], 20, 0
[ABORT], 21, 0
[ABORT], 22, 0
[ABORT], 23, 0
[ABORT], 24, 0
[ABORT], >25, 0
[COMMIT], Operations, 999999
[COMMIT], AverageLatency(us), 1196.030286030286
[COMMIT], MinLatency(us), 1008
[COMMIT], MaxLatency(us), 502130
[COMMIT], 95thPercentileLatency(ms), 1
[COMMIT], 99thPercentileLatency(ms), 1
[COMMIT], Return=0, 999999
[COMMIT], 0, 0
[COMMIT], 1, 998437
[COMMIT], 2, 1341
[COMMIT], 3, 111
[COMMIT], 4, 55
[COMMIT], 5, 20
[COMMIT], 6, 13
[COMMIT], 7, 10
[COMMIT], 8, 6
[COMMIT], 9, 3
[COMMIT], 10, 0
[COMMIT], 11, 0
[COMMIT], 12, 1
[COMMIT], 13, 0
[COMMIT], 14, 0
[COMMIT], 15, 1
[COMMIT], 16, 0
[COMMIT], 17, 0
[COMMIT], 18, 0
[COMMIT], 19, 0
[COMMIT], 20, 0
[COMMIT], 21, 0
[COMMIT], 22, 0
[COMMIT], 23, 0
[COMMIT], 24, 0
[COMMIT], >25, 1
[START], Operations, 1000000
[START], AverageLatency(us), 0.87526
[START], MinLatency(us), 0
[START], MaxLatency(us), 53
[START], 95thPercentileLatency(ms), 0
[START], 99thPercentileLatency(ms), 0
[START], Return=0, 1000000
[START], 0, 1000000
[START], 1, 0
[START], 2, 0
[START], 3, 0
[START], 4, 0
[START], 5, 0
[START], 6, 0
[START], 7, 0
[START], 8, 0
[START], 9, 0
[START], 10, 0
[START], 11, 0
[START], 12, 0
[START], 13, 0
[START], 14, 0
[START], 15, 0
[START], 16, 0
[START], 17, 0
[START], 18, 0
[START], 19, 0
[START], 20, 0
[START], 21, 0
[START], 22, 0
[START], 23, 0
[START], 24, 0
[START], >25, 0
