YCSB Client 0.1
Command line: -P workloads/workload100 -t -db com.yahoo.ycsb.db.TapirClient -s -p tapir.configpath=../store/tools/shard -p tapir.nshards=8 -p tapir.closestreplica=1 -p measurement.type=histogram -p histogram.buckets=25 -threads 3 -p operationcount=150000
Loading workload...
Starting test.
 0 sec: 0 operations; 
 10 sec: 19930 operations; 1987.83 current ops/sec; [READ AverageLatency(us)=511.34] [COMMIT AverageLatency(us)=983.27] [START AverageLatency(us)=0.95] 
 20 sec: 39571 operations; 1963.51 current ops/sec; [READ AverageLatency(us)=514.56] [COMMIT AverageLatency(us)=1006.71] [START AverageLatency(us)=0.9] 
 30 sec: 59219 operations; 1964.8 current ops/sec; [READ AverageLatency(us)=511.76] [COMMIT AverageLatency(us)=1008.84] [START AverageLatency(us)=0.88] 
 40 sec: 78756 operations; 1953.5 current ops/sec; [READ AverageLatency(us)=526.31] [COMMIT AverageLatency(us)=1004] [START AverageLatency(us)=0.86] 
 50 sec: 98230 operations; 1947.4 current ops/sec; [READ AverageLatency(us)=521.07] [COMMIT AverageLatency(us)=1014.52] [START AverageLatency(us)=0.87] 
 60 sec: 117725 operations; 1949.31 current ops/sec; [READ AverageLatency(us)=516.74] [COMMIT AverageLatency(us)=1017.23] [START AverageLatency(us)=0.89] 
 70 sec: 137292 operations; 1956.7 current ops/sec; [READ AverageLatency(us)=513.38] [COMMIT AverageLatency(us)=1015.11] [START AverageLatency(us)=0.9] 
 76 sec: 150000 operations; 1848.71 current ops/sec; [READ AverageLatency(us)=504.98] [COMMIT AverageLatency(us)=998.78] [START AverageLatency(us)=0.89] 
Database validation succeeded
[OVERALL], RunTime(ms), 76906.0
[OVERALL], Throughput(ops/sec), 1950.4329961251399
[READ], Operations, 150000
[READ], AverageLatency(us), 515.4594133333334
[READ], MinLatency(us), 174
[READ], MaxLatency(us), 9859
[READ], 95thPercentileLatency(ms), 1
[READ], 99thPercentileLatency(ms), 2
[READ], Return=0, 150000
[READ], 0, 134994
[READ], 1, 12826
[READ], 2, 1820
[READ], 3, 285
[READ], 4, 59
[READ], 5, 12
[READ], 6, 2
[READ], 7, 1
[READ], 8, 0
[READ], 9, 1
[READ], 10, 0
[READ], 11, 0
[READ], 12, 0
[READ], 13, 0
[READ], 14, 0
[READ], 15, 0
[READ], 16, 0
[READ], 17, 0
[READ], 18, 0
[READ], 19, 0
[READ], 20, 0
[READ], 21, 0
[READ], 22, 0
[READ], 23, 0
[READ], 24, 0
[READ], >25, 0
[COMMIT], Operations, 150000
[COMMIT], AverageLatency(us), 1006.3277133333333
[COMMIT], MinLatency(us), 658
[COMMIT], MaxLatency(us), 10106
[COMMIT], 95thPercentileLatency(ms), 1
[COMMIT], 99thPercentileLatency(ms), 2
[COMMIT], Return=0, 150000
[COMMIT], 0, 102849
[COMMIT], 1, 42033
[COMMIT], 2, 4228
[COMMIT], 3, 683
[COMMIT], 4, 166
[COMMIT], 5, 31
[COMMIT], 6, 5
[COMMIT], 7, 2
[COMMIT], 8, 1
[COMMIT], 9, 1
[COMMIT], 10, 1
[COMMIT], 11, 0
[COMMIT], 12, 0
[COMMIT], 13, 0
[COMMIT], 14, 0
[COMMIT], 15, 0
[COMMIT], 16, 0
[COMMIT], 17, 0
[COMMIT], 18, 0
[COMMIT], 19, 0
[COMMIT], 20, 0
[COMMIT], 21, 0
[COMMIT], 22, 0
[COMMIT], 23, 0
[COMMIT], 24, 0
[COMMIT], >25, 0
[START], Operations, 150000
[START], AverageLatency(us), 0.8917866666666666
[START], MinLatency(us), 0
[START], MaxLatency(us), 46
[START], 95thPercentileLatency(ms), 0
[START], 99thPercentileLatency(ms), 0
[START], Return=0, 150000
[START], 0, 150000
[START], 1, 0
[START], 2, 0
[START], 3, 0
[START], 4, 0
[START], 5, 0
[START], 6, 0
[START], 7, 0
[START], 8, 0
[START], 9, 0
[START], 10, 0
[START], 11, 0
[START], 12, 0
[START], 13, 0
[START], 14, 0
[START], 15, 0
[START], 16, 0
[START], 17, 0
[START], 18, 0
[START], 19, 0
[START], 20, 0
[START], 21, 0
[START], 22, 0
[START], 23, 0
[START], 24, 0
[START], >25, 0
