YCSB Client 0.1
Command line: -P workloads/workload100 -t -db com.yahoo.ycsb.db.TapirClient -s -p tapir.configpath=../store/tools/shard -p tapir.nshards=8 -p tapir.closestreplica=2 -p measurement.type=histogram -p histogram.buckets=25 -threads 5 -p operationcount=150000
Loading workload...
Starting test.
 0 sec: 0 operations; 
 10 sec: 20429 operations; 2037.2 current ops/sec; [READ AverageLatency(us)=781.47] [COMMIT AverageLatency(us)=1650.22] [START AverageLatency(us)=0.96] 
 20 sec: 40746 operations; 2031.29 current ops/sec; [READ AverageLatency(us)=833.21] [COMMIT AverageLatency(us)=1621.73] [START AverageLatency(us)=0.9] 
 30 sec: 61210 operations; 2046.2 current ops/sec; [READ AverageLatency(us)=817.2] [COMMIT AverageLatency(us)=1619.6] [START AverageLatency(us)=0.92] 
 40 sec: 81508 operations; 2029.8 current ops/sec; [READ AverageLatency(us)=824.11] [ABORT AverageLatency(us)=81] [COMMIT AverageLatency(us)=1633.31] [START AverageLatency(us)=0.91] 
 50 sec: 101566 operations; 2005.4 current ops/sec; [READ AverageLatency(us)=826.79]  [COMMIT AverageLatency(us)=1661.2] [START AverageLatency(us)=0.9] 
 60 sec: 122443 operations; 2087.7 current ops/sec; [READ AverageLatency(us)=732.94]  [COMMIT AverageLatency(us)=1656.97] [START AverageLatency(us)=0.91] 
 70 sec: 148461 operations; 2601.54 current ops/sec; [READ AverageLatency(us)=542.28]  [COMMIT AverageLatency(us)=1374.37] [START AverageLatency(us)=0.86] 
 70 sec: 150000 operations; 2454.55 current ops/sec; [READ AverageLatency(us)=330.57]  [COMMIT AverageLatency(us)=1132.14] [START AverageLatency(us)=0.89] 
Database validation succeeded
[OVERALL], RunTime(ms), 70661.0
[OVERALL], Throughput(ops/sec), 2122.8117349032705
[READ], Operations, 150000
[READ], AverageLatency(us), 752.3217333333333
[READ], MinLatency(us), 171
[READ], MaxLatency(us), 12016
[READ], 95thPercentileLatency(ms), 2
[READ], 99thPercentileLatency(ms), 4
[READ], Return=0, 149999
[READ], Return=1, 1
[READ], 0, 120448
[READ], 1, 17888
[READ], 2, 6318
[READ], 3, 2847
[READ], 4, 1367
[READ], 5, 666
[READ], 6, 289
[READ], 7, 113
[READ], 8, 46
[READ], 9, 14
[READ], 10, 2
[READ], 11, 1
[READ], 12, 1
[READ], 13, 0
[READ], 14, 0
[READ], 15, 0
[READ], 16, 0
[READ], 17, 0
[READ], 18, 0
[READ], 19, 0
[READ], 20, 0
[READ], 21, 0
[READ], 22, 0
[READ], 23, 0
[READ], 24, 0
[READ], >25, 0
[ABORT], Operations, 1
[ABORT], AverageLatency(us), 81.0
[ABORT], MinLatency(us), 81
[ABORT], MaxLatency(us), 81
[ABORT], 95thPercentileLatency(ms), 0
[ABORT], 99thPercentileLatency(ms), 0
[ABORT], Return=0, 1
[ABORT], 0, 1
[ABORT], 1, 0
[ABORT], 2, 0
[ABORT], 3, 0
[ABORT], 4, 0
[ABORT], 5, 0
[ABORT], 6, 0
[ABORT], 7, 0
[ABORT], 8, 0
[ABORT], 9, 0
[ABORT], 10, 0
[ABORT], 11, 0
[ABORT], 12, 0
[ABORT], 13, 0
[ABORT], 14, 0
[ABORT], 15, 0
[ABORT], 16, 0
[ABORT], 17, 0
[ABORT], 18, 0
[ABORT], 19, 0
[ABORT], 20, 0
[ABORT], 21, 0
[ABORT], 22, 0
[ABORT], 23, 0
[ABORT], 24, 0
[ABORT], >25, 0
[COMMIT], Operations, 149999
[COMMIT], AverageLatency(us), 1589.142720951473
[COMMIT], MinLatency(us), 1007
[COMMIT], MaxLatency(us), 507127
[COMMIT], 95thPercentileLatency(ms), 3
[COMMIT], 99thPercentileLatency(ms), 5
[COMMIT], Return=0, 149999
[COMMIT], 0, 0
[COMMIT], 1, 123856
[COMMIT], 2, 15662
[COMMIT], 3, 6298
[COMMIT], 4, 2616
[COMMIT], 5, 1045
[COMMIT], 6, 371
[COMMIT], 7, 105
[COMMIT], 8, 33
[COMMIT], 9, 11
[COMMIT], 10, 1
[COMMIT], 11, 0
[COMMIT], 12, 0
[COMMIT], 13, 0
[COMMIT], 14, 0
[COMMIT], 15, 0
[COMMIT], 16, 0
[COMMIT], 17, 0
[COMMIT], 18, 0
[COMMIT], 19, 0
[COMMIT], 20, 0
[COMMIT], 21, 0
[COMMIT], 22, 0
[COMMIT], 23, 0
[COMMIT], 24, 0
[COMMIT], >25, 1
[START], Operations, 150000
[START], AverageLatency(us), 0.9067733333333333
[START], MinLatency(us), 0
[START], MaxLatency(us), 218
[START], 95thPercentileLatency(ms), 0
[START], 99thPercentileLatency(ms), 0
[START], Return=0, 150000
[START], 0, 150000
[START], 1, 0
[START], 2, 0
[START], 3, 0
[START], 4, 0
[START], 5, 0
[START], 6, 0
[START], 7, 0
[START], 8, 0
[START], 9, 0
[START], 10, 0
[START], 11, 0
[START], 12, 0
[START], 13, 0
[START], 14, 0
[START], 15, 0
[START], 16, 0
[START], 17, 0
[START], 18, 0
[START], 19, 0
[START], 20, 0
[START], 21, 0
[START], 22, 0
[START], 23, 0
[START], 24, 0
[START], >25, 0
