YCSB Client 0.1
Command line: -P workloads/workload100 -t -db com.yahoo.ycsb.db.TapirClient -s -p tapir.configpath=../store/tools/shard -p tapir.nshards=8 -p tapir.closestreplica=1 -p measurement.type=histogram -p histogram.buckets=25 -threads 3 -p operationcount=150000
Loading workload...
Starting test.
 0 sec: 0 operations; 
 10 sec: 19662 operations; 1962.28 current ops/sec; [READ AverageLatency(us)=502.27] [COMMIT AverageLatency(us)=1010.57] [START AverageLatency(us)=0.97] 
 20 sec: 39649 operations; 1998.1 current ops/sec; [READ AverageLatency(us)=483.42] [COMMIT AverageLatency(us)=1011.38] [START AverageLatency(us)=0.94] 
 30 sec: 59197 operations; 1954.8 current ops/sec; [READ AverageLatency(us)=485.54] [COMMIT AverageLatency(us)=1042.41] [START AverageLatency(us)=0.95] 
 40 sec: 79051 operations; 1985.2 current ops/sec; [READ AverageLatency(us)=492.87] [COMMIT AverageLatency(us)=1012.92] [START AverageLatency(us)=0.93] 
 50 sec: 98983 operations; 1993.2 current ops/sec; [READ AverageLatency(us)=483.84] [COMMIT AverageLatency(us)=1016.46] [START AverageLatency(us)=0.93] 
 60 sec: 118636 operations; 1965.1 current ops/sec; [READ AverageLatency(us)=479.37] [COMMIT AverageLatency(us)=1042.2] [START AverageLatency(us)=0.93] 
 70 sec: 138473 operations; 1983.7 current ops/sec; [READ AverageLatency(us)=487.59] [COMMIT AverageLatency(us)=1020.09] [START AverageLatency(us)=0.89] 
 76 sec: 150000 operations; 1809.58 current ops/sec; [READ AverageLatency(us)=474.08] [COMMIT AverageLatency(us)=1001.9] [START AverageLatency(us)=0.93] 
Database validation succeeded
[OVERALL], RunTime(ms), 76396.0
[OVERALL], Throughput(ops/sec), 1963.4535839572752
[READ], Operations, 150000
[READ], AverageLatency(us), 486.7785733333333
[READ], MinLatency(us), 150
[READ], MaxLatency(us), 9936
[READ], 95thPercentileLatency(ms), 1
[READ], 99thPercentileLatency(ms), 2
[READ], Return=0, 150000
[READ], 0, 136175
[READ], 1, 11947
[READ], 2, 1529
[READ], 3, 277
[READ], 4, 60
[READ], 5, 6
[READ], 6, 2
[READ], 7, 1
[READ], 8, 0
[READ], 9, 3
[READ], 10, 0
[READ], 11, 0
[READ], 12, 0
[READ], 13, 0
[READ], 14, 0
[READ], 15, 0
[READ], 16, 0
[READ], 17, 0
[READ], 18, 0
[READ], 19, 0
[READ], 20, 0
[READ], 21, 0
[READ], 22, 0
[READ], 23, 0
[READ], 24, 0
[READ], >25, 0
[COMMIT], Operations, 150000
[COMMIT], AverageLatency(us), 1020.6591733333333
[COMMIT], MinLatency(us), 662
[COMMIT], MaxLatency(us), 503612
[COMMIT], 95thPercentileLatency(ms), 1
[COMMIT], 99thPercentileLatency(ms), 2
[COMMIT], Return=0, 150000
[COMMIT], 0, 102228
[COMMIT], 1, 42663
[COMMIT], 2, 4207
[COMMIT], 3, 697
[COMMIT], 4, 158
[COMMIT], 5, 33
[COMMIT], 6, 2
[COMMIT], 7, 1
[COMMIT], 8, 7
[COMMIT], 9, 1
[COMMIT], 10, 1
[COMMIT], 11, 0
[COMMIT], 12, 0
[COMMIT], 13, 0
[COMMIT], 14, 0
[COMMIT], 15, 0
[COMMIT], 16, 0
[COMMIT], 17, 0
[COMMIT], 18, 0
[COMMIT], 19, 0
[COMMIT], 20, 0
[COMMIT], 21, 0
[COMMIT], 22, 0
[COMMIT], 23, 0
[COMMIT], 24, 0
[COMMIT], >25, 2
[START], Operations, 150000
[START], AverageLatency(us), 0.9340666666666667
[START], MinLatency(us), 0
[START], MaxLatency(us), 54
[START], 95thPercentileLatency(ms), 0
[START], 99thPercentileLatency(ms), 0
[START], Return=0, 150000
[START], 0, 150000
[START], 1, 0
[START], 2, 0
[START], 3, 0
[START], 4, 0
[START], 5, 0
[START], 6, 0
[START], 7, 0
[START], 8, 0
[START], 9, 0
[START], 10, 0
[START], 11, 0
[START], 12, 0
[START], 13, 0
[START], 14, 0
[START], 15, 0
[START], 16, 0
[START], 17, 0
[START], 18, 0
[START], 19, 0
[START], 20, 0
[START], 21, 0
[START], 22, 0
[START], 23, 0
[START], 24, 0
[START], >25, 0
