YCSB Client 0.1
Command line: -P workloads/workload50 -t -db com.yahoo.ycsb.db.TapirClient -s -p tapir.configpath=../store/tools/shard -p tapir.nshards=8 -p tapir.closestreplica=0 -p measurement.type=histogram -p histogram.buckets=25 -threads 7 -p operationcount=300000
Loading workload...
Starting test.
 0 sec: 0 operations; 
 10 sec: 28578 operations; 2851.81 current ops/sec; [READ AverageLatency(us)=795.23] [COMMIT AverageLatency(us)=1629.03] [START AverageLatency(us)=0.93] [UPDATE AverageLatency(us)=807.86] 
 20 sec: 58346 operations; 2975.91 current ops/sec; [READ AverageLatency(us)=682.66] [COMMIT AverageLatency(us)=1651.1] [START AverageLatency(us)=0.85] [UPDATE AverageLatency(us)=704.33] 
 30 sec: 88462 operations; 3011.3 current ops/sec; [READ AverageLatency(us)=674.56] [COMMIT AverageLatency(us)=1637.26] [START AverageLatency(us)=0.8] [UPDATE AverageLatency(us)=687.13] 
 40 sec: 118722 operations; 3026 current ops/sec; [READ AverageLatency(us)=676.08] [COMMIT AverageLatency(us)=1624.85] [START AverageLatency(us)=0.78] [UPDATE AverageLatency(us)=690.94] 
 50 sec: 148663 operations; 2993.8 current ops/sec; [READ AverageLatency(us)=675.59] [COMMIT AverageLatency(us)=1652.53] [START AverageLatency(us)=0.8] [UPDATE AverageLatency(us)=683.1] 
 60 sec: 178754 operations; 3009.1 current ops/sec; [READ AverageLatency(us)=678.88] [COMMIT AverageLatency(us)=1634.64] [START AverageLatency(us)=0.8] [UPDATE AverageLatency(us)=693.81] 
 70 sec: 208926 operations; 3016.9 current ops/sec; [READ AverageLatency(us)=676.06] [COMMIT AverageLatency(us)=1632.91] [START AverageLatency(us)=0.79] [UPDATE AverageLatency(us)=688.32] 
 80 sec: 238905 operations; 2997.9 current ops/sec; [READ AverageLatency(us)=674.78] [COMMIT AverageLatency(us)=1646.31] [START AverageLatency(us)=0.79] [UPDATE AverageLatency(us)=691.86] 
 90 sec: 269125 operations; 3021.7 current ops/sec; [READ AverageLatency(us)=681] [COMMIT AverageLatency(us)=1623.31] [START AverageLatency(us)=0.78] [UPDATE AverageLatency(us)=694.89] 
 99 sec: 299999 operations; 3180.59 current ops/sec; [READ AverageLatency(us)=622.08] [COMMIT AverageLatency(us)=1434.55] [START AverageLatency(us)=0.72] [UPDATE AverageLatency(us)=636.48] 
Database validation succeeded
[OVERALL], RunTime(ms), 99735.0
[OVERALL], Throughput(ops/sec), 3007.961096906803
[READ], Operations, 150065
[READ], AverageLatency(us), 682.9329823743045
[READ], MinLatency(us), 153
[READ], MaxLatency(us), 10865
[READ], 95thPercentileLatency(ms), 1
[READ], 99thPercentileLatency(ms), 2
[READ], Return=0, 150065
[READ], 0, 118522
[READ], 1, 26930
[READ], 2, 3756
[READ], 3, 640
[READ], 4, 147
[READ], 5, 41
[READ], 6, 19
[READ], 7, 4
[READ], 8, 2
[READ], 9, 3
[READ], 10, 1
[READ], 11, 0
[READ], 12, 0
[READ], 13, 0
[READ], 14, 0
[READ], 15, 0
[READ], 16, 0
[READ], 17, 0
[READ], 18, 0
[READ], 19, 0
[READ], 20, 0
[READ], 21, 0
[READ], 22, 0
[READ], 23, 0
[READ], 24, 0
[READ], >25, 0
[COMMIT], Operations, 299999
[COMMIT], AverageLatency(us), 1616.0583201944007
[COMMIT], MinLatency(us), 1035
[COMMIT], MaxLatency(us), 504321
[COMMIT], 95thPercentileLatency(ms), 2
[COMMIT], 99thPercentileLatency(ms), 4
[COMMIT], Return=0, 299999
[COMMIT], 0, 0
[COMMIT], 1, 257859
[COMMIT], 2, 31946
[COMMIT], 3, 6171
[COMMIT], 4, 1594
[COMMIT], 5, 470
[COMMIT], 6, 189
[COMMIT], 7, 82
[COMMIT], 8, 221
[COMMIT], 9, 480
[COMMIT], 10, 302
[COMMIT], 11, 231
[COMMIT], 12, 148
[COMMIT], 13, 112
[COMMIT], 14, 78
[COMMIT], 15, 50
[COMMIT], 16, 32
[COMMIT], 17, 17
[COMMIT], 18, 6
[COMMIT], 19, 3
[COMMIT], 20, 4
[COMMIT], 21, 1
[COMMIT], 22, 0
[COMMIT], 23, 0
[COMMIT], 24, 0
[COMMIT], >25, 3
[START], Operations, 299999
[START], AverageLatency(us), 0.8035126783755946
[START], MinLatency(us), 0
[START], MaxLatency(us), 160
[START], 95thPercentileLatency(ms), 0
[START], 99thPercentileLatency(ms), 0
[START], Return=0, 299999
[START], 0, 299999
[START], 1, 0
[START], 2, 0
[START], 3, 0
[START], 4, 0
[START], 5, 0
[START], 6, 0
[START], 7, 0
[START], 8, 0
[START], 9, 0
[START], 10, 0
[START], 11, 0
[START], 12, 0
[START], 13, 0
[START], 14, 0
[START], 15, 0
[START], 16, 0
[START], 17, 0
[START], 18, 0
[START], 19, 0
[START], 20, 0
[START], 21, 0
[START], 22, 0
[START], 23, 0
[START], 24, 0
[START], >25, 0
[UPDATE], Operations, 149934
[UPDATE], AverageLatency(us), 697.1942387984046
[UPDATE], MinLatency(us), 164
[UPDATE], MaxLatency(us), 8226
[UPDATE], 95thPercentileLatency(ms), 1
[UPDATE], 99thPercentileLatency(ms), 2
[UPDATE], Return=0, 149934
[UPDATE], 0, 117602
[UPDATE], 1, 27463
[UPDATE], 2, 3969
[UPDATE], 3, 636
[UPDATE], 4, 191
[UPDATE], 5, 49
[UPDATE], 6, 16
[UPDATE], 7, 7
[UPDATE], 8, 1
[UPDATE], 9, 0
[UPDATE], 10, 0
[UPDATE], 11, 0
[UPDATE], 12, 0
[UPDATE], 13, 0
[UPDATE], 14, 0
[UPDATE], 15, 0
[UPDATE], 16, 0
[UPDATE], 17, 0
[UPDATE], 18, 0
[UPDATE], 19, 0
[UPDATE], 20, 0
[UPDATE], 21, 0
[UPDATE], 22, 0
[UPDATE], 23, 0
[UPDATE], 24, 0
[UPDATE], >25, 0
