YCSB Client 0.1
Command line: -P workloads/workload50 -t -db com.yahoo.ycsb.db.TapirClient -p tapir.configpath=../store/tools/shard -p tapir.nshards=8 -p tapir.closestreplica=0 -p measurement.type=histogram -p histogram.buckets=25 -threads 5 -p operationcount=300000
Loading workload...
Starting test.
Database validation succeeded
[OVERALL], RunTime(ms), 98543.0
[OVERALL], Throughput(ops/sec), 3044.3562708665254
[READ], Operations, 150130
[READ], AverageLatency(us), 410.8455938186905
[READ], MinLatency(us), 135
[READ], MaxLatency(us), 7774
[READ], 95thPercentileLatency(ms), 1
[READ], 99thPercentileLatency(ms), 1
[READ], Return=0, 150130
[READ], 0, 141830
[READ], 1, 8219
[READ], 2, 40
[READ], 3, 16
[READ], 4, 14
[READ], 5, 4
[READ], 6, 5
[READ], 7, 2
[READ], 8, 0
[READ], 9, 0
[READ], 10, 0
[READ], 11, 0
[READ], 12, 0
[READ], 13, 0
[READ], 14, 0
[READ], 15, 0
[READ], 16, 0
[READ], 17, 0
[READ], 18, 0
[READ], 19, 0
[READ], 20, 0
[READ], 21, 0
[READ], 22, 0
[READ], 23, 0
[READ], 24, 0
[READ], >25, 0
[COMMIT], Operations, 300000
[COMMIT], AverageLatency(us), 1218.4422
[COMMIT], MinLatency(us), 1012
[COMMIT], MaxLatency(us), 12070
[COMMIT], 95thPercentileLatency(ms), 1
[COMMIT], 99thPercentileLatency(ms), 1
[COMMIT], Return=0, 300000
[COMMIT], 0, 0
[COMMIT], 1, 297396
[COMMIT], 2, 1024
[COMMIT], 3, 442
[COMMIT], 4, 180
[COMMIT], 5, 67
[COMMIT], 6, 132
[COMMIT], 7, 130
[COMMIT], 8, 592
[COMMIT], 9, 32
[COMMIT], 10, 2
[COMMIT], 11, 2
[COMMIT], 12, 1
[COMMIT], 13, 0
[COMMIT], 14, 0
[COMMIT], 15, 0
[COMMIT], 16, 0
[COMMIT], 17, 0
[COMMIT], 18, 0
[COMMIT], 19, 0
[COMMIT], 20, 0
[COMMIT], 21, 0
[COMMIT], 22, 0
[COMMIT], 23, 0
[COMMIT], 24, 0
[COMMIT], >25, 0
[START], Operations, 300000
[START], AverageLatency(us), 0.6882866666666667
[START], MinLatency(us), 0
[START], MaxLatency(us), 39
[START], 95thPercentileLatency(ms), 0
[START], 99thPercentileLatency(ms), 0
[START], Return=0, 300000
[START], 0, 300000
[START], 1, 0
[START], 2, 0
[START], 3, 0
[START], 4, 0
[START], 5, 0
[START], 6, 0
[START], 7, 0
[START], 8, 0
[START], 9, 0
[START], 10, 0
[START], 11, 0
[START], 12, 0
[START], 13, 0
[START], 14, 0
[START], 15, 0
[START], 16, 0
[START], 17, 0
[START], 18, 0
[START], 19, 0
[START], 20, 0
[START], 21, 0
[START], 22, 0
[START], 23, 0
[START], 24, 0
[START], >25, 0
[UPDATE], Operations, 149870
[UPDATE], AverageLatency(us), 421.3041302462134
[UPDATE], MinLatency(us), 149
[UPDATE], MaxLatency(us), 8619
[UPDATE], 95thPercentileLatency(ms), 1
[UPDATE], 99thPercentileLatency(ms), 1
[UPDATE], Return=0, 149870
[UPDATE], 0, 141225
[UPDATE], 1, 8539
[UPDATE], 2, 46
[UPDATE], 3, 20
[UPDATE], 4, 19
[UPDATE], 5, 5
[UPDATE], 6, 10
[UPDATE], 7, 5
[UPDATE], 8, 1
[UPDATE], 9, 0
[UPDATE], 10, 0
[UPDATE], 11, 0
[UPDATE], 12, 0
[UPDATE], 13, 0
[UPDATE], 14, 0
[UPDATE], 15, 0
[UPDATE], 16, 0
[UPDATE], 17, 0
[UPDATE], 18, 0
[UPDATE], 19, 0
[UPDATE], 20, 0
[UPDATE], 21, 0
[UPDATE], 22, 0
[UPDATE], 23, 0
[UPDATE], 24, 0
[UPDATE], >25, 0
