YCSB Client 0.1
Command line: -P workloads/workload50 -t -db com.yahoo.ycsb.db.TapirClient -p tapir.configpath=../store/tools/shard -p tapir.nshards=8 -p tapir.closestreplica=1 -p measurement.type=histogram -p histogram.buckets=25 -threads 5 -p operationcount=300000
Loading workload...
Starting test.
Database validation succeeded
[OVERALL], RunTime(ms), 85685.0
[OVERALL], Throughput(ops/sec), 3501.196242049367
[READ], Operations, 150151
[READ], AverageLatency(us), 489.84518917622927
[READ], MinLatency(us), 140
[READ], MaxLatency(us), 8397
[READ], 95thPercentileLatency(ms), 1
[READ], 99thPercentileLatency(ms), 1
[READ], Return=0, 150151
[READ], 0, 141368
[READ], 1, 8663
[READ], 2, 86
[READ], 3, 18
[READ], 4, 4
[READ], 5, 5
[READ], 6, 3
[READ], 7, 3
[READ], 8, 1
[READ], 9, 0
[READ], 10, 0
[READ], 11, 0
[READ], 12, 0
[READ], 13, 0
[READ], 14, 0
[READ], 15, 0
[READ], 16, 0
[READ], 17, 0
[READ], 18, 0
[READ], 19, 0
[READ], 20, 0
[READ], 21, 0
[READ], 22, 0
[READ], 23, 0
[READ], 24, 0
[READ], >25, 0
[COMMIT], Operations, 300000
[COMMIT], AverageLatency(us), 923.70118
[COMMIT], MinLatency(us), 657
[COMMIT], MaxLatency(us), 502335
[COMMIT], 95thPercentileLatency(ms), 1
[COMMIT], 99thPercentileLatency(ms), 1
[COMMIT], Return=0, 300000
[COMMIT], 0, 229776
[COMMIT], 1, 68948
[COMMIT], 2, 401
[COMMIT], 3, 201
[COMMIT], 4, 127
[COMMIT], 5, 440
[COMMIT], 6, 70
[COMMIT], 7, 27
[COMMIT], 8, 8
[COMMIT], 9, 0
[COMMIT], 10, 0
[COMMIT], 11, 0
[COMMIT], 12, 1
[COMMIT], 13, 0
[COMMIT], 14, 0
[COMMIT], 15, 0
[COMMIT], 16, 0
[COMMIT], 17, 0
[COMMIT], 18, 0
[COMMIT], 19, 0
[COMMIT], 20, 0
[COMMIT], 21, 0
[COMMIT], 22, 0
[COMMIT], 23, 0
[COMMIT], 24, 0
[COMMIT], >25, 1
[START], Operations, 300000
[START], AverageLatency(us), 0.7659466666666667
[START], MinLatency(us), 0
[START], MaxLatency(us), 68
[START], 95thPercentileLatency(ms), 0
[START], 99thPercentileLatency(ms), 0
[START], Return=0, 300000
[START], 0, 300000
[START], 1, 0
[START], 2, 0
[START], 3, 0
[START], 4, 0
[START], 5, 0
[START], 6, 0
[START], 7, 0
[START], 8, 0
[START], 9, 0
[START], 10, 0
[START], 11, 0
[START], 12, 0
[START], 13, 0
[START], 14, 0
[START], 15, 0
[START], 16, 0
[START], 17, 0
[START], 18, 0
[START], 19, 0
[START], 20, 0
[START], 21, 0
[START], 22, 0
[START], 23, 0
[START], 24, 0
[START], >25, 0
[UPDATE], Operations, 149849
[UPDATE], AverageLatency(us), 500.94604568599055
[UPDATE], MinLatency(us), 161
[UPDATE], MaxLatency(us), 14499
[UPDATE], 95thPercentileLatency(ms), 1
[UPDATE], 99thPercentileLatency(ms), 1
[UPDATE], Return=0, 149849
[UPDATE], 0, 140667
[UPDATE], 1, 9053
[UPDATE], 2, 98
[UPDATE], 3, 13
[UPDATE], 4, 6
[UPDATE], 5, 3
[UPDATE], 6, 4
[UPDATE], 7, 2
[UPDATE], 8, 2
[UPDATE], 9, 0
[UPDATE], 10, 0
[UPDATE], 11, 0
[UPDATE], 12, 0
[UPDATE], 13, 0
[UPDATE], 14, 1
[UPDATE], 15, 0
[UPDATE], 16, 0
[UPDATE], 17, 0
[UPDATE], 18, 0
[UPDATE], 19, 0
[UPDATE], 20, 0
[UPDATE], 21, 0
[UPDATE], 22, 0
[UPDATE], 23, 0
[UPDATE], 24, 0
[UPDATE], >25, 0
