YCSB Client 0.1
Command line: -P workloads/workload50 -t -db com.yahoo.ycsb.db.TapirClient -p tapir.configpath=../store/tools/shard -p tapir.nshards=8 -p tapir.closestreplica=2 -p measurement.type=histogram -p histogram.buckets=25 -threads 5 -p operationcount=300000
Loading workload...
Starting test.
Database validation succeeded
[OVERALL], RunTime(ms), 100322.0
[OVERALL], Throughput(ops/sec), 2990.371005362732
[READ], Operations, 150319
[READ], AverageLatency(us), 415.9641894903505
[READ], MinLatency(us), 162
[READ], MaxLatency(us), 8875
[READ], 95thPercentileLatency(ms), 0
[READ], 99thPercentileLatency(ms), 1
[READ], Return=0, 150319
[READ], 0, 146445
[READ], 1, 3789
[READ], 2, 62
[READ], 3, 9
[READ], 4, 8
[READ], 5, 4
[READ], 6, 0
[READ], 7, 0
[READ], 8, 2
[READ], 9, 0
[READ], 10, 0
[READ], 11, 0
[READ], 12, 0
[READ], 13, 0
[READ], 14, 0
[READ], 15, 0
[READ], 16, 0
[READ], 17, 0
[READ], 18, 0
[READ], 19, 0
[READ], 20, 0
[READ], 21, 0
[READ], 22, 0
[READ], 23, 0
[READ], 24, 0
[READ], >25, 0
[COMMIT], Operations, 300000
[COMMIT], AverageLatency(us), 1240.9990333333333
[COMMIT], MinLatency(us), 1021
[COMMIT], MaxLatency(us), 10258
[COMMIT], 95thPercentileLatency(ms), 1
[COMMIT], 99thPercentileLatency(ms), 1
[COMMIT], Return=0, 300000
[COMMIT], 0, 0
[COMMIT], 1, 297770
[COMMIT], 2, 1183
[COMMIT], 3, 231
[COMMIT], 4, 133
[COMMIT], 5, 87
[COMMIT], 6, 258
[COMMIT], 7, 323
[COMMIT], 8, 11
[COMMIT], 9, 3
[COMMIT], 10, 1
[COMMIT], 11, 0
[COMMIT], 12, 0
[COMMIT], 13, 0
[COMMIT], 14, 0
[COMMIT], 15, 0
[COMMIT], 16, 0
[COMMIT], 17, 0
[COMMIT], 18, 0
[COMMIT], 19, 0
[COMMIT], 20, 0
[COMMIT], 21, 0
[COMMIT], 22, 0
[COMMIT], 23, 0
[COMMIT], 24, 0
[COMMIT], >25, 0
[START], Operations, 300000
[START], AverageLatency(us), 0.7923533333333334
[START], MinLatency(us), 0
[START], MaxLatency(us), 80
[START], 95thPercentileLatency(ms), 0
[START], 99thPercentileLatency(ms), 0
[START], Return=0, 300000
[START], 0, 300000
[START], 1, 0
[START], 2, 0
[START], 3, 0
[START], 4, 0
[START], 5, 0
[START], 6, 0
[START], 7, 0
[START], 8, 0
[START], 9, 0
[START], 10, 0
[START], 11, 0
[START], 12, 0
[START], 13, 0
[START], 14, 0
[START], 15, 0
[START], 16, 0
[START], 17, 0
[START], 18, 0
[START], 19, 0
[START], 20, 0
[START], 21, 0
[START], 22, 0
[START], 23, 0
[START], 24, 0
[START], >25, 0
[UPDATE], Operations, 149681
[UPDATE], AverageLatency(us), 425.81557445500766
[UPDATE], MinLatency(us), 174
[UPDATE], MaxLatency(us), 8523
[UPDATE], 95thPercentileLatency(ms), 0
[UPDATE], 99thPercentileLatency(ms), 1
[UPDATE], Return=0, 149681
[UPDATE], 0, 145563
[UPDATE], 1, 4029
[UPDATE], 2, 57
[UPDATE], 3, 15
[UPDATE], 4, 4
[UPDATE], 5, 3
[UPDATE], 6, 7
[UPDATE], 7, 2
[UPDATE], 8, 1
[UPDATE], 9, 0
[UPDATE], 10, 0
[UPDATE], 11, 0
[UPDATE], 12, 0
[UPDATE], 13, 0
[UPDATE], 14, 0
[UPDATE], 15, 0
[UPDATE], 16, 0
[UPDATE], 17, 0
[UPDATE], 18, 0
[UPDATE], 19, 0
[UPDATE], 20, 0
[UPDATE], 21, 0
[UPDATE], 22, 0
[UPDATE], 23, 0
[UPDATE], 24, 0
[UPDATE], >25, 0
