time="2018-05-01T23:57:27Z" level=info msg="[pd] create pd client with endpoints [172.31.10.55:2379]"
time="2018-05-01T23:57:27Z" level=info msg="[pd] leader switches to: http://172.31.29.240:2379, previous: "
time="2018-05-01T23:57:27Z" level=info msg="[pd] init cluster id 6550755695932324779"
UPDATE - Count: 4290, Avg(us): 1751, Min(us): 740, Max(us): 53523, 95th(us): 6000, 99th(us): 11000
READ - Count: 4269, Avg(us): 570, Min(us): 198, Max(us): 10999, 95th(us): 2000, 99th(us): 7000
UPDATE - Count: 8554, Avg(us): 1757, Min(us): 731, Max(us): 53523, 95th(us): 6000, 99th(us): 11000
READ - Count: 8527, Avg(us): 571, Min(us): 196, Max(us): 10999, 95th(us): 2000, 99th(us): 7000
UPDATE - Count: 12871, Avg(us): 1740, Min(us): 731, Max(us): 53523, 95th(us): 6000, 99th(us): 11000
READ - Count: 12810, Avg(us): 581, Min(us): 196, Max(us): 11161, 95th(us): 2000, 99th(us): 7000
READ - Count: 17114, Avg(us): 579, Min(us): 196, Max(us): 11199, 95th(us): 2000, 99th(us): 7000
UPDATE - Count: 17159, Avg(us): 1742, Min(us): 731, Max(us): 53523, 95th(us): 6000, 99th(us): 11000
UPDATE - Count: 21391, Avg(us): 1735, Min(us): 720, Max(us): 53523, 95th(us): 6000, 99th(us): 11000
READ - Count: 21581, Avg(us): 586, Min(us): 194, Max(us): 11738, 95th(us): 2000, 99th(us): 7000
UPDATE - Count: 25662, Avg(us): 1737, Min(us): 713, Max(us): 53523, 95th(us): 6000, 99th(us): 11000
READ - Count: 25897, Avg(us): 584, Min(us): 192, Max(us): 14196, 95th(us): 2000, 99th(us): 7000
UPDATE - Count: 30047, Avg(us): 1730, Min(us): 713, Max(us): 53523, 95th(us): 6000, 99th(us): 11000
READ - Count: 30316, Avg(us): 583, Min(us): 192, Max(us): 14196, 95th(us): 2000, 99th(us): 7000
UPDATE - Count: 34418, Avg(us): 1728, Min(us): 713, Max(us): 53523, 95th(us): 6000, 99th(us): 11000
READ - Count: 34582, Avg(us): 582, Min(us): 192, Max(us): 14196, 95th(us): 2000, 99th(us): 7000
UPDATE - Count: 38744, Avg(us): 1727, Min(us): 713, Max(us): 53523, 95th(us): 6000, 99th(us): 11000
READ - Count: 38968, Avg(us): 580, Min(us): 192, Max(us): 14196, 95th(us): 2000, 99th(us): 7000
UPDATE - Count: 42999, Avg(us): 1729, Min(us): 713, Max(us): 53523, 95th(us): 6000, 99th(us): 11000
READ - Count: 43193, Avg(us): 582, Min(us): 192, Max(us): 14196, 95th(us): 2000, 99th(us): 7000
UPDATE - Count: 47291, Avg(us): 1728, Min(us): 713, Max(us): 53523, 95th(us): 6000, 99th(us): 11000
READ - Count: 47403, Avg(us): 585, Min(us): 192, Max(us): 14196, 95th(us): 2000, 99th(us): 7000
UPDATE - Count: 51601, Avg(us): 1727, Min(us): 713, Max(us): 53523, 95th(us): 6000, 99th(us): 11000
READ - Count: 51604, Avg(us): 587, Min(us): 192, Max(us): 14196, 95th(us): 2000, 99th(us): 7000
UPDATE - Count: 55916, Avg(us): 1725, Min(us): 713, Max(us): 53523, 95th(us): 6000, 99th(us): 11000
READ - Count: 55943, Avg(us): 588, Min(us): 192, Max(us): 14196, 95th(us): 2000, 99th(us): 7000
UPDATE - Count: 60175, Avg(us): 1727, Min(us): 713, Max(us): 53523, 95th(us): 6000, 99th(us): 11000
READ - Count: 60213, Avg(us): 587, Min(us): 192, Max(us): 14196, 95th(us): 2000, 99th(us): 7000
UPDATE - Count: 64444, Avg(us): 1728, Min(us): 713, Max(us): 53523, 95th(us): 6000, 99th(us): 11000
READ - Count: 64503, Avg(us): 588, Min(us): 192, Max(us): 14196, 95th(us): 2000, 99th(us): 7000
UPDATE - Count: 68746, Avg(us): 1728, Min(us): 713, Max(us): 53523, 95th(us): 6000, 99th(us): 11000
READ - Count: 68788, Avg(us): 588, Min(us): 192, Max(us): 14196, 95th(us): 2000, 99th(us): 7000
UPDATE - Count: 73123, Avg(us): 1725, Min(us): 713, Max(us): 53523, 95th(us): 6000, 99th(us): 11000
READ - Count: 73147, Avg(us): 588, Min(us): 192, Max(us): 14196, 95th(us): 2000, 99th(us): 7000
UPDATE - Count: 77300, Avg(us): 1728, Min(us): 713, Max(us): 408507, 95th(us): 6000, 99th(us): 11000
READ - Count: 77204, Avg(us): 590, Min(us): 192, Max(us): 14196, 95th(us): 2000, 99th(us): 7000
UPDATE - Count: 81667, Avg(us): 1726, Min(us): 713, Max(us): 408507, 95th(us): 6000, 99th(us): 11000
READ - Count: 81500, Avg(us): 590, Min(us): 192, Max(us): 17835, 95th(us): 2000, 99th(us): 7000
UPDATE - Count: 86016, Avg(us): 1726, Min(us): 713, Max(us): 408507, 95th(us): 6000, 99th(us): 11000
READ - Count: 85693, Avg(us): 590, Min(us): 192, Max(us): 17835, 95th(us): 2000, 99th(us): 7000
UPDATE - Count: 90241, Avg(us): 1727, Min(us): 713, Max(us): 408507, 95th(us): 6000, 99th(us): 11000
READ - Count: 89940, Avg(us): 590, Min(us): 192, Max(us): 17835, 95th(us): 2000, 99th(us): 7000
UPDATE - Count: 94378, Avg(us): 1729, Min(us): 713, Max(us): 408507, 95th(us): 6000, 99th(us): 11000
READ - Count: 94068, Avg(us): 593, Min(us): 192, Max(us): 203536, 95th(us): 2000, 99th(us): 7000
UPDATE - Count: 97956, Avg(us): 1743, Min(us): 713, Max(us): 408507, 95th(us): 6000, 99th(us): 11000
READ - Count: 97509, Avg(us): 596, Min(us): 192, Max(us): 203536, 95th(us): 2000, 99th(us): 7000
UPDATE - Count: 101359, Avg(us): 1758, Min(us): 713, Max(us): 408507, 95th(us): 6000, 99th(us): 11000
READ - Count: 100908, Avg(us): 601, Min(us): 192, Max(us): 203536, 95th(us): 2000, 99th(us): 7000
UPDATE - Count: 104802, Avg(us): 1771, Min(us): 713, Max(us): 408507, 95th(us): 6000, 99th(us): 11000
READ - Count: 104314, Avg(us): 606, Min(us): 191, Max(us): 203536, 95th(us): 2000, 99th(us): 7000
UPDATE - Count: 108100, Avg(us): 1785, Min(us): 713, Max(us): 408507, 95th(us): 6000, 99th(us): 11000
READ - Count: 107691, Avg(us): 611, Min(us): 191, Max(us): 203536, 95th(us): 2000, 99th(us): 7000
UPDATE - Count: 111562, Avg(us): 1796, Min(us): 713, Max(us): 408507, 95th(us): 6000, 99th(us): 11000
READ - Count: 111152, Avg(us): 615, Min(us): 191, Max(us): 203536, 95th(us): 2000, 99th(us): 7000
UPDATE - Count: 115041, Avg(us): 1806, Min(us): 713, Max(us): 408507, 95th(us): 6000, 99th(us): 11000
READ - Count: 114535, Avg(us): 619, Min(us): 191, Max(us): 203536, 95th(us): 2000, 99th(us): 7000
UPDATE - Count: 119130, Avg(us): 1806, Min(us): 713, Max(us): 408507, 95th(us): 6000, 99th(us): 11000
READ - Count: 118612, Avg(us): 619, Min(us): 191, Max(us): 203536, 95th(us): 2000, 99th(us): 7000
UPDATE - Count: 123081, Avg(us): 1807, Min(us): 713, Max(us): 408507, 95th(us): 6000, 99th(us): 11000
READ - Count: 122677, Avg(us): 621, Min(us): 191, Max(us): 408013, 95th(us): 2000, 99th(us): 7000
UPDATE - Count: 127105, Avg(us): 1808, Min(us): 713, Max(us): 408507, 95th(us): 6000, 99th(us): 11000
READ - Count: 126798, Avg(us): 621, Min(us): 191, Max(us): 408013, 95th(us): 2000, 99th(us): 7000
READ - Count: 130968, Avg(us): 621, Min(us): 191, Max(us): 408013, 95th(us): 2000, 99th(us): 7000
UPDATE - Count: 131303, Avg(us): 1806, Min(us): 713, Max(us): 408507, 95th(us): 6000, 99th(us): 11000
UPDATE - Count: 135752, Avg(us): 1802, Min(us): 713, Max(us): 408507, 95th(us): 6000, 99th(us): 11000
READ - Count: 135349, Avg(us): 619, Min(us): 191, Max(us): 408013, 95th(us): 2000, 99th(us): 7000
UPDATE - Count: 140173, Avg(us): 1800, Min(us): 713, Max(us): 408507, 95th(us): 6000, 99th(us): 11000
READ - Count: 139755, Avg(us): 616, Min(us): 191, Max(us): 408013, 95th(us): 2000, 99th(us): 7000
UPDATE - Count: 144659, Avg(us): 1797, Min(us): 713, Max(us): 408507, 95th(us): 6000, 99th(us): 11000
READ - Count: 144170, Avg(us): 613, Min(us): 191, Max(us): 408013, 95th(us): 2000, 99th(us): 7000
READ - Count: 148602, Avg(us): 611, Min(us): 191, Max(us): 408013, 95th(us): 2000, 99th(us): 7000
UPDATE - Count: 149078, Avg(us): 1794, Min(us): 713, Max(us): 408507, 95th(us): 6000, 99th(us): 11000
Run finished, takes 6m2.530436059s
UPDATE - Count: 150224, Avg(us): 1793, Min(us): 713, Max(us): 408507, 95th(us): 6000, 99th(us): 11000
READ - Count: 149776, Avg(us): 610, Min(us): 191, Max(us): 408013, 95th(us): 2000, 99th(us): 7000
