time="2018-05-01T23:57:27Z" level=info msg="[pd] create pd client with endpoints [172.31.42.111:2379]"
time="2018-05-01T23:57:27Z" level=info msg="[pd] leader switches to: http://172.31.29.240:2379, previous: "
time="2018-05-01T23:57:27Z" level=info msg="[pd] init cluster id 6550755695932324779"
UPDATE - Count: 3516, Avg(us): 2086, Min(us): 1047, Max(us): 39510, 95th(us): 7000, 99th(us): 11000
READ - Count: 3623, Avg(us): 723, Min(us): 193, Max(us): 21169, 95th(us): 2000, 99th(us): 8000
UPDATE - Count: 6991, Avg(us): 2132, Min(us): 1046, Max(us): 39510, 95th(us): 7000, 99th(us): 11000
READ - Count: 7075, Avg(us): 708, Min(us): 189, Max(us): 21169, 95th(us): 2000, 99th(us): 8000
READ - Count: 10678, Avg(us): 696, Min(us): 189, Max(us): 21169, 95th(us): 2000, 99th(us): 8000
UPDATE - Count: 10580, Avg(us): 2122, Min(us): 1046, Max(us): 39510, 95th(us): 7000, 99th(us): 11000
UPDATE - Count: 14087, Avg(us): 2119, Min(us): 1046, Max(us): 39510, 95th(us): 7000, 99th(us): 11000
READ - Count: 14248, Avg(us): 701, Min(us): 188, Max(us): 21169, 95th(us): 2000, 99th(us): 8000
UPDATE - Count: 17677, Avg(us): 2109, Min(us): 1046, Max(us): 39510, 95th(us): 7000, 99th(us): 11000
READ - Count: 17766, Avg(us): 704, Min(us): 187, Max(us): 21169, 95th(us): 2000, 99th(us): 8000
UPDATE - Count: 21222, Avg(us): 2105, Min(us): 1046, Max(us): 39510, 95th(us): 7000, 99th(us): 11000
READ - Count: 21255, Avg(us): 710, Min(us): 187, Max(us): 21169, 95th(us): 2000, 99th(us): 8000
UPDATE - Count: 24783, Avg(us): 2101, Min(us): 1040, Max(us): 39510, 95th(us): 7000, 99th(us): 11000
READ - Count: 24827, Avg(us): 711, Min(us): 187, Max(us): 21169, 95th(us): 2000, 99th(us): 8000
UPDATE - Count: 28368, Avg(us): 2098, Min(us): 1040, Max(us): 39510, 95th(us): 7000, 99th(us): 11000
READ - Count: 28356, Avg(us): 711, Min(us): 187, Max(us): 21169, 95th(us): 2000, 99th(us): 8000
UPDATE - Count: 31900, Avg(us): 2098, Min(us): 1040, Max(us): 39510, 95th(us): 7000, 99th(us): 11000
READ - Count: 32001, Avg(us): 709, Min(us): 187, Max(us): 21169, 95th(us): 2000, 99th(us): 8000
READ - Count: 35412, Avg(us): 711, Min(us): 187, Max(us): 21169, 95th(us): 2000, 99th(us): 8000
UPDATE - Count: 35429, Avg(us): 2101, Min(us): 1040, Max(us): 39510, 95th(us): 7000, 99th(us): 11000
UPDATE - Count: 38931, Avg(us): 2105, Min(us): 1036, Max(us): 39510, 95th(us): 7000, 99th(us): 11000
READ - Count: 38862, Avg(us): 710, Min(us): 187, Max(us): 21169, 95th(us): 2000, 99th(us): 8000
UPDATE - Count: 42424, Avg(us): 2104, Min(us): 1036, Max(us): 39510, 95th(us): 7000, 99th(us): 11000
READ - Count: 42441, Avg(us): 713, Min(us): 187, Max(us): 21169, 95th(us): 2000, 99th(us): 8000
UPDATE - Count: 45952, Avg(us): 2102, Min(us): 1036, Max(us): 39510, 95th(us): 7000, 99th(us): 11000
READ - Count: 45954, Avg(us): 715, Min(us): 186, Max(us): 21169, 95th(us): 2000, 99th(us): 8000
UPDATE - Count: 49534, Avg(us): 2103, Min(us): 1036, Max(us): 39510, 95th(us): 7000, 99th(us): 11000
READ - Count: 49417, Avg(us): 713, Min(us): 186, Max(us): 21169, 95th(us): 2000, 99th(us): 8000
UPDATE - Count: 53039, Avg(us): 2106, Min(us): 1036, Max(us): 39510, 95th(us): 7000, 99th(us): 11000
READ - Count: 52894, Avg(us): 712, Min(us): 186, Max(us): 21169, 95th(us): 2000, 99th(us): 8000
UPDATE - Count: 56582, Avg(us): 2106, Min(us): 1036, Max(us): 39510, 95th(us): 7000, 99th(us): 11000
READ - Count: 56412, Avg(us): 712, Min(us): 186, Max(us): 21169, 95th(us): 2000, 99th(us): 8000
UPDATE - Count: 60157, Avg(us): 2103, Min(us): 1036, Max(us): 39510, 95th(us): 7000, 99th(us): 11000
READ - Count: 60018, Avg(us): 713, Min(us): 186, Max(us): 21169, 95th(us): 2000, 99th(us): 8000
UPDATE - Count: 63558, Avg(us): 2110, Min(us): 1036, Max(us): 407418, 95th(us): 7000, 99th(us): 11000
READ - Count: 63405, Avg(us): 712, Min(us): 185, Max(us): 21169, 95th(us): 2000, 99th(us): 8000
UPDATE - Count: 67095, Avg(us): 2109, Min(us): 1036, Max(us): 407418, 95th(us): 7000, 99th(us): 11000
READ - Count: 66882, Avg(us): 713, Min(us): 185, Max(us): 21169, 95th(us): 2000, 99th(us): 8000
UPDATE - Count: 70649, Avg(us): 2109, Min(us): 1036, Max(us): 407418, 95th(us): 7000, 99th(us): 11000
READ - Count: 70383, Avg(us): 713, Min(us): 185, Max(us): 21169, 95th(us): 2000, 99th(us): 8000
UPDATE - Count: 74219, Avg(us): 2109, Min(us): 1036, Max(us): 407418, 95th(us): 7000, 99th(us): 11000
READ - Count: 73931, Avg(us): 712, Min(us): 185, Max(us): 21169, 95th(us): 2000, 99th(us): 8000
UPDATE - Count: 77592, Avg(us): 2112, Min(us): 1036, Max(us): 407418, 95th(us): 7000, 99th(us): 11000
READ - Count: 77366, Avg(us): 714, Min(us): 185, Max(us): 21169, 95th(us): 2000, 99th(us): 8000
UPDATE - Count: 81286, Avg(us): 2111, Min(us): 1036, Max(us): 407418, 95th(us): 7000, 99th(us): 11000
READ - Count: 80981, Avg(us): 710, Min(us): 185, Max(us): 21169, 95th(us): 2000, 99th(us): 8000
UPDATE - Count: 85001, Avg(us): 2105, Min(us): 1036, Max(us): 407418, 95th(us): 7000, 99th(us): 11000
READ - Count: 84955, Avg(us): 707, Min(us): 185, Max(us): 21169, 95th(us): 2000, 99th(us): 8000
UPDATE - Count: 88823, Avg(us): 2100, Min(us): 1036, Max(us): 407418, 95th(us): 7000, 99th(us): 11000
READ - Count: 88880, Avg(us): 703, Min(us): 185, Max(us): 21169, 95th(us): 2000, 99th(us): 8000
UPDATE - Count: 92636, Avg(us): 2095, Min(us): 1036, Max(us): 407418, 95th(us): 7000, 99th(us): 11000
READ - Count: 92594, Avg(us): 700, Min(us): 185, Max(us): 21169, 95th(us): 2000, 99th(us): 8000
UPDATE - Count: 96460, Avg(us): 2091, Min(us): 1036, Max(us): 407418, 95th(us): 7000, 99th(us): 11000
READ - Count: 96382, Avg(us): 697, Min(us): 182, Max(us): 21169, 95th(us): 2000, 99th(us): 8000
UPDATE - Count: 100247, Avg(us): 2087, Min(us): 1036, Max(us): 407418, 95th(us): 7000, 99th(us): 11000
READ - Count: 100117, Avg(us): 695, Min(us): 182, Max(us): 21169, 95th(us): 2000, 99th(us): 8000
UPDATE - Count: 103946, Avg(us): 2085, Min(us): 1036, Max(us): 407418, 95th(us): 7000, 99th(us): 11000
READ - Count: 103773, Avg(us): 695, Min(us): 182, Max(us): 21169, 95th(us): 2000, 99th(us): 8000
UPDATE - Count: 107446, Avg(us): 2084, Min(us): 1036, Max(us): 407418, 95th(us): 7000, 99th(us): 11000
READ - Count: 107350, Avg(us): 698, Min(us): 182, Max(us): 405268, 95th(us): 2000, 99th(us): 8000
UPDATE - Count: 111133, Avg(us): 2083, Min(us): 1036, Max(us): 407418, 95th(us): 7000, 99th(us): 11000
READ - Count: 110902, Avg(us): 697, Min(us): 182, Max(us): 405268, 95th(us): 2000, 99th(us): 8000
UPDATE - Count: 114894, Avg(us): 2080, Min(us): 1036, Max(us): 407418, 95th(us): 7000, 99th(us): 11000
READ - Count: 114555, Avg(us): 695, Min(us): 182, Max(us): 405268, 95th(us): 2000, 99th(us): 8000
UPDATE - Count: 118803, Avg(us): 2076, Min(us): 1036, Max(us): 407418, 95th(us): 7000, 99th(us): 11000
READ - Count: 118398, Avg(us): 692, Min(us): 182, Max(us): 405268, 95th(us): 2000, 99th(us): 8000
READ - Count: 122362, Avg(us): 690, Min(us): 182, Max(us): 405268, 95th(us): 2000, 99th(us): 8000
UPDATE - Count: 122731, Avg(us): 2071, Min(us): 1036, Max(us): 407418, 95th(us): 7000, 99th(us): 11000
UPDATE - Count: 126651, Avg(us): 2066, Min(us): 1036, Max(us): 407418, 95th(us): 7000, 99th(us): 11000
READ - Count: 126371, Avg(us): 688, Min(us): 182, Max(us): 405268, 95th(us): 2000, 99th(us): 8000
UPDATE - Count: 130570, Avg(us): 2062, Min(us): 1035, Max(us): 407418, 95th(us): 7000, 99th(us): 11000
READ - Count: 130331, Avg(us): 685, Min(us): 182, Max(us): 405268, 95th(us): 2000, 99th(us): 8000
UPDATE - Count: 134752, Avg(us): 2054, Min(us): 1035, Max(us): 407418, 95th(us): 7000, 99th(us): 11000
READ - Count: 134369, Avg(us): 682, Min(us): 182, Max(us): 405268, 95th(us): 2000, 99th(us): 8000
UPDATE - Count: 138955, Avg(us): 2047, Min(us): 1035, Max(us): 407418, 95th(us): 7000, 99th(us): 11000
READ - Count: 138672, Avg(us): 678, Min(us): 182, Max(us): 405268, 95th(us): 2000, 99th(us): 8000
READ - Count: 142919, Avg(us): 674, Min(us): 182, Max(us): 405268, 95th(us): 2000, 99th(us): 8000
UPDATE - Count: 143114, Avg(us): 2041, Min(us): 1035, Max(us): 407418, 95th(us): 7000, 99th(us): 11000
UPDATE - Count: 147274, Avg(us): 2035, Min(us): 1035, Max(us): 407418, 95th(us): 7000, 99th(us): 11000
READ - Count: 147199, Avg(us): 670, Min(us): 182, Max(us): 405268, 95th(us): 2000, 99th(us): 8000
Run finished, takes 6m46.698435992s
READ - Count: 149865, Avg(us): 668, Min(us): 182, Max(us): 405268, 95th(us): 2000, 99th(us): 8000
UPDATE - Count: 150135, Avg(us): 2031, Min(us): 1035, Max(us): 407418, 95th(us): 7000, 99th(us): 11000
